2019-02-08 09:34:13 12900 [Note] Plugin 'FEDERATED' is disabled.
2019-02-08 09:34:13 12900 [Note] InnoDB: The InnoDB memory heap is disabled
2019-02-08 09:34:13 12900 [Note] InnoDB: Mutexes and rw_locks use Windows interlocked functions
2019-02-08 09:34:13 12900 [Note] InnoDB: Compressed tables use zlib 1.2.3
2019-02-08 09:34:13 12900 [Note] InnoDB: Not using CPU crc32 instructions
2019-02-08 09:34:13 12900 [Note] InnoDB: Initializing buffer pool, size = 128.0M
2019-02-08 09:34:13 12900 [Note] InnoDB: Completed initialization of buffer pool
2019-02-08 09:34:13 12900 [Note] InnoDB: Highest supported file format is Barracuda.
2019-02-08 09:34:13 12900 [Note] InnoDB: The log sequence numbers 1626134 and 1626134 in ibdata files do not match the log sequence number 2456945 in the ib_logfiles!
2019-02-08 09:34:13 12900 [Note] InnoDB: Database was not shutdown normally!
2019-02-08 09:34:13 12900 [Note] InnoDB: Starting crash recovery.
2019-02-08 09:34:13 12900 [Note] InnoDB: Reading tablespace information from the .ibd files...
2019-02-08 09:34:13 12900 [Note] InnoDB: Restoring possible half-written data pages 
2019-02-08 09:34:13 12900 [Note] InnoDB: from the doublewrite buffer...
2019-02-08 09:34:13 12900 [Note] InnoDB: 128 rollback segment(s) are active.
2019-02-08 09:34:13 12900 [Note] InnoDB: Waiting for purge to start
2019-02-08 09:34:13 12900 [Note] InnoDB: 5.6.13 started; log sequence number 2456945
2019-02-08 09:34:13 12900 [Note] Server hostname (bind-address): '*'; port: 3307
2019-02-08 09:34:13 12900 [Note] IPv6 is available.
2019-02-08 09:34:13 12900 [Note]   - '::' resolves to '::';
2019-02-08 09:34:13 12900 [Note] Server socket created on IP: '::'.
2019-02-08 09:34:14 12900 [Note] Event Scheduler: Loaded 0 events
2019-02-08 09:34:14 12900 [Note] C:\Users\marcin.kuciak\Documents\aaa_aukcje\aaa_aukcja_pozycje_domiary_kolory_/mysql/bin/mysqld_usbwv8.exe: ready for connections.
Version: '5.6.13'  socket: ''  port: 3307  MySQL Community Server (GPL)
2019-02-08 10:06:43 5228 [Note] Plugin 'FEDERATED' is disabled.
2019-02-08 10:06:43 5228 [Note] InnoDB: The InnoDB memory heap is disabled
2019-02-08 10:06:43 5228 [Note] InnoDB: Mutexes and rw_locks use Windows interlocked functions
2019-02-08 10:06:43 5228 [Note] InnoDB: Compressed tables use zlib 1.2.3
2019-02-08 10:06:43 5228 [Note] InnoDB: Not using CPU crc32 instructions
2019-02-08 10:06:44 5228 [Note] InnoDB: Initializing buffer pool, size = 128.0M
2019-02-08 10:06:44 5228 [Note] InnoDB: Completed initialization of buffer pool
2019-02-08 10:06:44 5228 [Note] InnoDB: Highest supported file format is Barracuda.
2019-02-08 10:06:44 5228 [Note] InnoDB: The log sequence numbers 1626134 and 1626134 in ibdata files do not match the log sequence number 2456955 in the ib_logfiles!
2019-02-08 10:06:44 5228 [Note] InnoDB: Database was not shutdown normally!
2019-02-08 10:06:44 5228 [Note] InnoDB: Starting crash recovery.
2019-02-08 10:06:44 5228 [Note] InnoDB: Reading tablespace information from the .ibd files...
2019-02-08 10:06:44 5228 [Note] InnoDB: Restoring possible half-written data pages 
2019-02-08 10:06:44 5228 [Note] InnoDB: from the doublewrite buffer...
2019-02-08 10:06:45 5228 [Note] InnoDB: 128 rollback segment(s) are active.
2019-02-08 10:06:45 5228 [Note] InnoDB: Waiting for purge to start
2019-02-08 10:06:45 5228 [Note] InnoDB: 5.6.13 started; log sequence number 2456955
2019-02-08 10:06:45 5228 [Note] Server hostname (bind-address): '*'; port: 3307
2019-02-08 10:06:45 5228 [Note] IPv6 is available.
2019-02-08 10:06:45 5228 [Note]   - '::' resolves to '::';
2019-02-08 10:06:45 5228 [Note] Server socket created on IP: '::'.
2019-02-08 10:06:47 5228 [Note] Event Scheduler: Loaded 0 events
2019-02-08 10:06:47 5228 [Note] U:\git\AukcjaDo\1\AukcjaDo1\000_rough/mysql/bin/mysqld_usbwv8.exe: ready for connections.
Version: '5.6.13'  socket: ''  port: 3307  MySQL Community Server (GPL)
2019-02-08 10:29:38 10148 [Note] Plugin 'FEDERATED' is disabled.
2019-02-08 10:29:38 10148 [Note] InnoDB: The InnoDB memory heap is disabled
2019-02-08 10:29:38 10148 [Note] InnoDB: Mutexes and rw_locks use Windows interlocked functions
2019-02-08 10:29:38 10148 [Note] InnoDB: Compressed tables use zlib 1.2.3
2019-02-08 10:29:38 10148 [Note] InnoDB: Not using CPU crc32 instructions
2019-02-08 10:29:38 10148 [Note] InnoDB: Initializing buffer pool, size = 128.0M
2019-02-08 10:29:38 10148 [Note] InnoDB: Completed initialization of buffer pool
2019-02-08 10:29:38 10148 [ERROR] InnoDB: U:\git\AukcjaDo\1\AukcjaDo1\000_rough\mysql\data\ibdata1 can't be opened in read-write mode
2019-02-08 10:29:38 10148 [ERROR] InnoDB: The system tablespace must be writable!
2019-02-08 10:29:38 10148 [ERROR] Plugin 'InnoDB' init function returned error.
2019-02-08 10:29:38 10148 [ERROR] Plugin 'InnoDB' registration as a STORAGE ENGINE failed.
2019-02-08 10:29:38 10148 [ERROR] Unknown/unsupported storage engine: InnoDB
2019-02-08 10:29:38 10148 [ERROR] Aborting

2019-02-08 10:29:38 10148 [Note] Binlog end
2019-02-08 10:29:38 10148 [Note] Shutting down plugin 'partition'
2019-02-08 10:29:38 10148 [Note] Shutting down plugin 'PERFORMANCE_SCHEMA'
2019-02-08 10:29:38 10148 [Note] Shutting down plugin 'INNODB_SYS_DATAFILES'
2019-02-08 10:29:38 10148 [Note] Shutting down plugin 'INNODB_SYS_TABLESPACES'
2019-02-08 10:29:38 10148 [Note] Shutting down plugin 'INNODB_SYS_FOREIGN_COLS'
2019-02-08 10:29:38 10148 [Note] Shutting down plugin 'INNODB_SYS_FOREIGN'
2019-02-08 10:29:38 10148 [Note] Shutting down plugin 'INNODB_SYS_FIELDS'
2019-02-08 10:29:38 10148 [Note] Shutting down plugin 'INNODB_SYS_COLUMNS'
2019-02-08 10:29:38 10148 [Note] Shutting down plugin 'INNODB_SYS_INDEXES'
2019-02-08 10:29:38 10148 [Note] Shutting down plugin 'INNODB_SYS_TABLESTATS'
2019-02-08 10:29:38 10148 [Note] Shutting down plugin 'INNODB_SYS_TABLES'
2019-02-08 10:29:38 10148 [Note] Shutting down plugin 'INNODB_FT_INDEX_TABLE'
2019-02-08 10:29:38 10148 [Note] Shutting down plugin 'INNODB_FT_INDEX_CACHE'
2019-02-08 10:29:38 10148 [Note] Shutting down plugin 'INNODB_FT_CONFIG'
2019-02-08 10:29:38 10148 [Note] Shutting down plugin 'INNODB_FT_BEING_DELETED'
2019-02-08 10:29:38 10148 [Note] Shutting down plugin 'INNODB_FT_DELETED'
2019-02-08 10:29:38 10148 [Note] Shutting down plugin 'INNODB_FT_DEFAULT_STOPWORD'
2019-02-08 10:29:38 10148 [Note] Shutting down plugin 'INNODB_METRICS'
2019-02-08 10:29:38 10148 [Note] Shutting down plugin 'INNODB_BUFFER_POOL_STATS'
2019-02-08 10:29:38 10148 [Note] Shutting down plugin 'INNODB_BUFFER_PAGE_LRU'
2019-02-08 10:29:38 10148 [Note] Shutting down plugin 'INNODB_BUFFER_PAGE'
2019-02-08 10:29:38 10148 [Note] Shutting down plugin 'INNODB_CMP_PER_INDEX_RESET'
2019-02-08 10:29:38 10148 [Note] Shutting down plugin 'INNODB_CMP_PER_INDEX'
2019-02-08 10:29:38 10148 [Note] Shutting down plugin 'INNODB_CMPMEM_RESET'
2019-02-08 10:29:38 10148 [Note] Shutting down plugin 'INNODB_CMPMEM'
2019-02-08 10:29:38 10148 [Note] Shutting down plugin 'INNODB_CMP_RESET'
2019-02-08 10:29:38 10148 [Note] Shutting down plugin 'INNODB_CMP'
2019-02-08 10:29:38 10148 [Note] Shutting down plugin 'INNODB_LOCK_WAITS'
2019-02-08 10:29:38 10148 [Note] Shutting down plugin 'INNODB_LOCKS'
2019-02-08 10:29:38 10148 [Note] Shutting down plugin 'INNODB_TRX'
2019-02-08 10:29:38 10148 [Note] Shutting down plugin 'BLACKHOLE'
2019-02-08 10:29:38 10148 [Note] Shutting down plugin 'ARCHIVE'
2019-02-08 10:29:38 10148 [Note] Shutting down plugin 'MRG_MYISAM'
2019-02-08 10:29:38 10148 [Note] Shutting down plugin 'MyISAM'
2019-02-08 10:29:38 10148 [Note] Shutting down plugin 'MEMORY'
2019-02-08 10:29:38 10148 [Note] Shutting down plugin 'CSV'
2019-02-08 10:29:38 10148 [Note] Shutting down plugin 'sha256_password'
2019-02-08 10:29:38 10148 [Note] Shutting down plugin 'mysql_old_password'
2019-02-08 10:29:38 10148 [Note] Shutting down plugin 'mysql_native_password'
2019-02-08 10:29:38 10148 [Note] Shutting down plugin 'binlog'
2019-02-08 10:29:38 10148 [Note] U:\git\AukcjaDo\1\AukcjaDo1\000_rough/mysql/bin/mysqld_usbwv8.exe: Shutdown complete

2019-02-08 10:32:06 10284 [Note] Plugin 'FEDERATED' is disabled.
2019-02-08 10:32:06 10284 [Note] InnoDB: The InnoDB memory heap is disabled
2019-02-08 10:32:06 10284 [Note] InnoDB: Mutexes and rw_locks use Windows interlocked functions
2019-02-08 10:32:06 10284 [Note] InnoDB: Compressed tables use zlib 1.2.3
2019-02-08 10:32:06 10284 [Note] InnoDB: Not using CPU crc32 instructions
2019-02-08 10:32:06 10284 [Note] InnoDB: Initializing buffer pool, size = 128.0M
2019-02-08 10:32:06 10284 [Note] InnoDB: Completed initialization of buffer pool
2019-02-08 10:32:06 10284 [Note] InnoDB: Highest supported file format is Barracuda.
2019-02-08 10:32:06 10284 [Note] InnoDB: The log sequence numbers 1626134 and 1626134 in ibdata files do not match the log sequence number 2456975 in the ib_logfiles!
2019-02-08 10:32:06 10284 [Note] InnoDB: Database was not shutdown normally!
2019-02-08 10:32:06 10284 [Note] InnoDB: Starting crash recovery.
2019-02-08 10:32:06 10284 [Note] InnoDB: Reading tablespace information from the .ibd files...
2019-02-08 10:32:06 10284 [Note] InnoDB: Restoring possible half-written data pages 
2019-02-08 10:32:06 10284 [Note] InnoDB: from the doublewrite buffer...
2019-02-08 10:32:07 10284 [Note] InnoDB: 128 rollback segment(s) are active.
2019-02-08 10:32:07 10284 [Note] InnoDB: Waiting for purge to start
2019-02-08 10:32:07 10284 [Note] InnoDB: 5.6.13 started; log sequence number 2456975
2019-02-08 10:32:07 10284 [Note] Server hostname (bind-address): '*'; port: 3307
2019-02-08 10:32:07 10284 [Note] IPv6 is available.
2019-02-08 10:32:08 10284 [Note]   - '::' resolves to '::';
2019-02-08 10:32:08 10284 [Note] Server socket created on IP: '::'.
2019-02-08 10:32:08 10284 [Note] Event Scheduler: Loaded 0 events
2019-02-08 10:32:08 10284 [Note] U:\git\AukcjaDo\1\AukcjaDo1\000_rough/mysql/bin/mysqld_usbwv8.exe: ready for connections.
Version: '5.6.13'  socket: ''  port: 3307  MySQL Community Server (GPL)
2019-02-08 10:32:54 3096 [Note] Plugin 'FEDERATED' is disabled.
2019-02-08 10:32:54 3096 [Note] InnoDB: The InnoDB memory heap is disabled
2019-02-08 10:32:54 3096 [Note] InnoDB: Mutexes and rw_locks use Windows interlocked functions
2019-02-08 10:32:54 3096 [Note] InnoDB: Compressed tables use zlib 1.2.3
2019-02-08 10:32:54 3096 [Note] InnoDB: Not using CPU crc32 instructions
2019-02-08 10:32:54 3096 [Note] InnoDB: Initializing buffer pool, size = 128.0M
2019-02-08 10:32:54 3096 [Note] InnoDB: Completed initialization of buffer pool
2019-02-08 10:32:54 3096 [ERROR] InnoDB: U:\git\AukcjaDo\1\AukcjaDo1\000_rough\mysql\data\ibdata1 can't be opened in read-write mode
2019-02-08 10:32:54 3096 [ERROR] InnoDB: The system tablespace must be writable!
2019-02-08 10:32:54 3096 [ERROR] Plugin 'InnoDB' init function returned error.
2019-02-08 10:32:54 3096 [ERROR] Plugin 'InnoDB' registration as a STORAGE ENGINE failed.
2019-02-08 10:32:54 3096 [ERROR] Unknown/unsupported storage engine: InnoDB
2019-02-08 10:32:54 3096 [ERROR] Aborting

2019-02-08 10:32:54 3096 [Note] Binlog end
2019-02-08 10:32:54 3096 [Note] Shutting down plugin 'partition'
2019-02-08 10:32:54 3096 [Note] Shutting down plugin 'PERFORMANCE_SCHEMA'
2019-02-08 10:32:54 3096 [Note] Shutting down plugin 'INNODB_SYS_DATAFILES'
2019-02-08 10:32:54 3096 [Note] Shutting down plugin 'INNODB_SYS_TABLESPACES'
2019-02-08 10:32:54 3096 [Note] Shutting down plugin 'INNODB_SYS_FOREIGN_COLS'
2019-02-08 10:32:54 3096 [Note] Shutting down plugin 'INNODB_SYS_FOREIGN'
2019-02-08 10:32:54 3096 [Note] Shutting down plugin 'INNODB_SYS_FIELDS'
2019-02-08 10:32:54 3096 [Note] Shutting down plugin 'INNODB_SYS_COLUMNS'
2019-02-08 10:32:54 3096 [Note] Shutting down plugin 'INNODB_SYS_INDEXES'
2019-02-08 10:32:54 3096 [Note] Shutting down plugin 'INNODB_SYS_TABLESTATS'
2019-02-08 10:32:54 3096 [Note] Shutting down plugin 'INNODB_SYS_TABLES'
2019-02-08 10:32:54 3096 [Note] Shutting down plugin 'INNODB_FT_INDEX_TABLE'
2019-02-08 10:32:54 3096 [Note] Shutting down plugin 'INNODB_FT_INDEX_CACHE'
2019-02-08 10:32:54 3096 [Note] Shutting down plugin 'INNODB_FT_CONFIG'
2019-02-08 10:32:54 3096 [Note] Shutting down plugin 'INNODB_FT_BEING_DELETED'
2019-02-08 10:32:54 3096 [Note] Shutting down plugin 'INNODB_FT_DELETED'
2019-02-08 10:32:54 3096 [Note] Shutting down plugin 'INNODB_FT_DEFAULT_STOPWORD'
2019-02-08 10:32:54 3096 [Note] Shutting down plugin 'INNODB_METRICS'
2019-02-08 10:32:54 3096 [Note] Shutting down plugin 'INNODB_BUFFER_POOL_STATS'
2019-02-08 10:32:54 3096 [Note] Shutting down plugin 'INNODB_BUFFER_PAGE_LRU'
2019-02-08 10:32:54 3096 [Note] Shutting down plugin 'INNODB_BUFFER_PAGE'
2019-02-08 10:32:54 3096 [Note] Shutting down plugin 'INNODB_CMP_PER_INDEX_RESET'
2019-02-08 10:32:54 3096 [Note] Shutting down plugin 'INNODB_CMP_PER_INDEX'
2019-02-08 10:32:54 3096 [Note] Shutting down plugin 'INNODB_CMPMEM_RESET'
2019-02-08 10:32:54 3096 [Note] Shutting down plugin 'INNODB_CMPMEM'
2019-02-08 10:32:54 3096 [Note] Shutting down plugin 'INNODB_CMP_RESET'
2019-02-08 10:32:54 3096 [Note] Shutting down plugin 'INNODB_CMP'
2019-02-08 10:32:54 3096 [Note] Shutting down plugin 'INNODB_LOCK_WAITS'
2019-02-08 10:32:54 3096 [Note] Shutting down plugin 'INNODB_LOCKS'
2019-02-08 10:32:54 3096 [Note] Shutting down plugin 'INNODB_TRX'
2019-02-08 10:32:54 3096 [Note] Shutting down plugin 'BLACKHOLE'
2019-02-08 10:32:54 3096 [Note] Shutting down plugin 'ARCHIVE'
2019-02-08 10:32:54 3096 [Note] Shutting down plugin 'MRG_MYISAM'
2019-02-08 10:32:54 3096 [Note] Shutting down plugin 'MyISAM'
2019-02-08 10:32:54 3096 [Note] Shutting down plugin 'MEMORY'
2019-02-08 10:32:54 3096 [Note] Shutting down plugin 'CSV'
2019-02-08 10:32:54 3096 [Note] Shutting down plugin 'sha256_password'
2019-02-08 10:32:54 3096 [Note] Shutting down plugin 'mysql_old_password'
2019-02-08 10:32:54 3096 [Note] Shutting down plugin 'mysql_native_password'
2019-02-08 10:32:54 3096 [Note] Shutting down plugin 'binlog'
2019-02-08 10:32:54 3096 [Note] U:\git\AukcjaDo\1\AukcjaDo1\000_rough/mysql/bin/mysqld_usbwv8.exe: Shutdown complete

2019-02-08 10:33:52 6516 [Note] Plugin 'FEDERATED' is disabled.
2019-02-08 10:33:52 6516 [Note] InnoDB: The InnoDB memory heap is disabled
2019-02-08 10:33:52 6516 [Note] InnoDB: Mutexes and rw_locks use Windows interlocked functions
2019-02-08 10:33:52 6516 [Note] InnoDB: Compressed tables use zlib 1.2.3
2019-02-08 10:33:52 6516 [Note] InnoDB: Not using CPU crc32 instructions
2019-02-08 10:33:52 6516 [Note] InnoDB: Initializing buffer pool, size = 128.0M
2019-02-08 10:33:52 6516 [Note] InnoDB: Completed initialization of buffer pool
2019-02-08 10:33:52 6516 [ERROR] InnoDB: U:\git\AukcjaDo\1\AukcjaDo1\000_rough\mysql\data\ibdata1 can't be opened in read-write mode
2019-02-08 10:33:52 6516 [ERROR] InnoDB: The system tablespace must be writable!
2019-02-08 10:33:52 6516 [ERROR] Plugin 'InnoDB' init function returned error.
2019-02-08 10:33:52 6516 [ERROR] Plugin 'InnoDB' registration as a STORAGE ENGINE failed.
2019-02-08 10:33:52 6516 [ERROR] Unknown/unsupported storage engine: InnoDB
2019-02-08 10:33:52 6516 [ERROR] Aborting

2019-02-08 10:33:52 6516 [Note] Binlog end
2019-02-08 10:33:52 6516 [Note] Shutting down plugin 'partition'
2019-02-08 10:33:52 6516 [Note] Shutting down plugin 'PERFORMANCE_SCHEMA'
2019-02-08 10:33:52 6516 [Note] Shutting down plugin 'INNODB_SYS_DATAFILES'
2019-02-08 10:33:52 6516 [Note] Shutting down plugin 'INNODB_SYS_TABLESPACES'
2019-02-08 10:33:52 6516 [Note] Shutting down plugin 'INNODB_SYS_FOREIGN_COLS'
2019-02-08 10:33:52 6516 [Note] Shutting down plugin 'INNODB_SYS_FOREIGN'
2019-02-08 10:33:52 6516 [Note] Shutting down plugin 'INNODB_SYS_FIELDS'
2019-02-08 10:33:52 6516 [Note] Shutting down plugin 'INNODB_SYS_COLUMNS'
2019-02-08 10:33:52 6516 [Note] Shutting down plugin 'INNODB_SYS_INDEXES'
2019-02-08 10:33:52 6516 [Note] Shutting down plugin 'INNODB_SYS_TABLESTATS'
2019-02-08 10:33:52 6516 [Note] Shutting down plugin 'INNODB_SYS_TABLES'
2019-02-08 10:33:52 6516 [Note] Shutting down plugin 'INNODB_FT_INDEX_TABLE'
2019-02-08 10:33:52 6516 [Note] Shutting down plugin 'INNODB_FT_INDEX_CACHE'
2019-02-08 10:33:52 6516 [Note] Shutting down plugin 'INNODB_FT_CONFIG'
2019-02-08 10:33:52 6516 [Note] Shutting down plugin 'INNODB_FT_BEING_DELETED'
2019-02-08 10:33:52 6516 [Note] Shutting down plugin 'INNODB_FT_DELETED'
2019-02-08 10:33:52 6516 [Note] Shutting down plugin 'INNODB_FT_DEFAULT_STOPWORD'
2019-02-08 10:33:52 6516 [Note] Shutting down plugin 'INNODB_METRICS'
2019-02-08 10:33:52 6516 [Note] Shutting down plugin 'INNODB_BUFFER_POOL_STATS'
2019-02-08 10:33:52 6516 [Note] Shutting down plugin 'INNODB_BUFFER_PAGE_LRU'
2019-02-08 10:33:52 6516 [Note] Shutting down plugin 'INNODB_BUFFER_PAGE'
2019-02-08 10:33:52 6516 [Note] Shutting down plugin 'INNODB_CMP_PER_INDEX_RESET'
2019-02-08 10:33:52 6516 [Note] Shutting down plugin 'INNODB_CMP_PER_INDEX'
2019-02-08 10:33:52 6516 [Note] Shutting down plugin 'INNODB_CMPMEM_RESET'
2019-02-08 10:33:52 6516 [Note] Shutting down plugin 'INNODB_CMPMEM'
2019-02-08 10:33:52 6516 [Note] Shutting down plugin 'INNODB_CMP_RESET'
2019-02-08 10:33:52 6516 [Note] Shutting down plugin 'INNODB_CMP'
2019-02-08 10:33:52 6516 [Note] Shutting down plugin 'INNODB_LOCK_WAITS'
2019-02-08 10:33:52 6516 [Note] Shutting down plugin 'INNODB_LOCKS'
2019-02-08 10:33:52 6516 [Note] Shutting down plugin 'INNODB_TRX'
2019-02-08 10:33:52 6516 [Note] Shutting down plugin 'BLACKHOLE'
2019-02-08 10:33:52 6516 [Note] Shutting down plugin 'ARCHIVE'
2019-02-08 10:33:52 6516 [Note] Shutting down plugin 'MRG_MYISAM'
2019-02-08 10:33:52 6516 [Note] Shutting down plugin 'MyISAM'
2019-02-08 10:33:52 6516 [Note] Shutting down plugin 'MEMORY'
2019-02-08 10:33:52 6516 [Note] Shutting down plugin 'CSV'
2019-02-08 10:33:52 6516 [Note] Shutting down plugin 'sha256_password'
2019-02-08 10:33:52 6516 [Note] Shutting down plugin 'mysql_old_password'
2019-02-08 10:33:52 6516 [Note] Shutting down plugin 'mysql_native_password'
2019-02-08 10:33:52 6516 [Note] Shutting down plugin 'binlog'
2019-02-08 10:33:52 6516 [Note] U:\git\AukcjaDo\1\AukcjaDo1\000_rough/mysql/bin/mysqld_usbwv8.exe: Shutdown complete

2019-02-08 10:35:44 6940 [Note] Plugin 'FEDERATED' is disabled.
2019-02-08 10:35:44 6940 [Note] InnoDB: The InnoDB memory heap is disabled
2019-02-08 10:35:44 6940 [Note] InnoDB: Mutexes and rw_locks use Windows interlocked functions
2019-02-08 10:35:44 6940 [Note] InnoDB: Compressed tables use zlib 1.2.3
2019-02-08 10:35:44 6940 [Note] InnoDB: Not using CPU crc32 instructions
2019-02-08 10:35:44 6940 [Note] InnoDB: Initializing buffer pool, size = 128.0M
2019-02-08 10:35:44 6940 [Note] InnoDB: Completed initialization of buffer pool
2019-02-08 10:35:44 6940 [ERROR] InnoDB: U:\git\AukcjaDo\1\AukcjaDo1\000_rough\mysql\data\ibdata1 can't be opened in read-write mode
2019-02-08 10:35:44 6940 [ERROR] InnoDB: The system tablespace must be writable!
2019-02-08 10:35:44 6940 [ERROR] Plugin 'InnoDB' init function returned error.
2019-02-08 10:35:44 6940 [ERROR] Plugin 'InnoDB' registration as a STORAGE ENGINE failed.
2019-02-08 10:35:44 6940 [ERROR] Unknown/unsupported storage engine: InnoDB
2019-02-08 10:35:44 6940 [ERROR] Aborting

2019-02-08 10:35:44 6940 [Note] Binlog end
2019-02-08 10:35:44 6940 [Note] Shutting down plugin 'partition'
2019-02-08 10:35:44 6940 [Note] Shutting down plugin 'PERFORMANCE_SCHEMA'
2019-02-08 10:35:44 6940 [Note] Shutting down plugin 'INNODB_SYS_DATAFILES'
2019-02-08 10:35:44 6940 [Note] Shutting down plugin 'INNODB_SYS_TABLESPACES'
2019-02-08 10:35:44 6940 [Note] Shutting down plugin 'INNODB_SYS_FOREIGN_COLS'
2019-02-08 10:35:44 6940 [Note] Shutting down plugin 'INNODB_SYS_FOREIGN'
2019-02-08 10:35:44 6940 [Note] Shutting down plugin 'INNODB_SYS_FIELDS'
2019-02-08 10:35:44 6940 [Note] Shutting down plugin 'INNODB_SYS_COLUMNS'
2019-02-08 10:35:44 6940 [Note] Shutting down plugin 'INNODB_SYS_INDEXES'
2019-02-08 10:35:44 6940 [Note] Shutting down plugin 'INNODB_SYS_TABLESTATS'
2019-02-08 10:35:44 6940 [Note] Shutting down plugin 'INNODB_SYS_TABLES'
2019-02-08 10:35:44 6940 [Note] Shutting down plugin 'INNODB_FT_INDEX_TABLE'
2019-02-08 10:35:44 6940 [Note] Shutting down plugin 'INNODB_FT_INDEX_CACHE'
2019-02-08 10:35:44 6940 [Note] Shutting down plugin 'INNODB_FT_CONFIG'
2019-02-08 10:35:44 6940 [Note] Shutting down plugin 'INNODB_FT_BEING_DELETED'
2019-02-08 10:35:44 6940 [Note] Shutting down plugin 'INNODB_FT_DELETED'
2019-02-08 10:35:44 6940 [Note] Shutting down plugin 'INNODB_FT_DEFAULT_STOPWORD'
2019-02-08 10:35:44 6940 [Note] Shutting down plugin 'INNODB_METRICS'
2019-02-08 10:35:44 6940 [Note] Shutting down plugin 'INNODB_BUFFER_POOL_STATS'
2019-02-08 10:35:44 6940 [Note] Shutting down plugin 'INNODB_BUFFER_PAGE_LRU'
2019-02-08 10:35:44 6940 [Note] Shutting down plugin 'INNODB_BUFFER_PAGE'
2019-02-08 10:35:44 6940 [Note] Shutting down plugin 'INNODB_CMP_PER_INDEX_RESET'
2019-02-08 10:35:44 6940 [Note] Shutting down plugin 'INNODB_CMP_PER_INDEX'
2019-02-08 10:35:44 6940 [Note] Shutting down plugin 'INNODB_CMPMEM_RESET'
2019-02-08 10:35:44 6940 [Note] Shutting down plugin 'INNODB_CMPMEM'
2019-02-08 10:35:44 6940 [Note] Shutting down plugin 'INNODB_CMP_RESET'
2019-02-08 10:35:44 6940 [Note] Shutting down plugin 'INNODB_CMP'
2019-02-08 10:35:44 6940 [Note] Shutting down plugin 'INNODB_LOCK_WAITS'
2019-02-08 10:35:44 6940 [Note] Shutting down plugin 'INNODB_LOCKS'
2019-02-08 10:35:44 6940 [Note] Shutting down plugin 'INNODB_TRX'
2019-02-08 10:35:44 6940 [Note] Shutting down plugin 'BLACKHOLE'
2019-02-08 10:35:44 6940 [Note] Shutting down plugin 'ARCHIVE'
2019-02-08 10:35:44 6940 [Note] Shutting down plugin 'MRG_MYISAM'
2019-02-08 10:35:44 6940 [Note] Shutting down plugin 'MyISAM'
2019-02-08 10:35:44 6940 [Note] Shutting down plugin 'MEMORY'
2019-02-08 10:35:44 6940 [Note] Shutting down plugin 'CSV'
2019-02-08 10:35:44 6940 [Note] Shutting down plugin 'sha256_password'
2019-02-08 10:35:44 6940 [Note] Shutting down plugin 'mysql_old_password'
2019-02-08 10:35:44 6940 [Note] Shutting down plugin 'mysql_native_password'
2019-02-08 10:35:44 6940 [Note] Shutting down plugin 'binlog'
2019-02-08 10:35:44 6940 [Note] U:\git\AukcjaDo\1\AukcjaDo1\000_rough/mysql/bin/mysqld_usbwv8.exe: Shutdown complete

2019-02-08 10:51:19 12904 [Note] Plugin 'FEDERATED' is disabled.
2019-02-08 10:51:19 12904 [Note] InnoDB: The InnoDB memory heap is disabled
2019-02-08 10:51:19 12904 [Note] InnoDB: Mutexes and rw_locks use Windows interlocked functions
2019-02-08 10:51:19 12904 [Note] InnoDB: Compressed tables use zlib 1.2.3
2019-02-08 10:51:19 12904 [Note] InnoDB: Not using CPU crc32 instructions
2019-02-08 10:51:19 12904 [Note] InnoDB: Initializing buffer pool, size = 128.0M
2019-02-08 10:51:19 12904 [Note] InnoDB: Completed initialization of buffer pool
2019-02-08 10:51:19 12904 [ERROR] InnoDB: U:\git\AukcjaDo\1\AukcjaDo1\000_rough\mysql\data\ibdata1 can't be opened in read-write mode
2019-02-08 10:51:19 12904 [ERROR] InnoDB: The system tablespace must be writable!
2019-02-08 10:51:19 12904 [ERROR] Plugin 'InnoDB' init function returned error.
2019-02-08 10:51:19 12904 [ERROR] Plugin 'InnoDB' registration as a STORAGE ENGINE failed.
2019-02-08 10:51:19 12904 [ERROR] Unknown/unsupported storage engine: InnoDB
2019-02-08 10:51:19 12904 [ERROR] Aborting

2019-02-08 10:51:19 12904 [Note] Binlog end
2019-02-08 10:51:19 12904 [Note] Shutting down plugin 'partition'
2019-02-08 10:51:19 12904 [Note] Shutting down plugin 'PERFORMANCE_SCHEMA'
2019-02-08 10:51:19 12904 [Note] Shutting down plugin 'INNODB_SYS_DATAFILES'
2019-02-08 10:51:19 12904 [Note] Shutting down plugin 'INNODB_SYS_TABLESPACES'
2019-02-08 10:51:19 12904 [Note] Shutting down plugin 'INNODB_SYS_FOREIGN_COLS'
2019-02-08 10:51:19 12904 [Note] Shutting down plugin 'INNODB_SYS_FOREIGN'
2019-02-08 10:51:19 12904 [Note] Shutting down plugin 'INNODB_SYS_FIELDS'
2019-02-08 10:51:19 12904 [Note] Shutting down plugin 'INNODB_SYS_COLUMNS'
2019-02-08 10:51:19 12904 [Note] Shutting down plugin 'INNODB_SYS_INDEXES'
2019-02-08 10:51:19 12904 [Note] Shutting down plugin 'INNODB_SYS_TABLESTATS'
2019-02-08 10:51:19 12904 [Note] Shutting down plugin 'INNODB_SYS_TABLES'
2019-02-08 10:51:19 12904 [Note] Shutting down plugin 'INNODB_FT_INDEX_TABLE'
2019-02-08 10:51:19 12904 [Note] Shutting down plugin 'INNODB_FT_INDEX_CACHE'
2019-02-08 10:51:19 12904 [Note] Shutting down plugin 'INNODB_FT_CONFIG'
2019-02-08 10:51:19 12904 [Note] Shutting down plugin 'INNODB_FT_BEING_DELETED'
2019-02-08 10:51:19 12904 [Note] Shutting down plugin 'INNODB_FT_DELETED'
2019-02-08 10:51:19 12904 [Note] Shutting down plugin 'INNODB_FT_DEFAULT_STOPWORD'
2019-02-08 10:51:19 12904 [Note] Shutting down plugin 'INNODB_METRICS'
2019-02-08 10:51:19 12904 [Note] Shutting down plugin 'INNODB_BUFFER_POOL_STATS'
2019-02-08 10:51:19 12904 [Note] Shutting down plugin 'INNODB_BUFFER_PAGE_LRU'
2019-02-08 10:51:19 12904 [Note] Shutting down plugin 'INNODB_BUFFER_PAGE'
2019-02-08 10:51:19 12904 [Note] Shutting down plugin 'INNODB_CMP_PER_INDEX_RESET'
2019-02-08 10:51:19 12904 [Note] Shutting down plugin 'INNODB_CMP_PER_INDEX'
2019-02-08 10:51:19 12904 [Note] Shutting down plugin 'INNODB_CMPMEM_RESET'
2019-02-08 10:51:19 12904 [Note] Shutting down plugin 'INNODB_CMPMEM'
2019-02-08 10:51:19 12904 [Note] Shutting down plugin 'INNODB_CMP_RESET'
2019-02-08 10:51:19 12904 [Note] Shutting down plugin 'INNODB_CMP'
2019-02-08 10:51:19 12904 [Note] Shutting down plugin 'INNODB_LOCK_WAITS'
2019-02-08 10:51:19 12904 [Note] Shutting down plugin 'INNODB_LOCKS'
2019-02-08 10:51:19 12904 [Note] Shutting down plugin 'INNODB_TRX'
2019-02-08 10:51:19 12904 [Note] Shutting down plugin 'BLACKHOLE'
2019-02-08 10:51:19 12904 [Note] Shutting down plugin 'ARCHIVE'
2019-02-08 10:51:19 12904 [Note] Shutting down plugin 'MRG_MYISAM'
2019-02-08 10:51:19 12904 [Note] Shutting down plugin 'MyISAM'
2019-02-08 10:51:19 12904 [Note] Shutting down plugin 'MEMORY'
2019-02-08 10:51:19 12904 [Note] Shutting down plugin 'CSV'
2019-02-08 10:51:19 12904 [Note] Shutting down plugin 'sha256_password'
2019-02-08 10:51:19 12904 [Note] Shutting down plugin 'mysql_old_password'
2019-02-08 10:51:19 12904 [Note] Shutting down plugin 'mysql_native_password'
2019-02-08 10:51:19 12904 [Note] Shutting down plugin 'binlog'
2019-02-08 10:51:19 12904 [Note] U:\git\AukcjaDo\1\AukcjaDo1\000_rough/mysql/bin/mysqld_usbwv8.exe: Shutdown complete

2019-02-08 10:59:27 8440 [Note] Plugin 'FEDERATED' is disabled.
2019-02-08 10:59:27 8440 [Note] InnoDB: The InnoDB memory heap is disabled
2019-02-08 10:59:27 8440 [Note] InnoDB: Mutexes and rw_locks use Windows interlocked functions
2019-02-08 10:59:27 8440 [Note] InnoDB: Compressed tables use zlib 1.2.3
2019-02-08 10:59:27 8440 [Note] InnoDB: Not using CPU crc32 instructions
2019-02-08 10:59:27 8440 [Note] InnoDB: Initializing buffer pool, size = 128.0M
2019-02-08 10:59:27 8440 [Note] InnoDB: Completed initialization of buffer pool
2019-02-08 10:59:27 8440 [Note] InnoDB: Highest supported file format is Barracuda.
2019-02-08 10:59:27 8440 [Note] InnoDB: The log sequence numbers 1626134 and 1626134 in ibdata files do not match the log sequence number 2457005 in the ib_logfiles!
2019-02-08 10:59:27 8440 [Note] InnoDB: Database was not shutdown normally!
2019-02-08 10:59:27 8440 [Note] InnoDB: Starting crash recovery.
2019-02-08 10:59:27 8440 [Note] InnoDB: Reading tablespace information from the .ibd files...
2019-02-08 10:59:27 8440 [Note] InnoDB: Restoring possible half-written data pages 
2019-02-08 10:59:27 8440 [Note] InnoDB: from the doublewrite buffer...
2019-02-08 10:59:29 8440 [Note] InnoDB: 128 rollback segment(s) are active.
2019-02-08 10:59:30 8440 [Note] InnoDB: Waiting for purge to start
2019-02-08 10:59:30 8440 [Note] InnoDB: 5.6.13 started; log sequence number 2457005
2019-02-08 10:59:30 8440 [Note] Server hostname (bind-address): '*'; port: 3307
2019-02-08 10:59:30 8440 [Note] IPv6 is available.
2019-02-08 10:59:30 8440 [Note]   - '::' resolves to '::';
2019-02-08 10:59:30 8440 [Note] Server socket created on IP: '::'.
2019-02-08 10:59:30 8440 [Note] Event Scheduler: Loaded 0 events
2019-02-08 10:59:30 8440 [Note] U:\git\AukcjaDo\1\AukcjaDo1\000_rough/mysql/bin/mysqld_usbwv8.exe: ready for connections.
Version: '5.6.13'  socket: ''  port: 3307  MySQL Community Server (GPL)
2019-02-08 11:01:15 4824 [Note] Plugin 'FEDERATED' is disabled.
2019-02-08 11:01:15 4824 [Note] InnoDB: The InnoDB memory heap is disabled
2019-02-08 11:01:15 4824 [Note] InnoDB: Mutexes and rw_locks use Windows interlocked functions
2019-02-08 11:01:15 4824 [Note] InnoDB: Compressed tables use zlib 1.2.3
2019-02-08 11:01:15 4824 [Note] InnoDB: Not using CPU crc32 instructions
2019-02-08 11:01:15 4824 [Note] InnoDB: Initializing buffer pool, size = 128.0M
2019-02-08 11:01:15 4824 [Note] InnoDB: Completed initialization of buffer pool
2019-02-08 11:01:15 4824 [ERROR] InnoDB: U:\git\AukcjaDo\1\AukcjaDo1\000_rough\mysql\data\ibdata1 can't be opened in read-write mode
2019-02-08 11:01:15 4824 [ERROR] InnoDB: The system tablespace must be writable!
2019-02-08 11:01:15 4824 [ERROR] Plugin 'InnoDB' init function returned error.
2019-02-08 11:01:15 4824 [ERROR] Plugin 'InnoDB' registration as a STORAGE ENGINE failed.
2019-02-08 11:01:15 4824 [ERROR] Unknown/unsupported storage engine: InnoDB
2019-02-08 11:01:15 4824 [ERROR] Aborting

2019-02-08 11:01:15 4824 [Note] Binlog end
2019-02-08 11:01:15 4824 [Note] Shutting down plugin 'partition'
2019-02-08 11:01:15 4824 [Note] Shutting down plugin 'PERFORMANCE_SCHEMA'
2019-02-08 11:01:15 4824 [Note] Shutting down plugin 'INNODB_SYS_DATAFILES'
2019-02-08 11:01:15 4824 [Note] Shutting down plugin 'INNODB_SYS_TABLESPACES'
2019-02-08 11:01:15 4824 [Note] Shutting down plugin 'INNODB_SYS_FOREIGN_COLS'
2019-02-08 11:01:15 4824 [Note] Shutting down plugin 'INNODB_SYS_FOREIGN'
2019-02-08 11:01:15 4824 [Note] Shutting down plugin 'INNODB_SYS_FIELDS'
2019-02-08 11:01:15 4824 [Note] Shutting down plugin 'INNODB_SYS_COLUMNS'
2019-02-08 11:01:15 4824 [Note] Shutting down plugin 'INNODB_SYS_INDEXES'
2019-02-08 11:01:15 4824 [Note] Shutting down plugin 'INNODB_SYS_TABLESTATS'
2019-02-08 11:01:15 4824 [Note] Shutting down plugin 'INNODB_SYS_TABLES'
2019-02-08 11:01:15 4824 [Note] Shutting down plugin 'INNODB_FT_INDEX_TABLE'
2019-02-08 11:01:15 4824 [Note] Shutting down plugin 'INNODB_FT_INDEX_CACHE'
2019-02-08 11:01:15 4824 [Note] Shutting down plugin 'INNODB_FT_CONFIG'
2019-02-08 11:01:15 4824 [Note] Shutting down plugin 'INNODB_FT_BEING_DELETED'
2019-02-08 11:01:15 4824 [Note] Shutting down plugin 'INNODB_FT_DELETED'
2019-02-08 11:01:15 4824 [Note] Shutting down plugin 'INNODB_FT_DEFAULT_STOPWORD'
2019-02-08 11:01:15 4824 [Note] Shutting down plugin 'INNODB_METRICS'
2019-02-08 11:01:15 4824 [Note] Shutting down plugin 'INNODB_BUFFER_POOL_STATS'
2019-02-08 11:01:15 4824 [Note] Shutting down plugin 'INNODB_BUFFER_PAGE_LRU'
2019-02-08 11:01:15 4824 [Note] Shutting down plugin 'INNODB_BUFFER_PAGE'
2019-02-08 11:01:15 4824 [Note] Shutting down plugin 'INNODB_CMP_PER_INDEX_RESET'
2019-02-08 11:01:15 4824 [Note] Shutting down plugin 'INNODB_CMP_PER_INDEX'
2019-02-08 11:01:15 4824 [Note] Shutting down plugin 'INNODB_CMPMEM_RESET'
2019-02-08 11:01:15 4824 [Note] Shutting down plugin 'INNODB_CMPMEM'
2019-02-08 11:01:15 4824 [Note] Shutting down plugin 'INNODB_CMP_RESET'
2019-02-08 11:01:15 4824 [Note] Shutting down plugin 'INNODB_CMP'
2019-02-08 11:01:15 4824 [Note] Shutting down plugin 'INNODB_LOCK_WAITS'
2019-02-08 11:01:15 4824 [Note] Shutting down plugin 'INNODB_LOCKS'
2019-02-08 11:01:15 4824 [Note] Shutting down plugin 'INNODB_TRX'
2019-02-08 11:01:15 4824 [Note] Shutting down plugin 'BLACKHOLE'
2019-02-08 11:01:15 4824 [Note] Shutting down plugin 'ARCHIVE'
2019-02-08 11:01:15 4824 [Note] Shutting down plugin 'MRG_MYISAM'
2019-02-08 11:01:15 4824 [Note] Shutting down plugin 'MyISAM'
2019-02-08 11:01:15 4824 [Note] Shutting down plugin 'MEMORY'
2019-02-08 11:01:15 4824 [Note] Shutting down plugin 'CSV'
2019-02-08 11:01:15 4824 [Note] Shutting down plugin 'sha256_password'
2019-02-08 11:01:15 4824 [Note] Shutting down plugin 'mysql_old_password'
2019-02-08 11:01:15 4824 [Note] Shutting down plugin 'mysql_native_password'
2019-02-08 11:01:15 4824 [Note] Shutting down plugin 'binlog'
2019-02-08 11:01:15 4824 [Note] U:\git\AukcjaDo\1\AukcjaDo1\000_rough/mysql/bin/mysqld_usbwv8.exe: Shutdown complete

2019-02-08 11:02:27 10360 [Note] Plugin 'FEDERATED' is disabled.
2019-02-08 11:02:27 10360 [Note] InnoDB: The InnoDB memory heap is disabled
2019-02-08 11:02:27 10360 [Note] InnoDB: Mutexes and rw_locks use Windows interlocked functions
2019-02-08 11:02:27 10360 [Note] InnoDB: Compressed tables use zlib 1.2.3
2019-02-08 11:02:27 10360 [Note] InnoDB: Not using CPU crc32 instructions
2019-02-08 11:02:27 10360 [Note] InnoDB: Initializing buffer pool, size = 128.0M
2019-02-08 11:02:27 10360 [Note] InnoDB: Completed initialization of buffer pool
2019-02-08 11:02:27 10360 [ERROR] InnoDB: U:\git\AukcjaDo\1\AukcjaDo1\000_rough\mysql\data\ibdata1 can't be opened in read-write mode
2019-02-08 11:02:27 10360 [ERROR] InnoDB: The system tablespace must be writable!
2019-02-08 11:02:27 10360 [ERROR] Plugin 'InnoDB' init function returned error.
2019-02-08 11:02:27 10360 [ERROR] Plugin 'InnoDB' registration as a STORAGE ENGINE failed.
2019-02-08 11:02:27 10360 [ERROR] Unknown/unsupported storage engine: InnoDB
2019-02-08 11:02:27 10360 [ERROR] Aborting

2019-02-08 11:02:27 10360 [Note] Binlog end
2019-02-08 11:02:27 10360 [Note] Shutting down plugin 'partition'
2019-02-08 11:02:27 10360 [Note] Shutting down plugin 'PERFORMANCE_SCHEMA'
2019-02-08 11:02:27 10360 [Note] Shutting down plugin 'INNODB_SYS_DATAFILES'
2019-02-08 11:02:27 10360 [Note] Shutting down plugin 'INNODB_SYS_TABLESPACES'
2019-02-08 11:02:27 10360 [Note] Shutting down plugin 'INNODB_SYS_FOREIGN_COLS'
2019-02-08 11:02:27 10360 [Note] Shutting down plugin 'INNODB_SYS_FOREIGN'
2019-02-08 11:02:27 10360 [Note] Shutting down plugin 'INNODB_SYS_FIELDS'
2019-02-08 11:02:27 10360 [Note] Shutting down plugin 'INNODB_SYS_COLUMNS'
2019-02-08 11:02:27 10360 [Note] Shutting down plugin 'INNODB_SYS_INDEXES'
2019-02-08 11:02:27 10360 [Note] Shutting down plugin 'INNODB_SYS_TABLESTATS'
2019-02-08 11:02:27 10360 [Note] Shutting down plugin 'INNODB_SYS_TABLES'
2019-02-08 11:02:27 10360 [Note] Shutting down plugin 'INNODB_FT_INDEX_TABLE'
2019-02-08 11:02:27 10360 [Note] Shutting down plugin 'INNODB_FT_INDEX_CACHE'
2019-02-08 11:02:27 10360 [Note] Shutting down plugin 'INNODB_FT_CONFIG'
2019-02-08 11:02:27 10360 [Note] Shutting down plugin 'INNODB_FT_BEING_DELETED'
2019-02-08 11:02:27 10360 [Note] Shutting down plugin 'INNODB_FT_DELETED'
2019-02-08 11:02:27 10360 [Note] Shutting down plugin 'INNODB_FT_DEFAULT_STOPWORD'
2019-02-08 11:02:27 10360 [Note] Shutting down plugin 'INNODB_METRICS'
2019-02-08 11:02:27 10360 [Note] Shutting down plugin 'INNODB_BUFFER_POOL_STATS'
2019-02-08 11:02:27 10360 [Note] Shutting down plugin 'INNODB_BUFFER_PAGE_LRU'
2019-02-08 11:02:27 10360 [Note] Shutting down plugin 'INNODB_BUFFER_PAGE'
2019-02-08 11:02:27 10360 [Note] Shutting down plugin 'INNODB_CMP_PER_INDEX_RESET'
2019-02-08 11:02:27 10360 [Note] Shutting down plugin 'INNODB_CMP_PER_INDEX'
2019-02-08 11:02:27 10360 [Note] Shutting down plugin 'INNODB_CMPMEM_RESET'
2019-02-08 11:02:27 10360 [Note] Shutting down plugin 'INNODB_CMPMEM'
2019-02-08 11:02:27 10360 [Note] Shutting down plugin 'INNODB_CMP_RESET'
2019-02-08 11:02:27 10360 [Note] Shutting down plugin 'INNODB_CMP'
2019-02-08 11:02:27 10360 [Note] Shutting down plugin 'INNODB_LOCK_WAITS'
2019-02-08 11:02:27 10360 [Note] Shutting down plugin 'INNODB_LOCKS'
2019-02-08 11:02:27 10360 [Note] Shutting down plugin 'INNODB_TRX'
2019-02-08 11:02:27 10360 [Note] Shutting down plugin 'BLACKHOLE'
2019-02-08 11:02:27 10360 [Note] Shutting down plugin 'ARCHIVE'
2019-02-08 11:02:27 10360 [Note] Shutting down plugin 'MRG_MYISAM'
2019-02-08 11:02:27 10360 [Note] Shutting down plugin 'MyISAM'
2019-02-08 11:02:27 10360 [Note] Shutting down plugin 'MEMORY'
2019-02-08 11:02:27 10360 [Note] Shutting down plugin 'CSV'
2019-02-08 11:02:27 10360 [Note] Shutting down plugin 'sha256_password'
2019-02-08 11:02:27 10360 [Note] Shutting down plugin 'mysql_old_password'
2019-02-08 11:02:27 10360 [Note] Shutting down plugin 'mysql_native_password'
2019-02-08 11:02:27 10360 [Note] Shutting down plugin 'binlog'
2019-02-08 11:02:27 10360 [Note] U:\git\AukcjaDo\1\AukcjaDo1\000_rough/mysql/bin/mysqld_usbwv8.exe: Shutdown complete

2019-02-08 11:02:54 12432 [Note] Plugin 'FEDERATED' is disabled.
2019-02-08 11:02:54 12432 [Note] InnoDB: The InnoDB memory heap is disabled
2019-02-08 11:02:54 12432 [Note] InnoDB: Mutexes and rw_locks use Windows interlocked functions
2019-02-08 11:02:54 12432 [Note] InnoDB: Compressed tables use zlib 1.2.3
2019-02-08 11:02:54 12432 [Note] InnoDB: Not using CPU crc32 instructions
2019-02-08 11:02:54 12432 [Note] InnoDB: Initializing buffer pool, size = 128.0M
2019-02-08 11:02:54 12432 [Note] InnoDB: Completed initialization of buffer pool
2019-02-08 11:02:55 12432 [Note] InnoDB: Highest supported file format is Barracuda.
2019-02-08 11:02:55 12432 [Note] InnoDB: The log sequence numbers 1626134 and 1626134 in ibdata files do not match the log sequence number 2457025 in the ib_logfiles!
2019-02-08 11:02:55 12432 [Note] InnoDB: Database was not shutdown normally!
2019-02-08 11:02:55 12432 [Note] InnoDB: Starting crash recovery.
2019-02-08 11:02:55 12432 [Note] InnoDB: Reading tablespace information from the .ibd files...
2019-02-08 11:02:55 12432 [Note] InnoDB: Restoring possible half-written data pages 
2019-02-08 11:02:55 12432 [Note] InnoDB: from the doublewrite buffer...
2019-02-08 11:02:56 12432 [Note] InnoDB: 128 rollback segment(s) are active.
2019-02-08 11:02:56 12432 [Note] InnoDB: Waiting for purge to start
2019-02-08 11:02:56 12432 [Note] InnoDB: 5.6.13 started; log sequence number 2457025
2019-02-08 11:02:56 12432 [Note] Server hostname (bind-address): '*'; port: 3307
2019-02-08 11:02:56 12432 [Note] IPv6 is available.
2019-02-08 11:02:56 12432 [Note]   - '::' resolves to '::';
2019-02-08 11:02:56 12432 [Note] Server socket created on IP: '::'.
2019-02-08 11:02:56 2588  InnoDB: Operating system error number 32 in a file operation.
InnoDB: The error means that another program is using InnoDB's files.
InnoDB: This might be a backup or antivirus software or another instance
InnoDB: of MySQL. Please close it to get rid of this error.
2019-02-08 11:03:07 12432 [Note] Event Scheduler: Loaded 0 events
2019-02-08 11:03:07 12432 [Note] U:\git\AukcjaDo\1\AukcjaDo1\000_rough/mysql/bin/mysqld_usbwv8.exe: ready for connections.
Version: '5.6.13'  socket: ''  port: 3307  MySQL Community Server (GPL)
2019-02-08 11:19:00 10436 [Note] Plugin 'FEDERATED' is disabled.
2019-02-08 11:19:00 10436 [Note] InnoDB: The InnoDB memory heap is disabled
2019-02-08 11:19:00 10436 [Note] InnoDB: Mutexes and rw_locks use Windows interlocked functions
2019-02-08 11:19:00 10436 [Note] InnoDB: Compressed tables use zlib 1.2.3
2019-02-08 11:19:00 10436 [Note] InnoDB: Not using CPU crc32 instructions
2019-02-08 11:19:00 10436 [Note] InnoDB: Initializing buffer pool, size = 128.0M
2019-02-08 11:19:00 10436 [Note] InnoDB: Completed initialization of buffer pool
2019-02-08 11:19:00 10436 [ERROR] InnoDB: U:\git\AukcjaDo\1\AukcjaDo1\000_rough\mysql\data\ibdata1 can't be opened in read-write mode
2019-02-08 11:19:00 10436 [ERROR] InnoDB: The system tablespace must be writable!
2019-02-08 11:19:00 10436 [ERROR] Plugin 'InnoDB' init function returned error.
2019-02-08 11:19:00 10436 [ERROR] Plugin 'InnoDB' registration as a STORAGE ENGINE failed.
2019-02-08 11:19:00 10436 [ERROR] Unknown/unsupported storage engine: InnoDB
2019-02-08 11:19:00 10436 [ERROR] Aborting

2019-02-08 11:19:00 10436 [Note] Binlog end
2019-02-08 11:19:00 10436 [Note] Shutting down plugin 'partition'
2019-02-08 11:19:00 10436 [Note] Shutting down plugin 'PERFORMANCE_SCHEMA'
2019-02-08 11:19:00 10436 [Note] Shutting down plugin 'INNODB_SYS_DATAFILES'
2019-02-08 11:19:00 10436 [Note] Shutting down plugin 'INNODB_SYS_TABLESPACES'
2019-02-08 11:19:00 10436 [Note] Shutting down plugin 'INNODB_SYS_FOREIGN_COLS'
2019-02-08 11:19:00 10436 [Note] Shutting down plugin 'INNODB_SYS_FOREIGN'
2019-02-08 11:19:00 10436 [Note] Shutting down plugin 'INNODB_SYS_FIELDS'
2019-02-08 11:19:00 10436 [Note] Shutting down plugin 'INNODB_SYS_COLUMNS'
2019-02-08 11:19:00 10436 [Note] Shutting down plugin 'INNODB_SYS_INDEXES'
2019-02-08 11:19:00 10436 [Note] Shutting down plugin 'INNODB_SYS_TABLESTATS'
2019-02-08 11:19:00 10436 [Note] Shutting down plugin 'INNODB_SYS_TABLES'
2019-02-08 11:19:00 10436 [Note] Shutting down plugin 'INNODB_FT_INDEX_TABLE'
2019-02-08 11:19:00 10436 [Note] Shutting down plugin 'INNODB_FT_INDEX_CACHE'
2019-02-08 11:19:00 10436 [Note] Shutting down plugin 'INNODB_FT_CONFIG'
2019-02-08 11:19:00 10436 [Note] Shutting down plugin 'INNODB_FT_BEING_DELETED'
2019-02-08 11:19:00 10436 [Note] Shutting down plugin 'INNODB_FT_DELETED'
2019-02-08 11:19:00 10436 [Note] Shutting down plugin 'INNODB_FT_DEFAULT_STOPWORD'
2019-02-08 11:19:00 10436 [Note] Shutting down plugin 'INNODB_METRICS'
2019-02-08 11:19:00 10436 [Note] Shutting down plugin 'INNODB_BUFFER_POOL_STATS'
2019-02-08 11:19:00 10436 [Note] Shutting down plugin 'INNODB_BUFFER_PAGE_LRU'
2019-02-08 11:19:00 10436 [Note] Shutting down plugin 'INNODB_BUFFER_PAGE'
2019-02-08 11:19:00 10436 [Note] Shutting down plugin 'INNODB_CMP_PER_INDEX_RESET'
2019-02-08 11:19:00 10436 [Note] Shutting down plugin 'INNODB_CMP_PER_INDEX'
2019-02-08 11:19:00 10436 [Note] Shutting down plugin 'INNODB_CMPMEM_RESET'
2019-02-08 11:19:00 10436 [Note] Shutting down plugin 'INNODB_CMPMEM'
2019-02-08 11:19:00 10436 [Note] Shutting down plugin 'INNODB_CMP_RESET'
2019-02-08 11:19:00 10436 [Note] Shutting down plugin 'INNODB_CMP'
2019-02-08 11:19:00 10436 [Note] Shutting down plugin 'INNODB_LOCK_WAITS'
2019-02-08 11:19:00 10436 [Note] Shutting down plugin 'INNODB_LOCKS'
2019-02-08 11:19:00 10436 [Note] Shutting down plugin 'INNODB_TRX'
2019-02-08 11:19:00 10436 [Note] Shutting down plugin 'BLACKHOLE'
2019-02-08 11:19:00 10436 [Note] Shutting down plugin 'ARCHIVE'
2019-02-08 11:19:00 10436 [Note] Shutting down plugin 'MRG_MYISAM'
2019-02-08 11:19:00 10436 [Note] Shutting down plugin 'MyISAM'
2019-02-08 11:19:00 10436 [Note] Shutting down plugin 'MEMORY'
2019-02-08 11:19:00 10436 [Note] Shutting down plugin 'CSV'
2019-02-08 11:19:00 10436 [Note] Shutting down plugin 'sha256_password'
2019-02-08 11:19:00 10436 [Note] Shutting down plugin 'mysql_old_password'
2019-02-08 11:19:00 10436 [Note] Shutting down plugin 'mysql_native_password'
2019-02-08 11:19:00 10436 [Note] Shutting down plugin 'binlog'
2019-02-08 11:19:00 10436 [Note] U:\git\AukcjaDo\1\AukcjaDo1\000_rough/mysql/bin/mysqld_usbwv8.exe: Shutdown complete

2019-02-08 11:23:03 6020 [Note] Plugin 'FEDERATED' is disabled.
2019-02-08 11:23:03 6020 [Note] InnoDB: The InnoDB memory heap is disabled
2019-02-08 11:23:03 6020 [Note] InnoDB: Mutexes and rw_locks use Windows interlocked functions
2019-02-08 11:23:03 6020 [Note] InnoDB: Compressed tables use zlib 1.2.3
2019-02-08 11:23:03 6020 [Note] InnoDB: Not using CPU crc32 instructions
2019-02-08 11:23:03 6020 [Note] InnoDB: Initializing buffer pool, size = 128.0M
2019-02-08 11:23:03 6020 [Note] InnoDB: Completed initialization of buffer pool
2019-02-08 11:23:03 6020 [Note] InnoDB: Highest supported file format is Barracuda.
2019-02-08 11:23:03 6020 [Note] InnoDB: The log sequence numbers 1626134 and 1626134 in ibdata files do not match the log sequence number 2457045 in the ib_logfiles!
2019-02-08 11:23:03 6020 [Note] InnoDB: Database was not shutdown normally!
2019-02-08 11:23:03 6020 [Note] InnoDB: Starting crash recovery.
2019-02-08 11:23:03 6020 [Note] InnoDB: Reading tablespace information from the .ibd files...
2019-02-08 11:23:03 6020 [Note] InnoDB: Restoring possible half-written data pages 
2019-02-08 11:23:03 6020 [Note] InnoDB: from the doublewrite buffer...
2019-02-08 11:23:05 6020 [Note] InnoDB: 128 rollback segment(s) are active.
2019-02-08 11:23:05 6020 [Note] InnoDB: Waiting for purge to start
2019-02-08 11:23:05 6020 [Note] InnoDB: 5.6.13 started; log sequence number 2457045
2019-02-08 11:23:05 6020 [Note] Server hostname (bind-address): '*'; port: 3307
2019-02-08 11:23:05 6020 [Note] IPv6 is available.
2019-02-08 11:23:05 6020 [Note]   - '::' resolves to '::';
2019-02-08 11:23:05 6020 [Note] Server socket created on IP: '::'.
2019-02-08 11:23:05 6020 [Note] Event Scheduler: Loaded 0 events
2019-02-08 11:23:05 6020 [Note] U:\git\AukcjaDo\1\AukcjaDo1\000_rough/mysql/bin/mysqld_usbwv8.exe: ready for connections.
Version: '5.6.13'  socket: ''  port: 3307  MySQL Community Server (GPL)
2019-02-08 11:23:56 3496 [Note] Plugin 'FEDERATED' is disabled.
2019-02-08 11:23:56 3496 [Note] InnoDB: The InnoDB memory heap is disabled
2019-02-08 11:23:56 3496 [Note] InnoDB: Mutexes and rw_locks use Windows interlocked functions
2019-02-08 11:23:56 3496 [Note] InnoDB: Compressed tables use zlib 1.2.3
2019-02-08 11:23:56 3496 [Note] InnoDB: Not using CPU crc32 instructions
2019-02-08 11:23:56 3496 [Note] InnoDB: Initializing buffer pool, size = 128.0M
2019-02-08 11:23:56 3496 [Note] InnoDB: Completed initialization of buffer pool
2019-02-08 11:23:56 3496 [Note] InnoDB: Highest supported file format is Barracuda.
2019-02-08 11:23:56 3496 [Note] InnoDB: The log sequence numbers 1626134 and 1626134 in ibdata files do not match the log sequence number 2457055 in the ib_logfiles!
2019-02-08 11:23:56 3496 [Note] InnoDB: Database was not shutdown normally!
2019-02-08 11:23:56 3496 [Note] InnoDB: Starting crash recovery.
2019-02-08 11:23:56 3496 [Note] InnoDB: Reading tablespace information from the .ibd files...
2019-02-08 11:23:56 3496 [Note] InnoDB: Restoring possible half-written data pages 
2019-02-08 11:23:56 3496 [Note] InnoDB: from the doublewrite buffer...
2019-02-08 11:23:58 3496 [Note] InnoDB: 128 rollback segment(s) are active.
2019-02-08 11:23:58 3496 [Note] InnoDB: Waiting for purge to start
2019-02-08 11:23:58 3496 [Note] InnoDB: 5.6.13 started; log sequence number 2457055
2019-02-08 11:23:58 3496 [Note] Server hostname (bind-address): '*'; port: 3307
2019-02-08 11:23:58 3496 [Note] IPv6 is available.
2019-02-08 11:23:58 3496 [Note]   - '::' resolves to '::';
2019-02-08 11:23:58 3496 [Note] Server socket created on IP: '::'.
2019-02-08 11:23:59 3496 [Note] Event Scheduler: Loaded 0 events
2019-02-08 11:23:59 3496 [Note] U:\git\AukcjaDo\1\AukcjaDo1\000_rough/mysql/bin/mysqld_usbwv8.exe: ready for connections.
Version: '5.6.13'  socket: ''  port: 3307  MySQL Community Server (GPL)
2019-02-08 11:24:20 7872 [Note] Plugin 'FEDERATED' is disabled.
2019-02-08 11:24:20 7872 [Note] InnoDB: The InnoDB memory heap is disabled
2019-02-08 11:24:20 7872 [Note] InnoDB: Mutexes and rw_locks use Windows interlocked functions
2019-02-08 11:24:20 7872 [Note] InnoDB: Compressed tables use zlib 1.2.3
2019-02-08 11:24:20 7872 [Note] InnoDB: Not using CPU crc32 instructions
2019-02-08 11:24:20 7872 [Note] InnoDB: Initializing buffer pool, size = 128.0M
2019-02-08 11:24:20 7872 [Note] InnoDB: Completed initialization of buffer pool
2019-02-08 11:24:20 7872 [Note] InnoDB: Highest supported file format is Barracuda.
2019-02-08 11:24:20 7872 [Note] InnoDB: The log sequence numbers 1626134 and 1626134 in ibdata files do not match the log sequence number 2457065 in the ib_logfiles!
2019-02-08 11:24:20 7872 [Note] InnoDB: Database was not shutdown normally!
2019-02-08 11:24:20 7872 [Note] InnoDB: Starting crash recovery.
2019-02-08 11:24:20 7872 [Note] InnoDB: Reading tablespace information from the .ibd files...
2019-02-08 11:24:20 7872 [Note] InnoDB: Restoring possible half-written data pages 
2019-02-08 11:24:20 7872 [Note] InnoDB: from the doublewrite buffer...
2019-02-08 11:24:21 7872 [Note] InnoDB: 128 rollback segment(s) are active.
2019-02-08 11:24:21 7872 [Note] InnoDB: Waiting for purge to start
2019-02-08 11:24:21 7872 [Note] InnoDB: 5.6.13 started; log sequence number 2457065
2019-02-08 11:24:21 7872 [Note] Server hostname (bind-address): '*'; port: 3307
2019-02-08 11:24:21 7872 [Note] IPv6 is available.
2019-02-08 11:24:21 7872 [Note]   - '::' resolves to '::';
2019-02-08 11:24:21 7872 [Note] Server socket created on IP: '::'.
2019-02-08 11:24:22 7872 [Note] Event Scheduler: Loaded 0 events
2019-02-08 11:24:22 7872 [Note] U:\git\AukcjaDo\1\AukcjaDo1\000_rough/mysql/bin/mysqld_usbwv8.exe: ready for connections.
Version: '5.6.13'  socket: ''  port: 3307  MySQL Community Server (GPL)
2019-02-08 11:24:59 11872 [Note] Plugin 'FEDERATED' is disabled.
2019-02-08 11:24:59 11872 [Note] InnoDB: The InnoDB memory heap is disabled
2019-02-08 11:24:59 11872 [Note] InnoDB: Mutexes and rw_locks use Windows interlocked functions
2019-02-08 11:24:59 11872 [Note] InnoDB: Compressed tables use zlib 1.2.3
2019-02-08 11:24:59 11872 [Note] InnoDB: Not using CPU crc32 instructions
2019-02-08 11:24:59 11872 [Note] InnoDB: Initializing buffer pool, size = 128.0M
2019-02-08 11:24:59 11872 [Note] InnoDB: Completed initialization of buffer pool
2019-02-08 11:24:59 11872 [Note] InnoDB: Highest supported file format is Barracuda.
2019-02-08 11:24:59 11872 [Note] InnoDB: Log scan progressed past the checkpoint lsn 2457065
2019-02-08 11:24:59 11872 [Note] InnoDB: Database was not shutdown normally!
2019-02-08 11:24:59 11872 [Note] InnoDB: Starting crash recovery.
2019-02-08 11:24:59 11872 [Note] InnoDB: Reading tablespace information from the .ibd files...
2019-02-08 11:24:59 11872 [Note] InnoDB: Restoring possible half-written data pages 
2019-02-08 11:24:59 11872 [Note] InnoDB: from the doublewrite buffer...
InnoDB: Doing recovery: scanned up to log sequence number 2457075
2019-02-08 11:25:00 11872 [Note] InnoDB: 128 rollback segment(s) are active.
2019-02-08 11:25:00 11872 [Note] InnoDB: Waiting for purge to start
2019-02-08 11:25:00 11872 [Note] InnoDB: 5.6.13 started; log sequence number 2457075
2019-02-08 11:25:00 11872 [Note] Server hostname (bind-address): '*'; port: 3307
2019-02-08 11:25:00 11872 [Note] IPv6 is available.
2019-02-08 11:25:00 11872 [Note]   - '::' resolves to '::';
2019-02-08 11:25:00 11872 [Note] Server socket created on IP: '::'.
2019-02-08 11:25:01 11872 [Note] Event Scheduler: Loaded 0 events
2019-02-08 11:25:01 11872 [Note] U:\git\AukcjaDo\1\AukcjaDo1\000_rough/mysql/bin/mysqld_usbwv8.exe: ready for connections.
Version: '5.6.13'  socket: ''  port: 3307  MySQL Community Server (GPL)
2019-02-08 11:25:49 10772 [Note] Plugin 'FEDERATED' is disabled.
2019-02-08 11:25:49 10772 [Note] InnoDB: The InnoDB memory heap is disabled
2019-02-08 11:25:49 10772 [Note] InnoDB: Mutexes and rw_locks use Windows interlocked functions
2019-02-08 11:25:49 10772 [Note] InnoDB: Compressed tables use zlib 1.2.3
2019-02-08 11:25:49 10772 [Note] InnoDB: Not using CPU crc32 instructions
2019-02-08 11:25:49 10772 [Note] InnoDB: Initializing buffer pool, size = 128.0M
2019-02-08 11:25:49 10772 [Note] InnoDB: Completed initialization of buffer pool
2019-02-08 11:25:49 10772 [Note] InnoDB: Highest supported file format is Barracuda.
2019-02-08 11:25:49 10772 [Note] InnoDB: The log sequence numbers 1626134 and 1626134 in ibdata files do not match the log sequence number 2457101 in the ib_logfiles!
2019-02-08 11:25:49 10772 [Note] InnoDB: Database was not shutdown normally!
2019-02-08 11:25:49 10772 [Note] InnoDB: Starting crash recovery.
2019-02-08 11:25:49 10772 [Note] InnoDB: Reading tablespace information from the .ibd files...
2019-02-08 11:25:49 10772 [Note] InnoDB: Restoring possible half-written data pages 
2019-02-08 11:25:49 10772 [Note] InnoDB: from the doublewrite buffer...
2019-02-08 11:25:50 10772 [Note] InnoDB: 128 rollback segment(s) are active.
2019-02-08 11:25:50 10772 [Note] InnoDB: Waiting for purge to start
2019-02-08 11:25:50 10772 [Note] InnoDB: 5.6.13 started; log sequence number 2457101
2019-02-08 11:25:50 10772 [Note] Server hostname (bind-address): '*'; port: 3307
2019-02-08 11:25:50 10772 [Note] IPv6 is available.
2019-02-08 11:25:50 10772 [Note]   - '::' resolves to '::';
2019-02-08 11:25:50 10772 [Note] Server socket created on IP: '::'.
2019-02-08 11:25:51 10772 [Note] Event Scheduler: Loaded 0 events
2019-02-08 11:25:51 10772 [Note] U:\git\AukcjaDo\1\AukcjaDo1\000_rough/mysql/bin/mysqld_usbwv8.exe: ready for connections.
Version: '5.6.13'  socket: ''  port: 3307  MySQL Community Server (GPL)
2019-02-08 11:26:28 544 [Note] Plugin 'FEDERATED' is disabled.
2019-02-08 11:26:28 544 [Note] InnoDB: The InnoDB memory heap is disabled
2019-02-08 11:26:28 544 [Note] InnoDB: Mutexes and rw_locks use Windows interlocked functions
2019-02-08 11:26:28 544 [Note] InnoDB: Compressed tables use zlib 1.2.3
2019-02-08 11:26:28 544 [Note] InnoDB: Not using CPU crc32 instructions
2019-02-08 11:26:28 544 [Note] InnoDB: Initializing buffer pool, size = 128.0M
2019-02-08 11:26:28 544 [Note] InnoDB: Completed initialization of buffer pool
2019-02-08 11:26:28 544 [Note] InnoDB: Highest supported file format is Barracuda.
2019-02-08 11:26:28 544 [Note] InnoDB: The log sequence numbers 1626134 and 1626134 in ibdata files do not match the log sequence number 2457111 in the ib_logfiles!
2019-02-08 11:26:28 544 [Note] InnoDB: Database was not shutdown normally!
2019-02-08 11:26:28 544 [Note] InnoDB: Starting crash recovery.
2019-02-08 11:26:28 544 [Note] InnoDB: Reading tablespace information from the .ibd files...
2019-02-08 11:26:29 544 [Note] InnoDB: Restoring possible half-written data pages 
2019-02-08 11:26:29 544 [Note] InnoDB: from the doublewrite buffer...
2019-02-08 11:26:30 544 [Note] InnoDB: 128 rollback segment(s) are active.
2019-02-08 11:26:30 544 [Note] InnoDB: Waiting for purge to start
2019-02-08 11:26:30 544 [Note] InnoDB: 5.6.13 started; log sequence number 2457111
2019-02-08 11:26:30 544 [Note] Server hostname (bind-address): '*'; port: 3307
2019-02-08 11:26:30 544 [Note] IPv6 is available.
2019-02-08 11:26:30 544 [Note]   - '::' resolves to '::';
2019-02-08 11:26:30 544 [Note] Server socket created on IP: '::'.
2019-02-08 11:26:31 544 [Note] Event Scheduler: Loaded 0 events
2019-02-08 11:26:31 544 [Note] U:\git\AukcjaDo\1\AukcjaDo1\000_rough/mysql/bin/mysqld_usbwv8.exe: ready for connections.
Version: '5.6.13'  socket: ''  port: 3307  MySQL Community Server (GPL)
2019-02-08 11:30:57 7124 [Note] Plugin 'FEDERATED' is disabled.
2019-02-08 11:30:57 7124 [Note] InnoDB: The InnoDB memory heap is disabled
2019-02-08 11:30:57 7124 [Note] InnoDB: Mutexes and rw_locks use Windows interlocked functions
2019-02-08 11:30:57 7124 [Note] InnoDB: Compressed tables use zlib 1.2.3
2019-02-08 11:30:57 7124 [Note] InnoDB: Not using CPU crc32 instructions
2019-02-08 11:30:57 7124 [Note] InnoDB: Initializing buffer pool, size = 128.0M
2019-02-08 11:30:57 7124 [Note] InnoDB: Completed initialization of buffer pool
2019-02-08 11:30:57 7124 [ERROR] InnoDB: U:\git\AukcjaDo\1\AukcjaDo1\000_rough\mysql\data\ibdata1 can't be opened in read-write mode
2019-02-08 11:30:57 7124 [ERROR] InnoDB: The system tablespace must be writable!
2019-02-08 11:30:57 7124 [ERROR] Plugin 'InnoDB' init function returned error.
2019-02-08 11:30:57 7124 [ERROR] Plugin 'InnoDB' registration as a STORAGE ENGINE failed.
2019-02-08 11:30:57 7124 [ERROR] Unknown/unsupported storage engine: InnoDB
2019-02-08 11:30:57 7124 [ERROR] Aborting

2019-02-08 11:30:57 7124 [Note] Binlog end
2019-02-08 11:30:57 7124 [Note] Shutting down plugin 'partition'
2019-02-08 11:30:57 7124 [Note] Shutting down plugin 'PERFORMANCE_SCHEMA'
2019-02-08 11:30:57 7124 [Note] Shutting down plugin 'INNODB_SYS_DATAFILES'
2019-02-08 11:30:57 7124 [Note] Shutting down plugin 'INNODB_SYS_TABLESPACES'
2019-02-08 11:30:57 7124 [Note] Shutting down plugin 'INNODB_SYS_FOREIGN_COLS'
2019-02-08 11:30:57 7124 [Note] Shutting down plugin 'INNODB_SYS_FOREIGN'
2019-02-08 11:30:57 7124 [Note] Shutting down plugin 'INNODB_SYS_FIELDS'
2019-02-08 11:30:57 7124 [Note] Shutting down plugin 'INNODB_SYS_COLUMNS'
2019-02-08 11:30:57 7124 [Note] Shutting down plugin 'INNODB_SYS_INDEXES'
2019-02-08 11:30:57 7124 [Note] Shutting down plugin 'INNODB_SYS_TABLESTATS'
2019-02-08 11:30:57 7124 [Note] Shutting down plugin 'INNODB_SYS_TABLES'
2019-02-08 11:30:57 7124 [Note] Shutting down plugin 'INNODB_FT_INDEX_TABLE'
2019-02-08 11:30:57 7124 [Note] Shutting down plugin 'INNODB_FT_INDEX_CACHE'
2019-02-08 11:30:57 7124 [Note] Shutting down plugin 'INNODB_FT_CONFIG'
2019-02-08 11:30:57 7124 [Note] Shutting down plugin 'INNODB_FT_BEING_DELETED'
2019-02-08 11:30:57 7124 [Note] Shutting down plugin 'INNODB_FT_DELETED'
2019-02-08 11:30:57 7124 [Note] Shutting down plugin 'INNODB_FT_DEFAULT_STOPWORD'
2019-02-08 11:30:57 7124 [Note] Shutting down plugin 'INNODB_METRICS'
2019-02-08 11:30:57 7124 [Note] Shutting down plugin 'INNODB_BUFFER_POOL_STATS'
2019-02-08 11:30:57 7124 [Note] Shutting down plugin 'INNODB_BUFFER_PAGE_LRU'
2019-02-08 11:30:57 7124 [Note] Shutting down plugin 'INNODB_BUFFER_PAGE'
2019-02-08 11:30:57 7124 [Note] Shutting down plugin 'INNODB_CMP_PER_INDEX_RESET'
2019-02-08 11:30:57 7124 [Note] Shutting down plugin 'INNODB_CMP_PER_INDEX'
2019-02-08 11:30:57 7124 [Note] Shutting down plugin 'INNODB_CMPMEM_RESET'
2019-02-08 11:30:57 7124 [Note] Shutting down plugin 'INNODB_CMPMEM'
2019-02-08 11:30:57 7124 [Note] Shutting down plugin 'INNODB_CMP_RESET'
2019-02-08 11:30:57 7124 [Note] Shutting down plugin 'INNODB_CMP'
2019-02-08 11:30:57 7124 [Note] Shutting down plugin 'INNODB_LOCK_WAITS'
2019-02-08 11:30:57 7124 [Note] Shutting down plugin 'INNODB_LOCKS'
2019-02-08 11:30:57 7124 [Note] Shutting down plugin 'INNODB_TRX'
2019-02-08 11:30:57 7124 [Note] Shutting down plugin 'BLACKHOLE'
2019-02-08 11:30:57 7124 [Note] Shutting down plugin 'ARCHIVE'
2019-02-08 11:30:57 7124 [Note] Shutting down plugin 'MRG_MYISAM'
2019-02-08 11:30:57 7124 [Note] Shutting down plugin 'MyISAM'
2019-02-08 11:30:57 7124 [Note] Shutting down plugin 'MEMORY'
2019-02-08 11:30:58 7124 [Note] Shutting down plugin 'CSV'
2019-02-08 11:30:58 7124 [Note] Shutting down plugin 'sha256_password'
2019-02-08 11:30:58 7124 [Note] Shutting down plugin 'mysql_old_password'
2019-02-08 11:30:58 7124 [Note] Shutting down plugin 'mysql_native_password'
2019-02-08 11:30:58 7124 [Note] Shutting down plugin 'binlog'
2019-02-08 11:30:58 7124 [Note] U:\git\AukcjaDo\1\AukcjaDo1\000_rough/mysql/bin/mysqld_usbwv8.exe: Shutdown complete

2019-02-08 11:31:50 10632 [Note] Plugin 'FEDERATED' is disabled.
2019-02-08 11:31:50 10632 [Note] InnoDB: The InnoDB memory heap is disabled
2019-02-08 11:31:50 10632 [Note] InnoDB: Mutexes and rw_locks use Windows interlocked functions
2019-02-08 11:31:50 10632 [Note] InnoDB: Compressed tables use zlib 1.2.3
2019-02-08 11:31:50 10632 [Note] InnoDB: Not using CPU crc32 instructions
2019-02-08 11:31:50 10632 [Note] InnoDB: Initializing buffer pool, size = 128.0M
2019-02-08 11:31:50 10632 [Note] InnoDB: Completed initialization of buffer pool
2019-02-08 11:31:50 10632 [Note] InnoDB: Highest supported file format is Barracuda.
2019-02-08 11:31:50 10632 [Note] InnoDB: The log sequence numbers 1626134 and 1626134 in ibdata files do not match the log sequence number 2457121 in the ib_logfiles!
2019-02-08 11:31:50 10632 [Note] InnoDB: Database was not shutdown normally!
2019-02-08 11:31:50 10632 [Note] InnoDB: Starting crash recovery.
2019-02-08 11:31:50 10632 [Note] InnoDB: Reading tablespace information from the .ibd files...
2019-02-08 11:31:50 10632 [Note] InnoDB: Restoring possible half-written data pages 
2019-02-08 11:31:50 10632 [Note] InnoDB: from the doublewrite buffer...
2019-02-08 11:31:51 10632 [Note] InnoDB: 128 rollback segment(s) are active.
2019-02-08 11:31:51 10632 [Note] InnoDB: Waiting for purge to start
2019-02-08 11:31:51 10632 [Note] InnoDB: 5.6.13 started; log sequence number 2457121
2019-02-08 11:31:51 10632 [Note] Server hostname (bind-address): '*'; port: 3307
2019-02-08 11:31:51 10632 [Note] IPv6 is available.
2019-02-08 11:31:51 10632 [Note]   - '::' resolves to '::';
2019-02-08 11:31:51 10632 [Note] Server socket created on IP: '::'.
2019-02-08 11:31:52 10632 [Note] Event Scheduler: Loaded 0 events
2019-02-08 11:31:52 10632 [Note] U:\git\AukcjaDo\1\AukcjaDo1\000_rough/mysql/bin/mysqld_usbwv8.exe: ready for connections.
Version: '5.6.13'  socket: ''  port: 3307  MySQL Community Server (GPL)
2019-02-08 11:34:02 9200 [Note] Plugin 'FEDERATED' is disabled.
2019-02-08 11:34:02 9200 [Note] InnoDB: The InnoDB memory heap is disabled
2019-02-08 11:34:02 9200 [Note] InnoDB: Mutexes and rw_locks use Windows interlocked functions
2019-02-08 11:34:02 9200 [Note] InnoDB: Compressed tables use zlib 1.2.3
2019-02-08 11:34:02 9200 [Note] InnoDB: Not using CPU crc32 instructions
2019-02-08 11:34:02 9200 [Note] InnoDB: Initializing buffer pool, size = 128.0M
2019-02-08 11:34:02 9200 [Note] InnoDB: Completed initialization of buffer pool
2019-02-08 11:34:02 9200 [Note] InnoDB: Highest supported file format is Barracuda.
2019-02-08 11:34:02 9200 [Note] InnoDB: The log sequence numbers 1626134 and 1626134 in ibdata files do not match the log sequence number 2457131 in the ib_logfiles!
2019-02-08 11:34:02 9200 [Note] InnoDB: Database was not shutdown normally!
2019-02-08 11:34:02 9200 [Note] InnoDB: Starting crash recovery.
2019-02-08 11:34:02 9200 [Note] InnoDB: Reading tablespace information from the .ibd files...
2019-02-08 11:34:02 9200 [Note] InnoDB: Restoring possible half-written data pages 
2019-02-08 11:34:02 9200 [Note] InnoDB: from the doublewrite buffer...
2019-02-08 11:34:05 9200 [Note] InnoDB: 128 rollback segment(s) are active.
2019-02-08 11:34:05 9200 [Note] InnoDB: Waiting for purge to start
2019-02-08 11:34:05 9200 [Note] InnoDB: 5.6.13 started; log sequence number 2457131
2019-02-08 11:34:05 9200 [Note] Server hostname (bind-address): '*'; port: 3307
2019-02-08 11:34:05 9200 [Note] IPv6 is available.
2019-02-08 11:34:05 9200 [Note]   - '::' resolves to '::';
2019-02-08 11:34:05 9200 [Note] Server socket created on IP: '::'.
2019-02-08 11:34:07 9200 [Note] Event Scheduler: Loaded 0 events
2019-02-08 11:34:07 9200 [Note] U:\git\AukcjaDo\1\AukcjaDo1\000_rough/mysql/bin/mysqld_usbwv8.exe: ready for connections.
Version: '5.6.13'  socket: ''  port: 3307  MySQL Community Server (GPL)
2019-02-08 11:34:36 7544 [Note] Plugin 'FEDERATED' is disabled.
2019-02-08 11:34:36 7544 [Note] InnoDB: The InnoDB memory heap is disabled
2019-02-08 11:34:36 7544 [Note] InnoDB: Mutexes and rw_locks use Windows interlocked functions
2019-02-08 11:34:36 7544 [Note] InnoDB: Compressed tables use zlib 1.2.3
2019-02-08 11:34:36 7544 [Note] InnoDB: Not using CPU crc32 instructions
2019-02-08 11:34:36 7544 [Note] InnoDB: Initializing buffer pool, size = 128.0M
2019-02-08 11:34:36 7544 [Note] InnoDB: Completed initialization of buffer pool
2019-02-08 11:34:36 7544 [Note] InnoDB: Highest supported file format is Barracuda.
2019-02-08 11:34:36 7544 [Note] InnoDB: The log sequence numbers 1626134 and 1626134 in ibdata files do not match the log sequence number 2457141 in the ib_logfiles!
2019-02-08 11:34:36 7544 [Note] InnoDB: Database was not shutdown normally!
2019-02-08 11:34:36 7544 [Note] InnoDB: Starting crash recovery.
2019-02-08 11:34:36 7544 [Note] InnoDB: Reading tablespace information from the .ibd files...
2019-02-08 11:34:36 7544 [Note] InnoDB: Restoring possible half-written data pages 
2019-02-08 11:34:36 7544 [Note] InnoDB: from the doublewrite buffer...
2019-02-08 11:34:38 7544 [Note] InnoDB: 128 rollback segment(s) are active.
2019-02-08 11:34:38 7544 [Note] InnoDB: Waiting for purge to start
2019-02-08 11:34:38 7544 [Note] InnoDB: 5.6.13 started; log sequence number 2457141
2019-02-08 11:34:38 7544 [Note] Server hostname (bind-address): '*'; port: 3307
2019-02-08 11:34:38 7544 [Note] IPv6 is available.
2019-02-08 11:34:38 7544 [Note]   - '::' resolves to '::';
2019-02-08 11:34:38 7544 [Note] Server socket created on IP: '::'.
2019-02-08 11:34:38 7544 [Note] Event Scheduler: Loaded 0 events
2019-02-08 11:34:38 7544 [Note] U:\git\AukcjaDo\1\AukcjaDo1\000_rough/mysql/bin/mysqld_usbwv8.exe: ready for connections.
Version: '5.6.13'  socket: ''  port: 3307  MySQL Community Server (GPL)
2019-02-08 11:35:10 8384 [Note] Plugin 'FEDERATED' is disabled.
2019-02-08 11:35:10 8384 [Note] InnoDB: The InnoDB memory heap is disabled
2019-02-08 11:35:10 8384 [Note] InnoDB: Mutexes and rw_locks use Windows interlocked functions
2019-02-08 11:35:10 8384 [Note] InnoDB: Compressed tables use zlib 1.2.3
2019-02-08 11:35:10 8384 [Note] InnoDB: Not using CPU crc32 instructions
2019-02-08 11:35:10 8384 [Note] InnoDB: Initializing buffer pool, size = 128.0M
2019-02-08 11:35:11 8384 [Note] InnoDB: Completed initialization of buffer pool
2019-02-08 11:35:11 8384 [Note] InnoDB: Highest supported file format is Barracuda.
2019-02-08 11:35:11 8384 [Note] InnoDB: The log sequence numbers 1626134 and 1626134 in ibdata files do not match the log sequence number 2457151 in the ib_logfiles!
2019-02-08 11:35:11 8384 [Note] InnoDB: Database was not shutdown normally!
2019-02-08 11:35:11 8384 [Note] InnoDB: Starting crash recovery.
2019-02-08 11:35:11 8384 [Note] InnoDB: Reading tablespace information from the .ibd files...
2019-02-08 11:35:11 8384 [Note] InnoDB: Restoring possible half-written data pages 
2019-02-08 11:35:11 8384 [Note] InnoDB: from the doublewrite buffer...
2019-02-08 11:35:13 8384 [Note] InnoDB: 128 rollback segment(s) are active.
2019-02-08 11:35:13 8384 [Note] InnoDB: Waiting for purge to start
2019-02-08 11:35:13 8384 [Note] InnoDB: 5.6.13 started; log sequence number 2457151
2019-02-08 11:35:13 8384 [Note] Server hostname (bind-address): '*'; port: 3307
2019-02-08 11:35:13 8384 [Note] IPv6 is available.
2019-02-08 11:35:13 8384 [Note]   - '::' resolves to '::';
2019-02-08 11:35:13 8384 [Note] Server socket created on IP: '::'.
2019-02-08 11:35:14 8384 [Note] Event Scheduler: Loaded 0 events
2019-02-08 11:35:14 8384 [Note] U:\git\AukcjaDo\1\AukcjaDo1\000_rough/mysql/bin/mysqld_usbwv8.exe: ready for connections.
Version: '5.6.13'  socket: ''  port: 3307  MySQL Community Server (GPL)
2019-02-08 11:35:37 7432 [Note] Plugin 'FEDERATED' is disabled.
2019-02-08 11:35:37 7432 [Note] InnoDB: The InnoDB memory heap is disabled
2019-02-08 11:35:37 7432 [Note] InnoDB: Mutexes and rw_locks use Windows interlocked functions
2019-02-08 11:35:37 7432 [Note] InnoDB: Compressed tables use zlib 1.2.3
2019-02-08 11:35:37 7432 [Note] InnoDB: Not using CPU crc32 instructions
2019-02-08 11:35:37 7432 [Note] InnoDB: Initializing buffer pool, size = 128.0M
2019-02-08 11:35:37 7432 [Note] InnoDB: Completed initialization of buffer pool
2019-02-08 11:35:37 7432 [ERROR] InnoDB: U:\git\AukcjaDo\1\AukcjaDo1\000_rough\mysql\data\ibdata1 can't be opened in read-write mode
2019-02-08 11:35:37 7432 [ERROR] InnoDB: The system tablespace must be writable!
2019-02-08 11:35:37 7432 [ERROR] Plugin 'InnoDB' init function returned error.
2019-02-08 11:35:37 7432 [ERROR] Plugin 'InnoDB' registration as a STORAGE ENGINE failed.
2019-02-08 11:35:37 7432 [ERROR] Unknown/unsupported storage engine: InnoDB
2019-02-08 11:35:37 7432 [ERROR] Aborting

2019-02-08 11:35:37 7432 [Note] Binlog end
2019-02-08 11:35:37 7432 [Note] Shutting down plugin 'partition'
2019-02-08 11:35:37 7432 [Note] Shutting down plugin 'PERFORMANCE_SCHEMA'
2019-02-08 11:35:37 7432 [Note] Shutting down plugin 'INNODB_SYS_DATAFILES'
2019-02-08 11:35:37 7432 [Note] Shutting down plugin 'INNODB_SYS_TABLESPACES'
2019-02-08 11:35:37 7432 [Note] Shutting down plugin 'INNODB_SYS_FOREIGN_COLS'
2019-02-08 11:35:37 7432 [Note] Shutting down plugin 'INNODB_SYS_FOREIGN'
2019-02-08 11:35:37 7432 [Note] Shutting down plugin 'INNODB_SYS_FIELDS'
2019-02-08 11:35:37 7432 [Note] Shutting down plugin 'INNODB_SYS_COLUMNS'
2019-02-08 11:35:37 7432 [Note] Shutting down plugin 'INNODB_SYS_INDEXES'
2019-02-08 11:35:37 7432 [Note] Shutting down plugin 'INNODB_SYS_TABLESTATS'
2019-02-08 11:35:37 7432 [Note] Shutting down plugin 'INNODB_SYS_TABLES'
2019-02-08 11:35:37 7432 [Note] Shutting down plugin 'INNODB_FT_INDEX_TABLE'
2019-02-08 11:35:37 7432 [Note] Shutting down plugin 'INNODB_FT_INDEX_CACHE'
2019-02-08 11:35:37 7432 [Note] Shutting down plugin 'INNODB_FT_CONFIG'
2019-02-08 11:35:37 7432 [Note] Shutting down plugin 'INNODB_FT_BEING_DELETED'
2019-02-08 11:35:37 7432 [Note] Shutting down plugin 'INNODB_FT_DELETED'
2019-02-08 11:35:37 7432 [Note] Shutting down plugin 'INNODB_FT_DEFAULT_STOPWORD'
2019-02-08 11:35:37 7432 [Note] Shutting down plugin 'INNODB_METRICS'
2019-02-08 11:35:37 7432 [Note] Shutting down plugin 'INNODB_BUFFER_POOL_STATS'
2019-02-08 11:35:37 7432 [Note] Shutting down plugin 'INNODB_BUFFER_PAGE_LRU'
2019-02-08 11:35:37 7432 [Note] Shutting down plugin 'INNODB_BUFFER_PAGE'
2019-02-08 11:35:37 7432 [Note] Shutting down plugin 'INNODB_CMP_PER_INDEX_RESET'
2019-02-08 11:35:37 7432 [Note] Shutting down plugin 'INNODB_CMP_PER_INDEX'
2019-02-08 11:35:37 7432 [Note] Shutting down plugin 'INNODB_CMPMEM_RESET'
2019-02-08 11:35:37 7432 [Note] Shutting down plugin 'INNODB_CMPMEM'
2019-02-08 11:35:37 7432 [Note] Shutting down plugin 'INNODB_CMP_RESET'
2019-02-08 11:35:37 7432 [Note] Shutting down plugin 'INNODB_CMP'
2019-02-08 11:35:37 7432 [Note] Shutting down plugin 'INNODB_LOCK_WAITS'
2019-02-08 11:35:37 7432 [Note] Shutting down plugin 'INNODB_LOCKS'
2019-02-08 11:35:37 7432 [Note] Shutting down plugin 'INNODB_TRX'
2019-02-08 11:35:37 7432 [Note] Shutting down plugin 'BLACKHOLE'
2019-02-08 11:35:37 7432 [Note] Shutting down plugin 'ARCHIVE'
2019-02-08 11:35:37 7432 [Note] Shutting down plugin 'MRG_MYISAM'
2019-02-08 11:35:37 7432 [Note] Shutting down plugin 'MyISAM'
2019-02-08 11:35:37 7432 [Note] Shutting down plugin 'MEMORY'
2019-02-08 11:35:37 7432 [Note] Shutting down plugin 'CSV'
2019-02-08 11:35:37 7432 [Note] Shutting down plugin 'sha256_password'
2019-02-08 11:35:37 7432 [Note] Shutting down plugin 'mysql_old_password'
2019-02-08 11:35:37 7432 [Note] Shutting down plugin 'mysql_native_password'
2019-02-08 11:35:37 7432 [Note] Shutting down plugin 'binlog'
2019-02-08 11:35:37 7432 [Note] U:\git\AukcjaDo\1\AukcjaDo1\000_rough/mysql/bin/mysqld_usbwv8.exe: Shutdown complete

2019-02-08 11:36:12 11124 [Note] Plugin 'FEDERATED' is disabled.
2019-02-08 11:36:12 11124 [Note] InnoDB: The InnoDB memory heap is disabled
2019-02-08 11:36:12 11124 [Note] InnoDB: Mutexes and rw_locks use Windows interlocked functions
2019-02-08 11:36:12 11124 [Note] InnoDB: Compressed tables use zlib 1.2.3
2019-02-08 11:36:12 11124 [Note] InnoDB: Not using CPU crc32 instructions
2019-02-08 11:36:12 11124 [Note] InnoDB: Initializing buffer pool, size = 128.0M
2019-02-08 11:36:12 11124 [Note] InnoDB: Completed initialization of buffer pool
2019-02-08 11:36:12 11124 [Note] InnoDB: Highest supported file format is Barracuda.
2019-02-08 11:36:12 11124 [Note] InnoDB: The log sequence numbers 1626134 and 1626134 in ibdata files do not match the log sequence number 2457161 in the ib_logfiles!
2019-02-08 11:36:12 11124 [Note] InnoDB: Database was not shutdown normally!
2019-02-08 11:36:12 11124 [Note] InnoDB: Starting crash recovery.
2019-02-08 11:36:12 11124 [Note] InnoDB: Reading tablespace information from the .ibd files...
2019-02-08 11:36:13 11124 [Note] InnoDB: Restoring possible half-written data pages 
2019-02-08 11:36:13 11124 [Note] InnoDB: from the doublewrite buffer...
2019-02-08 11:36:14 11124 [Note] InnoDB: 128 rollback segment(s) are active.
2019-02-08 11:36:14 11124 [Note] InnoDB: Waiting for purge to start
2019-02-08 11:36:15 11124 [Note] InnoDB: 5.6.13 started; log sequence number 2457161
2019-02-08 11:36:15 11124 [Note] Server hostname (bind-address): '*'; port: 3307
2019-02-08 11:36:15 11124 [Note] IPv6 is available.
2019-02-08 11:36:15 11124 [Note]   - '::' resolves to '::';
2019-02-08 11:36:15 11124 [Note] Server socket created on IP: '::'.
2019-02-08 11:36:15 11124 [Note] Event Scheduler: Loaded 0 events
2019-02-08 11:36:15 11124 [Note] U:\git\AukcjaDo\1\AukcjaDo1\000_rough/mysql/bin/mysqld_usbwv8.exe: ready for connections.
Version: '5.6.13'  socket: ''  port: 3307  MySQL Community Server (GPL)
2019-02-08 11:39:20 12648 [Note] Plugin 'FEDERATED' is disabled.
2019-02-08 11:39:20 12648 [Note] InnoDB: The InnoDB memory heap is disabled
2019-02-08 11:39:20 12648 [Note] InnoDB: Mutexes and rw_locks use Windows interlocked functions
2019-02-08 11:39:20 12648 [Note] InnoDB: Compressed tables use zlib 1.2.3
2019-02-08 11:39:20 12648 [Note] InnoDB: Not using CPU crc32 instructions
2019-02-08 11:39:20 12648 [Note] InnoDB: Initializing buffer pool, size = 128.0M
2019-02-08 11:39:20 12648 [Note] InnoDB: Completed initialization of buffer pool
2019-02-08 11:39:20 12648 [ERROR] InnoDB: U:\git\AukcjaDo\1\AukcjaDo1\000_rough\mysql\data\ibdata1 can't be opened in read-write mode
2019-02-08 11:39:20 12648 [ERROR] InnoDB: The system tablespace must be writable!
2019-02-08 11:39:20 12648 [ERROR] Plugin 'InnoDB' init function returned error.
2019-02-08 11:39:20 12648 [ERROR] Plugin 'InnoDB' registration as a STORAGE ENGINE failed.
2019-02-08 11:39:20 12648 [ERROR] Unknown/unsupported storage engine: InnoDB
2019-02-08 11:39:20 12648 [ERROR] Aborting

2019-02-08 11:39:20 12648 [Note] Binlog end
2019-02-08 11:39:20 12648 [Note] Shutting down plugin 'partition'
2019-02-08 11:39:20 12648 [Note] Shutting down plugin 'PERFORMANCE_SCHEMA'
2019-02-08 11:39:20 12648 [Note] Shutting down plugin 'INNODB_SYS_DATAFILES'
2019-02-08 11:39:20 12648 [Note] Shutting down plugin 'INNODB_SYS_TABLESPACES'
2019-02-08 11:39:20 12648 [Note] Shutting down plugin 'INNODB_SYS_FOREIGN_COLS'
2019-02-08 11:39:20 12648 [Note] Shutting down plugin 'INNODB_SYS_FOREIGN'
2019-02-08 11:39:20 12648 [Note] Shutting down plugin 'INNODB_SYS_FIELDS'
2019-02-08 11:39:20 12648 [Note] Shutting down plugin 'INNODB_SYS_COLUMNS'
2019-02-08 11:39:20 12648 [Note] Shutting down plugin 'INNODB_SYS_INDEXES'
2019-02-08 11:39:20 12648 [Note] Shutting down plugin 'INNODB_SYS_TABLESTATS'
2019-02-08 11:39:20 12648 [Note] Shutting down plugin 'INNODB_SYS_TABLES'
2019-02-08 11:39:20 12648 [Note] Shutting down plugin 'INNODB_FT_INDEX_TABLE'
2019-02-08 11:39:20 12648 [Note] Shutting down plugin 'INNODB_FT_INDEX_CACHE'
2019-02-08 11:39:20 12648 [Note] Shutting down plugin 'INNODB_FT_CONFIG'
2019-02-08 11:39:20 12648 [Note] Shutting down plugin 'INNODB_FT_BEING_DELETED'
2019-02-08 11:39:20 12648 [Note] Shutting down plugin 'INNODB_FT_DELETED'
2019-02-08 11:39:20 12648 [Note] Shutting down plugin 'INNODB_FT_DEFAULT_STOPWORD'
2019-02-08 11:39:20 12648 [Note] Shutting down plugin 'INNODB_METRICS'
2019-02-08 11:39:20 12648 [Note] Shutting down plugin 'INNODB_BUFFER_POOL_STATS'
2019-02-08 11:39:20 12648 [Note] Shutting down plugin 'INNODB_BUFFER_PAGE_LRU'
2019-02-08 11:39:20 12648 [Note] Shutting down plugin 'INNODB_BUFFER_PAGE'
2019-02-08 11:39:20 12648 [Note] Shutting down plugin 'INNODB_CMP_PER_INDEX_RESET'
2019-02-08 11:39:20 12648 [Note] Shutting down plugin 'INNODB_CMP_PER_INDEX'
2019-02-08 11:39:20 12648 [Note] Shutting down plugin 'INNODB_CMPMEM_RESET'
2019-02-08 11:39:20 12648 [Note] Shutting down plugin 'INNODB_CMPMEM'
2019-02-08 11:39:20 12648 [Note] Shutting down plugin 'INNODB_CMP_RESET'
2019-02-08 11:39:20 12648 [Note] Shutting down plugin 'INNODB_CMP'
2019-02-08 11:39:20 12648 [Note] Shutting down plugin 'INNODB_LOCK_WAITS'
2019-02-08 11:39:20 12648 [Note] Shutting down plugin 'INNODB_LOCKS'
2019-02-08 11:39:20 12648 [Note] Shutting down plugin 'INNODB_TRX'
2019-02-08 11:39:20 12648 [Note] Shutting down plugin 'BLACKHOLE'
2019-02-08 11:39:20 12648 [Note] Shutting down plugin 'ARCHIVE'
2019-02-08 11:39:20 12648 [Note] Shutting down plugin 'MRG_MYISAM'
2019-02-08 11:39:20 12648 [Note] Shutting down plugin 'MyISAM'
2019-02-08 11:39:20 12648 [Note] Shutting down plugin 'MEMORY'
2019-02-08 11:39:20 12648 [Note] Shutting down plugin 'CSV'
2019-02-08 11:39:20 12648 [Note] Shutting down plugin 'sha256_password'
2019-02-08 11:39:20 12648 [Note] Shutting down plugin 'mysql_old_password'
2019-02-08 11:39:20 12648 [Note] Shutting down plugin 'mysql_native_password'
2019-02-08 11:39:20 12648 [Note] Shutting down plugin 'binlog'
2019-02-08 11:39:20 12648 [Note] U:\git\AukcjaDo\1\AukcjaDo1\000_rough/mysql/bin/mysqld_usbwv8.exe: Shutdown complete

2019-02-08 11:39:47 3312 [Note] Plugin 'FEDERATED' is disabled.
2019-02-08 11:39:48 3312 [Note] InnoDB: The InnoDB memory heap is disabled
2019-02-08 11:39:48 3312 [Note] InnoDB: Mutexes and rw_locks use Windows interlocked functions
2019-02-08 11:39:48 3312 [Note] InnoDB: Compressed tables use zlib 1.2.3
2019-02-08 11:39:48 3312 [Note] InnoDB: Not using CPU crc32 instructions
2019-02-08 11:39:48 3312 [Note] InnoDB: Initializing buffer pool, size = 128.0M
2019-02-08 11:39:48 3312 [Note] InnoDB: Completed initialization of buffer pool
2019-02-08 11:39:48 3312 [Note] InnoDB: Highest supported file format is Barracuda.
2019-02-08 11:39:48 3312 [Note] InnoDB: The log sequence numbers 1626134 and 1626134 in ibdata files do not match the log sequence number 2457171 in the ib_logfiles!
2019-02-08 11:39:48 3312 [Note] InnoDB: Database was not shutdown normally!
2019-02-08 11:39:48 3312 [Note] InnoDB: Starting crash recovery.
2019-02-08 11:39:48 3312 [Note] InnoDB: Reading tablespace information from the .ibd files...
2019-02-08 11:39:48 3312 [Note] InnoDB: Restoring possible half-written data pages 
2019-02-08 11:39:48 3312 [Note] InnoDB: from the doublewrite buffer...
2019-02-08 11:39:50 3312 [Note] InnoDB: 128 rollback segment(s) are active.
2019-02-08 11:39:50 3312 [Note] InnoDB: Waiting for purge to start
2019-02-08 11:39:50 3312 [Note] InnoDB: 5.6.13 started; log sequence number 2457171
2019-02-08 11:39:50 3312 [Note] Server hostname (bind-address): '*'; port: 3307
2019-02-08 11:39:50 3312 [Note] IPv6 is available.
2019-02-08 11:39:50 3312 [Note]   - '::' resolves to '::';
2019-02-08 11:39:50 3312 [Note] Server socket created on IP: '::'.
2019-02-08 11:39:51 3312 [Note] Event Scheduler: Loaded 0 events
2019-02-08 11:39:51 3312 [Note] U:\git\AukcjaDo\1\AukcjaDo1\000_rough/mysql/bin/mysqld_usbwv8.exe: ready for connections.
Version: '5.6.13'  socket: ''  port: 3307  MySQL Community Server (GPL)
2019-02-08 11:42:32 13112 [Note] Plugin 'FEDERATED' is disabled.
2019-02-08 11:42:32 13112 [Note] InnoDB: The InnoDB memory heap is disabled
2019-02-08 11:42:32 13112 [Note] InnoDB: Mutexes and rw_locks use Windows interlocked functions
2019-02-08 11:42:32 13112 [Note] InnoDB: Compressed tables use zlib 1.2.3
2019-02-08 11:42:32 13112 [Note] InnoDB: Not using CPU crc32 instructions
2019-02-08 11:42:32 13112 [Note] InnoDB: Initializing buffer pool, size = 128.0M
2019-02-08 11:42:32 13112 [Note] InnoDB: Completed initialization of buffer pool
2019-02-08 11:42:32 13112 [ERROR] InnoDB: U:\git\AukcjaDo\1\AukcjaDo1\000_rough\mysql\data\ibdata1 can't be opened in read-write mode
2019-02-08 11:42:32 13112 [ERROR] InnoDB: The system tablespace must be writable!
2019-02-08 11:42:32 13112 [ERROR] Plugin 'InnoDB' init function returned error.
2019-02-08 11:42:32 13112 [ERROR] Plugin 'InnoDB' registration as a STORAGE ENGINE failed.
2019-02-08 11:42:32 13112 [ERROR] Unknown/unsupported storage engine: InnoDB
2019-02-08 11:42:32 13112 [ERROR] Aborting

2019-02-08 11:42:32 13112 [Note] Binlog end
2019-02-08 11:42:32 13112 [Note] Shutting down plugin 'partition'
2019-02-08 11:42:32 13112 [Note] Shutting down plugin 'PERFORMANCE_SCHEMA'
2019-02-08 11:42:32 13112 [Note] Shutting down plugin 'INNODB_SYS_DATAFILES'
2019-02-08 11:42:32 13112 [Note] Shutting down plugin 'INNODB_SYS_TABLESPACES'
2019-02-08 11:42:32 13112 [Note] Shutting down plugin 'INNODB_SYS_FOREIGN_COLS'
2019-02-08 11:42:32 13112 [Note] Shutting down plugin 'INNODB_SYS_FOREIGN'
2019-02-08 11:42:32 13112 [Note] Shutting down plugin 'INNODB_SYS_FIELDS'
2019-02-08 11:42:32 13112 [Note] Shutting down plugin 'INNODB_SYS_COLUMNS'
2019-02-08 11:42:32 13112 [Note] Shutting down plugin 'INNODB_SYS_INDEXES'
2019-02-08 11:42:32 13112 [Note] Shutting down plugin 'INNODB_SYS_TABLESTATS'
2019-02-08 11:42:32 13112 [Note] Shutting down plugin 'INNODB_SYS_TABLES'
2019-02-08 11:42:32 13112 [Note] Shutting down plugin 'INNODB_FT_INDEX_TABLE'
2019-02-08 11:42:32 13112 [Note] Shutting down plugin 'INNODB_FT_INDEX_CACHE'
2019-02-08 11:42:32 13112 [Note] Shutting down plugin 'INNODB_FT_CONFIG'
2019-02-08 11:42:32 13112 [Note] Shutting down plugin 'INNODB_FT_BEING_DELETED'
2019-02-08 11:42:32 13112 [Note] Shutting down plugin 'INNODB_FT_DELETED'
2019-02-08 11:42:32 13112 [Note] Shutting down plugin 'INNODB_FT_DEFAULT_STOPWORD'
2019-02-08 11:42:32 13112 [Note] Shutting down plugin 'INNODB_METRICS'
2019-02-08 11:42:32 13112 [Note] Shutting down plugin 'INNODB_BUFFER_POOL_STATS'
2019-02-08 11:42:32 13112 [Note] Shutting down plugin 'INNODB_BUFFER_PAGE_LRU'
2019-02-08 11:42:32 13112 [Note] Shutting down plugin 'INNODB_BUFFER_PAGE'
2019-02-08 11:42:32 13112 [Note] Shutting down plugin 'INNODB_CMP_PER_INDEX_RESET'
2019-02-08 11:42:32 13112 [Note] Shutting down plugin 'INNODB_CMP_PER_INDEX'
2019-02-08 11:42:32 13112 [Note] Shutting down plugin 'INNODB_CMPMEM_RESET'
2019-02-08 11:42:32 13112 [Note] Shutting down plugin 'INNODB_CMPMEM'
2019-02-08 11:42:32 13112 [Note] Shutting down plugin 'INNODB_CMP_RESET'
2019-02-08 11:42:32 13112 [Note] Shutting down plugin 'INNODB_CMP'
2019-02-08 11:42:32 13112 [Note] Shutting down plugin 'INNODB_LOCK_WAITS'
2019-02-08 11:42:32 13112 [Note] Shutting down plugin 'INNODB_LOCKS'
2019-02-08 11:42:32 13112 [Note] Shutting down plugin 'INNODB_TRX'
2019-02-08 11:42:32 13112 [Note] Shutting down plugin 'BLACKHOLE'
2019-02-08 11:42:32 13112 [Note] Shutting down plugin 'ARCHIVE'
2019-02-08 11:42:32 13112 [Note] Shutting down plugin 'MRG_MYISAM'
2019-02-08 11:42:32 13112 [Note] Shutting down plugin 'MyISAM'
2019-02-08 11:42:32 13112 [Note] Shutting down plugin 'MEMORY'
2019-02-08 11:42:32 13112 [Note] Shutting down plugin 'CSV'
2019-02-08 11:42:32 13112 [Note] Shutting down plugin 'sha256_password'
2019-02-08 11:42:32 13112 [Note] Shutting down plugin 'mysql_old_password'
2019-02-08 11:42:32 13112 [Note] Shutting down plugin 'mysql_native_password'
2019-02-08 11:42:32 13112 [Note] Shutting down plugin 'binlog'
2019-02-08 11:42:32 13112 [Note] U:\git\AukcjaDo\1\AukcjaDo1\000_rough/mysql/bin/mysqld_usbwv8.exe: Shutdown complete

2019-02-08 11:43:44 6152 [Note] Plugin 'FEDERATED' is disabled.
2019-02-08 11:43:44 6152 [Note] InnoDB: The InnoDB memory heap is disabled
2019-02-08 11:43:44 6152 [Note] InnoDB: Mutexes and rw_locks use Windows interlocked functions
2019-02-08 11:43:44 6152 [Note] InnoDB: Compressed tables use zlib 1.2.3
2019-02-08 11:43:44 6152 [Note] InnoDB: Not using CPU crc32 instructions
2019-02-08 11:43:44 6152 [Note] InnoDB: Initializing buffer pool, size = 128.0M
2019-02-08 11:43:44 6152 [Note] InnoDB: Completed initialization of buffer pool
2019-02-08 11:43:44 6152 [Note] InnoDB: Highest supported file format is Barracuda.
2019-02-08 11:43:44 6152 [Note] InnoDB: The log sequence numbers 1626134 and 1626134 in ibdata files do not match the log sequence number 2457181 in the ib_logfiles!
2019-02-08 11:43:44 6152 [Note] InnoDB: Database was not shutdown normally!
2019-02-08 11:43:44 6152 [Note] InnoDB: Starting crash recovery.
2019-02-08 11:43:44 6152 [Note] InnoDB: Reading tablespace information from the .ibd files...
2019-02-08 11:43:44 6152 [Note] InnoDB: Restoring possible half-written data pages 
2019-02-08 11:43:44 6152 [Note] InnoDB: from the doublewrite buffer...
2019-02-08 11:43:46 6152 [Note] InnoDB: 128 rollback segment(s) are active.
2019-02-08 11:43:46 6152 [Note] InnoDB: Waiting for purge to start
2019-02-08 11:43:46 6152 [Note] InnoDB: 5.6.13 started; log sequence number 2457181
2019-02-08 11:43:46 6152 [Note] Server hostname (bind-address): '*'; port: 3307
2019-02-08 11:43:46 6152 [Note] IPv6 is available.
2019-02-08 11:43:46 6152 [Note]   - '::' resolves to '::';
2019-02-08 11:43:47 6152 [Note] Server socket created on IP: '::'.
2019-02-08 11:43:48 6152 [Note] Event Scheduler: Loaded 0 events
2019-02-08 11:43:48 6152 [Note] U:\git\AukcjaDo\1\AukcjaDo1\000_rough/mysql/bin/mysqld_usbwv8.exe: ready for connections.
Version: '5.6.13'  socket: ''  port: 3307  MySQL Community Server (GPL)
2019-02-08 11:53:40 3004 [Note] Plugin 'FEDERATED' is disabled.
2019-02-08 11:53:40 3004 [Note] InnoDB: The InnoDB memory heap is disabled
2019-02-08 11:53:40 3004 [Note] InnoDB: Mutexes and rw_locks use Windows interlocked functions
2019-02-08 11:53:40 3004 [Note] InnoDB: Compressed tables use zlib 1.2.3
2019-02-08 11:53:41 3004 [Note] InnoDB: Not using CPU crc32 instructions
2019-02-08 11:53:41 3004 [Note] InnoDB: Initializing buffer pool, size = 128.0M
2019-02-08 11:53:41 3004 [Note] InnoDB: Completed initialization of buffer pool
2019-02-08 11:53:41 3004 [Note] InnoDB: Highest supported file format is Barracuda.
2019-02-08 11:53:41 3004 [Note] InnoDB: The log sequence numbers 1626134 and 1626134 in ibdata files do not match the log sequence number 2457191 in the ib_logfiles!
2019-02-08 11:53:41 3004 [Note] InnoDB: Database was not shutdown normally!
2019-02-08 11:53:41 3004 [Note] InnoDB: Starting crash recovery.
2019-02-08 11:53:41 3004 [Note] InnoDB: Reading tablespace information from the .ibd files...
2019-02-08 11:53:41 3004 [Note] InnoDB: Restoring possible half-written data pages 
2019-02-08 11:53:41 3004 [Note] InnoDB: from the doublewrite buffer...
2019-02-08 11:53:42 3004 [Note] InnoDB: 128 rollback segment(s) are active.
2019-02-08 11:53:42 3004 [Note] InnoDB: Waiting for purge to start
2019-02-08 11:53:42 3004 [Note] InnoDB: 5.6.13 started; log sequence number 2457191
2019-02-08 11:53:42 3004 [Note] Server hostname (bind-address): '*'; port: 3307
2019-02-08 11:53:42 3004 [Note] IPv6 is available.
2019-02-08 11:53:42 3004 [Note]   - '::' resolves to '::';
2019-02-08 11:53:42 3004 [Note] Server socket created on IP: '::'.
2019-02-08 11:53:43 3004 [Note] Event Scheduler: Loaded 0 events
2019-02-08 11:53:43 3004 [Note] U:\git\AukcjaDo\1\AukcjaDo1\000_rough/mysql/bin/mysqld_usbwv8.exe: ready for connections.
Version: '5.6.13'  socket: ''  port: 3307  MySQL Community Server (GPL)
2019-02-08 11:58:32 8492 [Note] Plugin 'FEDERATED' is disabled.
2019-02-08 11:58:32 8492 [Note] InnoDB: The InnoDB memory heap is disabled
2019-02-08 11:58:32 8492 [Note] InnoDB: Mutexes and rw_locks use Windows interlocked functions
2019-02-08 11:58:32 8492 [Note] InnoDB: Compressed tables use zlib 1.2.3
2019-02-08 11:58:32 8492 [Note] InnoDB: Not using CPU crc32 instructions
2019-02-08 11:58:32 8492 [Note] InnoDB: Initializing buffer pool, size = 128.0M
2019-02-08 11:58:32 8492 [Note] InnoDB: Completed initialization of buffer pool
2019-02-08 11:58:32 8492 [Note] InnoDB: Highest supported file format is Barracuda.
2019-02-08 11:58:32 8492 [Note] InnoDB: The log sequence numbers 1626134 and 1626134 in ibdata files do not match the log sequence number 2457201 in the ib_logfiles!
2019-02-08 11:58:32 8492 [Note] InnoDB: Database was not shutdown normally!
2019-02-08 11:58:32 8492 [Note] InnoDB: Starting crash recovery.
2019-02-08 11:58:32 8492 [Note] InnoDB: Reading tablespace information from the .ibd files...
2019-02-08 11:58:32 8492 [Note] InnoDB: Restoring possible half-written data pages 
2019-02-08 11:58:32 8492 [Note] InnoDB: from the doublewrite buffer...
2019-02-08 11:58:32 8492 [Note] InnoDB: 128 rollback segment(s) are active.
2019-02-08 11:58:32 8492 [Note] InnoDB: Waiting for purge to start
2019-02-08 11:58:32 8492 [Note] InnoDB: 5.6.13 started; log sequence number 2457201
2019-02-08 11:58:32 8492 [Note] Server hostname (bind-address): '*'; port: 3307
2019-02-08 11:58:32 8492 [Note] IPv6 is available.
2019-02-08 11:58:32 8492 [Note]   - '::' resolves to '::';
2019-02-08 11:58:32 8492 [Note] Server socket created on IP: '::'.
2019-02-08 11:58:32 8492 [Note] Event Scheduler: Loaded 0 events
2019-02-08 11:58:32 8492 [Note] C:\Users\marcin.kuciak\Documents\000_rough/mysql/bin/mysqld_usbwv8.exe: ready for connections.
Version: '5.6.13'  socket: ''  port: 3307  MySQL Community Server (GPL)
