2014-01-29 09:04:37 7524 [Note] Plugin 'FEDERATED' is disabled.
2014-01-29 09:04:38 7524 [Note] InnoDB: The InnoDB memory heap is disabled
2014-01-29 09:04:38 7524 [Note] InnoDB: Mutexes and rw_locks use Windows interlocked functions
2014-01-29 09:04:38 7524 [Note] InnoDB: Compressed tables use zlib 1.2.3
2014-01-29 09:04:39 7524 [Note] InnoDB: Not using CPU crc32 instructions
2014-01-29 09:04:39 7524 [Note] InnoDB: Initializing buffer pool, size = 128.0M
2014-01-29 09:04:39 7524 [Note] InnoDB: Completed initialization of buffer pool
2014-01-29 09:04:40 7524 [Note] InnoDB: Highest supported file format is Barracuda.
2014-01-29 09:04:40 7524 [Note] InnoDB: The log sequence numbers 1626134 and 1626134 in ibdata files do not match the log sequence number 1710142 in the ib_logfiles!
2014-01-29 09:04:40 7524 [Note] InnoDB: Database was not shutdown normally!
2014-01-29 09:04:40 7524 [Note] InnoDB: Starting crash recovery.
2014-01-29 09:04:40 7524 [Note] InnoDB: Reading tablespace information from the .ibd files...
2014-01-29 09:04:40 7524 [Note] InnoDB: Restoring possible half-written data pages 
2014-01-29 09:04:40 7524 [Note] InnoDB: from the doublewrite buffer...
2014-01-29 09:04:43 7524 [Note] InnoDB: 128 rollback segment(s) are active.
2014-01-29 09:04:43 7524 [Note] InnoDB: Waiting for purge to start
2014-01-29 09:04:43 7524 [Note] InnoDB: 5.6.13 started; log sequence number 1710142
2014-01-29 09:04:43 7524 [Note] Server hostname (bind-address): '*'; port: 3307
2014-01-29 09:04:43 7524 [Note] IPv6 is available.
2014-01-29 09:04:43 7524 [Note]   - '::' resolves to '::';
2014-01-29 09:04:43 7524 [Note] Server socket created on IP: '::'.
2014-01-29 09:04:55 7524 [Note] Event Scheduler: Loaded 0 events
2014-01-29 09:04:55 7524 [Note] G:\/mysql/bin/mysqld_usbwv8.exe: ready for connections.
Version: '5.6.13'  socket: ''  port: 3307  MySQL Community Server (GPL)
2014-01-29 09:06:13 8632 [Note] Plugin 'FEDERATED' is disabled.
2014-01-29 09:06:13 8632 [Note] InnoDB: The InnoDB memory heap is disabled
2014-01-29 09:06:13 8632 [Note] InnoDB: Mutexes and rw_locks use Windows interlocked functions
2014-01-29 09:06:13 8632 [Note] InnoDB: Compressed tables use zlib 1.2.3
2014-01-29 09:06:13 8632 [Note] InnoDB: Not using CPU crc32 instructions
2014-01-29 09:06:13 8632 [Note] InnoDB: Initializing buffer pool, size = 128.0M
2014-01-29 09:06:13 8632 [Note] InnoDB: Completed initialization of buffer pool
2014-01-29 09:06:13 8632 [Note] InnoDB: Highest supported file format is Barracuda.
2014-01-29 09:06:13 8632 [Note] InnoDB: The log sequence numbers 1626134 and 1626134 in ibdata files do not match the log sequence number 1710152 in the ib_logfiles!
2014-01-29 09:06:13 8632 [Note] InnoDB: Database was not shutdown normally!
2014-01-29 09:06:13 8632 [Note] InnoDB: Starting crash recovery.
2014-01-29 09:06:13 8632 [Note] InnoDB: Reading tablespace information from the .ibd files...
2014-01-29 09:06:13 8632 [Note] InnoDB: Restoring possible half-written data pages 
2014-01-29 09:06:13 8632 [Note] InnoDB: from the doublewrite buffer...
2014-01-29 09:06:15 8632 [Note] InnoDB: 128 rollback segment(s) are active.
2014-01-29 09:06:15 8632 [Note] InnoDB: Waiting for purge to start
2014-01-29 09:06:15 8632 [Note] InnoDB: 5.6.13 started; log sequence number 1710152
2014-01-29 09:06:15 8632 [Note] Server hostname (bind-address): '*'; port: 3307
2014-01-29 09:06:15 8632 [Note] IPv6 is available.
2014-01-29 09:06:15 8632 [Note]   - '::' resolves to '::';
2014-01-29 09:06:15 8632 [Note] Server socket created on IP: '::'.
2014-01-29 09:06:21 8632 [Note] Event Scheduler: Loaded 0 events
2014-01-29 09:06:21 8632 [Note] G:\/mysql/bin/mysqld_usbwv8.exe: ready for connections.
Version: '5.6.13'  socket: ''  port: 3307  MySQL Community Server (GPL)
2014-01-29 09:11:46 4752 [Note] Plugin 'FEDERATED' is disabled.
2014-01-29 09:11:46 4752 [Note] InnoDB: The InnoDB memory heap is disabled
2014-01-29 09:11:46 4752 [Note] InnoDB: Mutexes and rw_locks use Windows interlocked functions
2014-01-29 09:11:46 4752 [Note] InnoDB: Compressed tables use zlib 1.2.3
2014-01-29 09:11:46 4752 [Note] InnoDB: Not using CPU crc32 instructions
2014-01-29 09:11:46 4752 [Note] InnoDB: Initializing buffer pool, size = 128.0M
2014-01-29 09:11:46 4752 [Note] InnoDB: Completed initialization of buffer pool
2014-01-29 09:11:47 4752 [Note] InnoDB: Highest supported file format is Barracuda.
2014-01-29 09:11:47 4752 [Note] InnoDB: The log sequence numbers 1626134 and 1626134 in ibdata files do not match the log sequence number 1710162 in the ib_logfiles!
2014-01-29 09:11:47 4752 [Note] InnoDB: Database was not shutdown normally!
2014-01-29 09:11:47 4752 [Note] InnoDB: Starting crash recovery.
2014-01-29 09:11:47 4752 [Note] InnoDB: Reading tablespace information from the .ibd files...
2014-01-29 09:11:47 4752 [Note] InnoDB: Restoring possible half-written data pages 
2014-01-29 09:11:47 4752 [Note] InnoDB: from the doublewrite buffer...
2014-01-29 09:11:50 4752 [Note] InnoDB: 128 rollback segment(s) are active.
2014-01-29 09:11:51 4752 [Note] InnoDB: Waiting for purge to start
2014-01-29 09:11:51 4752 [Note] InnoDB: 5.6.13 started; log sequence number 1710162
2014-01-29 09:11:51 4752 [Note] Server hostname (bind-address): '*'; port: 3307
2014-01-29 09:11:51 4752 [Note] IPv6 is available.
2014-01-29 09:11:51 4752 [Note]   - '::' resolves to '::';
2014-01-29 09:11:51 4752 [Note] Server socket created on IP: '::'.
2014-01-29 09:11:54 4752 [Note] Event Scheduler: Loaded 0 events
2014-01-29 09:11:54 4752 [Note] G:\/mysql/bin/mysqld_usbwv8.exe: ready for connections.
Version: '5.6.13'  socket: ''  port: 3307  MySQL Community Server (GPL)
2014-01-29 10:13:07 488 [Note] Plugin 'FEDERATED' is disabled.
2014-01-29 10:13:07 488 [Note] InnoDB: The InnoDB memory heap is disabled
2014-01-29 10:13:07 488 [Note] InnoDB: Mutexes and rw_locks use Windows interlocked functions
2014-01-29 10:13:07 488 [Note] InnoDB: Compressed tables use zlib 1.2.3
2014-01-29 10:13:07 488 [Note] InnoDB: Not using CPU crc32 instructions
2014-01-29 10:13:07 488 [Note] InnoDB: Initializing buffer pool, size = 128.0M
2014-01-29 10:13:07 488 [Note] InnoDB: Completed initialization of buffer pool
2014-01-29 10:13:07 488 [Note] InnoDB: Highest supported file format is Barracuda.
2014-01-29 10:13:07 488 [Note] InnoDB: The log sequence numbers 1626134 and 1626134 in ibdata files do not match the log sequence number 1710172 in the ib_logfiles!
2014-01-29 10:13:07 488 [Note] InnoDB: Database was not shutdown normally!
2014-01-29 10:13:07 488 [Note] InnoDB: Starting crash recovery.
2014-01-29 10:13:07 488 [Note] InnoDB: Reading tablespace information from the .ibd files...
2014-01-29 10:13:08 488 [Note] InnoDB: Restoring possible half-written data pages 
2014-01-29 10:13:08 488 [Note] InnoDB: from the doublewrite buffer...
2014-01-29 10:13:10 488 [Note] InnoDB: 128 rollback segment(s) are active.
2014-01-29 10:13:10 488 [Note] InnoDB: Waiting for purge to start
2014-01-29 10:13:10 488 [Note] InnoDB: 5.6.13 started; log sequence number 1710172
2014-01-29 10:13:10 488 [Note] Server hostname (bind-address): '*'; port: 3307
2014-01-29 10:13:10 488 [Note] IPv6 is available.
2014-01-29 10:13:10 488 [Note]   - '::' resolves to '::';
2014-01-29 10:13:10 488 [Note] Server socket created on IP: '::'.
2014-01-29 10:13:20 488 [Note] Event Scheduler: Loaded 0 events
2014-01-29 10:13:20 488 [Note] G:\/mysql/bin/mysqld_usbwv8.exe: ready for connections.
Version: '5.6.13'  socket: ''  port: 3307  MySQL Community Server (GPL)
2014-01-30 09:09:40 1072 [Note] Plugin 'FEDERATED' is disabled.
2014-01-30 09:09:41 1072 [Note] InnoDB: The InnoDB memory heap is disabled
2014-01-30 09:09:41 1072 [Note] InnoDB: Mutexes and rw_locks use Windows interlocked functions
2014-01-30 09:09:41 1072 [Note] InnoDB: Compressed tables use zlib 1.2.3
2014-01-30 09:09:41 1072 [Note] InnoDB: Not using CPU crc32 instructions
2014-01-30 09:09:41 1072 [Note] InnoDB: Initializing buffer pool, size = 128.0M
2014-01-30 09:09:41 1072 [Note] InnoDB: Completed initialization of buffer pool
2014-01-30 09:09:41 1072 [Note] InnoDB: Highest supported file format is Barracuda.
2014-01-30 09:09:42 1072 [Note] InnoDB: The log sequence numbers 1626134 and 1626134 in ibdata files do not match the log sequence number 1710202 in the ib_logfiles!
2014-01-30 09:09:42 1072 [Note] InnoDB: Database was not shutdown normally!
2014-01-30 09:09:42 1072 [Note] InnoDB: Starting crash recovery.
2014-01-30 09:09:42 1072 [Note] InnoDB: Reading tablespace information from the .ibd files...
2014-01-30 09:09:43 1072 [Note] InnoDB: Restoring possible half-written data pages 
2014-01-30 09:09:43 1072 [Note] InnoDB: from the doublewrite buffer...
2014-01-30 09:09:46 1072 [Note] InnoDB: 128 rollback segment(s) are active.
2014-01-30 09:09:46 1072 [Note] InnoDB: Waiting for purge to start
2014-01-30 09:09:46 1072 [Note] InnoDB: 5.6.13 started; log sequence number 1710202
2014-01-30 09:09:46 1072 [Note] Server hostname (bind-address): '*'; port: 3307
2014-01-30 09:09:46 1072 [Note] IPv6 is available.
2014-01-30 09:09:46 1072 [Note]   - '::' resolves to '::';
2014-01-30 09:09:46 1072 [Note] Server socket created on IP: '::'.
2014-01-30 09:09:58 1072 [Note] Event Scheduler: Loaded 0 events
2014-01-30 09:09:58 1072 [Note] G:\/mysql/bin/mysqld_usbwv8.exe: ready for connections.
Version: '5.6.13'  socket: ''  port: 3307  MySQL Community Server (GPL)
2014-02-05 09:38:31 8648 [Note] Plugin 'FEDERATED' is disabled.
2014-02-05 09:38:32 8648 [Note] InnoDB: The InnoDB memory heap is disabled
2014-02-05 09:38:32 8648 [Note] InnoDB: Mutexes and rw_locks use Windows interlocked functions
2014-02-05 09:38:32 8648 [Note] InnoDB: Compressed tables use zlib 1.2.3
2014-02-05 09:38:32 8648 [Note] InnoDB: Not using CPU crc32 instructions
2014-02-05 09:38:32 8648 [Note] InnoDB: Initializing buffer pool, size = 128.0M
2014-02-05 09:38:32 8648 [Note] InnoDB: Completed initialization of buffer pool
2014-02-05 09:38:33 8648 [Note] InnoDB: Highest supported file format is Barracuda.
2014-02-05 09:38:33 8648 [Note] InnoDB: The log sequence numbers 1626134 and 1626134 in ibdata files do not match the log sequence number 2040452 in the ib_logfiles!
2014-02-05 09:38:33 8648 [Note] InnoDB: Database was not shutdown normally!
2014-02-05 09:38:33 8648 [Note] InnoDB: Starting crash recovery.
2014-02-05 09:38:33 8648 [Note] InnoDB: Reading tablespace information from the .ibd files...
2014-02-05 09:38:33 8648 [Note] InnoDB: Restoring possible half-written data pages 
2014-02-05 09:38:33 8648 [Note] InnoDB: from the doublewrite buffer...
2014-02-05 09:38:39 8648 [Note] InnoDB: 128 rollback segment(s) are active.
2014-02-05 09:38:39 8648 [Note] InnoDB: Waiting for purge to start
2014-02-05 09:38:39 8648 [Note] InnoDB: 5.6.13 started; log sequence number 2040452
2014-02-05 09:38:39 8648 [Note] Server hostname (bind-address): '*'; port: 3307
2014-02-05 09:38:39 8648 [Note] IPv6 is available.
2014-02-05 09:38:39 8648 [Note]   - '::' resolves to '::';
2014-02-05 09:38:39 8648 [Note] Server socket created on IP: '::'.
2014-02-05 09:38:53 8648 [Note] Event Scheduler: Loaded 0 events
2014-02-05 09:38:53 8648 [Note] F:\/mysql/bin/mysqld_usbwv8.exe: ready for connections.
Version: '5.6.13'  socket: ''  port: 3307  MySQL Community Server (GPL)
2014-02-05 11:53:51 4244 [Note] Plugin 'FEDERATED' is disabled.
2014-02-05 11:53:51 4244 [Note] InnoDB: The InnoDB memory heap is disabled
2014-02-05 11:53:51 4244 [Note] InnoDB: Mutexes and rw_locks use Windows interlocked functions
2014-02-05 11:53:51 4244 [Note] InnoDB: Compressed tables use zlib 1.2.3
2014-02-05 11:53:51 4244 [Note] InnoDB: Not using CPU crc32 instructions
2014-02-05 11:53:51 4244 [Note] InnoDB: Initializing buffer pool, size = 128.0M
2014-02-05 11:53:51 4244 [Note] InnoDB: Completed initialization of buffer pool
2014-02-05 11:53:51 4244 [Note] InnoDB: Highest supported file format is Barracuda.
2014-02-05 11:53:51 4244 [Note] InnoDB: The log sequence numbers 1626134 and 1626134 in ibdata files do not match the log sequence number 2040462 in the ib_logfiles!
2014-02-05 11:53:51 4244 [Note] InnoDB: Database was not shutdown normally!
2014-02-05 11:53:51 4244 [Note] InnoDB: Starting crash recovery.
2014-02-05 11:53:51 4244 [Note] InnoDB: Reading tablespace information from the .ibd files...
2014-02-05 11:53:51 4244 [Note] InnoDB: Restoring possible half-written data pages 
2014-02-05 11:53:51 4244 [Note] InnoDB: from the doublewrite buffer...
2014-02-05 11:53:59 4244 [Note] InnoDB: 128 rollback segment(s) are active.
2014-02-05 11:54:01 4244 [Note] InnoDB: Waiting for purge to start
2014-02-05 11:54:02 4244 [Note] InnoDB: 5.6.13 started; log sequence number 2040462
2014-02-05 11:54:02 4244 [Note] Server hostname (bind-address): '*'; port: 3307
2014-02-05 11:54:02 4244 [Note] IPv6 is available.
2014-02-05 11:54:02 4244 [Note]   - '::' resolves to '::';
2014-02-05 11:54:02 4244 [Note] Server socket created on IP: '::'.
2014-02-05 11:54:05 4244 [Note] Event Scheduler: Loaded 0 events
2014-02-05 11:54:05 4244 [Note] F:\/mysql/bin/mysqld_usbwv8.exe: ready for connections.
Version: '5.6.13'  socket: ''  port: 3307  MySQL Community Server (GPL)
2014-04-01 13:10:07 3240 [Note] Plugin 'FEDERATED' is disabled.
2014-04-01 13:10:08 3240 [Note] InnoDB: The InnoDB memory heap is disabled
2014-04-01 13:10:08 3240 [Note] InnoDB: Mutexes and rw_locks use Windows interlocked functions
2014-04-01 13:10:08 3240 [Note] InnoDB: Compressed tables use zlib 1.2.3
2014-04-01 13:10:08 3240 [Note] InnoDB: Not using CPU crc32 instructions
2014-04-01 13:10:08 3240 [Note] InnoDB: Initializing buffer pool, size = 128.0M
2014-04-01 13:10:08 3240 [Note] InnoDB: Completed initialization of buffer pool
2014-04-01 13:10:08 3240 [Note] InnoDB: Highest supported file format is Barracuda.
2014-04-01 13:10:08 3240 [Note] InnoDB: The log sequence numbers 1626134 and 1626134 in ibdata files do not match the log sequence number 2183703 in the ib_logfiles!
2014-04-01 13:10:08 3240 [Note] InnoDB: Database was not shutdown normally!
2014-04-01 13:10:08 3240 [Note] InnoDB: Starting crash recovery.
2014-04-01 13:10:08 3240 [Note] InnoDB: Reading tablespace information from the .ibd files...
2014-04-01 13:10:08 3240 [Note] InnoDB: Restoring possible half-written data pages 
2014-04-01 13:10:08 3240 [Note] InnoDB: from the doublewrite buffer...
2014-04-01 13:10:10 3240 [Note] InnoDB: 128 rollback segment(s) are active.
2014-04-01 13:10:10 3240 [Note] InnoDB: Waiting for purge to start
2014-04-01 13:10:10 3240 [Note] InnoDB: 5.6.13 started; log sequence number 2183703
2014-04-01 13:10:10 3240 [Note] Server hostname (bind-address): '*'; port: 3307
2014-04-01 13:10:10 3240 [Note] IPv6 is available.
2014-04-01 13:10:10 3240 [Note]   - '::' resolves to '::';
2014-04-01 13:10:10 3240 [Note] Server socket created on IP: '::'.
2014-04-01 13:10:14 3240 [Note] Event Scheduler: Loaded 0 events
2014-04-01 13:10:14 3240 [Note] H:\/mysql/bin/mysqld_usbwv8.exe: ready for connections.
Version: '5.6.13'  socket: ''  port: 3307  MySQL Community Server (GPL)
2014-04-01 13:19:58 7480 [Note] Plugin 'FEDERATED' is disabled.
2014-04-01 13:19:58 7480 [Note] InnoDB: The InnoDB memory heap is disabled
2014-04-01 13:19:58 7480 [Note] InnoDB: Mutexes and rw_locks use Windows interlocked functions
2014-04-01 13:19:58 7480 [Note] InnoDB: Compressed tables use zlib 1.2.3
2014-04-01 13:19:58 7480 [Note] InnoDB: Not using CPU crc32 instructions
2014-04-01 13:19:58 7480 [Note] InnoDB: Initializing buffer pool, size = 128.0M
2014-04-01 13:19:58 7480 [Note] InnoDB: Completed initialization of buffer pool
2014-04-01 13:19:58 7480 [Note] InnoDB: Highest supported file format is Barracuda.
2014-04-01 13:19:58 7480 [Note] InnoDB: The log sequence numbers 1626134 and 1626134 in ibdata files do not match the log sequence number 2183713 in the ib_logfiles!
2014-04-01 13:19:58 7480 [Note] InnoDB: Database was not shutdown normally!
2014-04-01 13:19:58 7480 [Note] InnoDB: Starting crash recovery.
2014-04-01 13:19:58 7480 [Note] InnoDB: Reading tablespace information from the .ibd files...
2014-04-01 13:19:58 7480 [Note] InnoDB: Restoring possible half-written data pages 
2014-04-01 13:19:58 7480 [Note] InnoDB: from the doublewrite buffer...
2014-04-01 13:19:59 7480 [Note] InnoDB: 128 rollback segment(s) are active.
2014-04-01 13:19:59 7480 [Note] InnoDB: Waiting for purge to start
2014-04-01 13:20:00 7480 [Note] InnoDB: 5.6.13 started; log sequence number 2183713
2014-04-01 13:20:00 7480 [Note] Server hostname (bind-address): '*'; port: 3307
2014-04-01 13:20:00 7480 [Note] IPv6 is available.
2014-04-01 13:20:00 7480 [Note]   - '::' resolves to '::';
2014-04-01 13:20:00 7480 [Note] Server socket created on IP: '::'.
2014-04-01 13:20:02 7480 [Note] Event Scheduler: Loaded 0 events
2014-04-01 13:20:02 7480 [Note] C:\Users\marcin.kuciak\Documents\aa_penserver/mysql/bin/mysqld_usbwv8.exe: ready for connections.
Version: '5.6.13'  socket: ''  port: 3307  MySQL Community Server (GPL)
2014-04-01 14:55:31 4880 [Note] Plugin 'FEDERATED' is disabled.
2014-04-01 14:55:31 4880 [Note] InnoDB: The InnoDB memory heap is disabled
2014-04-01 14:55:31 4880 [Note] InnoDB: Mutexes and rw_locks use Windows interlocked functions
2014-04-01 14:55:31 4880 [Note] InnoDB: Compressed tables use zlib 1.2.3
2014-04-01 14:55:31 4880 [Note] InnoDB: Not using CPU crc32 instructions
2014-04-01 14:55:31 4880 [Note] InnoDB: Initializing buffer pool, size = 128.0M
2014-04-01 14:55:31 4880 [Note] InnoDB: Completed initialization of buffer pool
2014-04-01 14:55:31 4880 [Note] InnoDB: Highest supported file format is Barracuda.
2014-04-01 14:55:31 4880 [Note] InnoDB: The log sequence numbers 1626134 and 1626134 in ibdata files do not match the log sequence number 2191078 in the ib_logfiles!
2014-04-01 14:55:31 4880 [Note] InnoDB: Database was not shutdown normally!
2014-04-01 14:55:31 4880 [Note] InnoDB: Starting crash recovery.
2014-04-01 14:55:31 4880 [Note] InnoDB: Reading tablespace information from the .ibd files...
2014-04-01 14:55:31 4880 [Note] InnoDB: Restoring possible half-written data pages 
2014-04-01 14:55:31 4880 [Note] InnoDB: from the doublewrite buffer...
2014-04-01 14:55:32 4880 [Note] InnoDB: 128 rollback segment(s) are active.
2014-04-01 14:55:32 4880 [Note] InnoDB: Waiting for purge to start
2014-04-01 14:55:32 4880 [Note] InnoDB: 5.6.13 started; log sequence number 2191078
2014-04-01 14:55:32 4880 [Note] Server hostname (bind-address): '*'; port: 3307
2014-04-01 14:55:32 4880 [Note] IPv6 is available.
2014-04-01 14:55:32 4880 [Note]   - '::' resolves to '::';
2014-04-01 14:55:32 4880 [Note] Server socket created on IP: '::'.
2014-04-01 14:55:33 4880 [Note] Event Scheduler: Loaded 0 events
2014-04-01 14:55:33 4880 [Note] C:\Users\marcin.kuciak\Documents\aa_penserver/mysql/bin/mysqld_usbwv8.exe: ready for connections.
Version: '5.6.13'  socket: ''  port: 3307  MySQL Community Server (GPL)
2014-04-01 14:58:30 4176 [Note] Plugin 'FEDERATED' is disabled.
2014-04-01 14:58:30 4176 [Note] InnoDB: The InnoDB memory heap is disabled
2014-04-01 14:58:30 4176 [Note] InnoDB: Mutexes and rw_locks use Windows interlocked functions
2014-04-01 14:58:30 4176 [Note] InnoDB: Compressed tables use zlib 1.2.3
2014-04-01 14:58:30 4176 [Note] InnoDB: Not using CPU crc32 instructions
2014-04-01 14:58:30 4176 [Note] InnoDB: Initializing buffer pool, size = 128.0M
2014-04-01 14:58:30 4176 [Note] InnoDB: Completed initialization of buffer pool
2014-04-01 14:58:30 4176 [Note] InnoDB: Highest supported file format is Barracuda.
2014-04-01 14:58:30 4176 [Note] InnoDB: The log sequence numbers 1626134 and 1626134 in ibdata files do not match the log sequence number 2191214 in the ib_logfiles!
2014-04-01 14:58:30 4176 [Note] InnoDB: Database was not shutdown normally!
2014-04-01 14:58:30 4176 [Note] InnoDB: Starting crash recovery.
2014-04-01 14:58:30 4176 [Note] InnoDB: Reading tablespace information from the .ibd files...
2014-04-01 14:58:30 4176 [Note] InnoDB: Restoring possible half-written data pages 
2014-04-01 14:58:30 4176 [Note] InnoDB: from the doublewrite buffer...
2014-04-01 14:58:31 4176 [Note] InnoDB: 128 rollback segment(s) are active.
2014-04-01 14:58:31 4176 [Note] InnoDB: Waiting for purge to start
2014-04-01 14:58:31 4176 [Note] InnoDB: 5.6.13 started; log sequence number 2191214
2014-04-01 14:58:31 4176 [Note] Server hostname (bind-address): '*'; port: 3307
2014-04-01 14:58:31 4176 [Note] IPv6 is available.
2014-04-01 14:58:31 4176 [Note]   - '::' resolves to '::';
2014-04-01 14:58:31 4176 [Note] Server socket created on IP: '::'.
2014-04-01 14:58:32 4176 [Note] Event Scheduler: Loaded 0 events
2014-04-01 14:58:32 4176 [Note] C:\Users\marcin.kuciak\Documents\aa_penserver/mysql/bin/mysqld_usbwv8.exe: ready for connections.
Version: '5.6.13'  socket: ''  port: 3307  MySQL Community Server (GPL)
2014-04-01 15:00:14 8316 [Note] Plugin 'FEDERATED' is disabled.
2014-04-01 15:00:14 8316 [Note] InnoDB: The InnoDB memory heap is disabled
2014-04-01 15:00:14 8316 [Note] InnoDB: Mutexes and rw_locks use Windows interlocked functions
2014-04-01 15:00:14 8316 [Note] InnoDB: Compressed tables use zlib 1.2.3
2014-04-01 15:00:14 8316 [Note] InnoDB: Not using CPU crc32 instructions
2014-04-01 15:00:14 8316 [Note] InnoDB: Initializing buffer pool, size = 128.0M
2014-04-01 15:00:14 8316 [Note] InnoDB: Completed initialization of buffer pool
2014-04-01 15:00:14 8316 [Note] InnoDB: Highest supported file format is Barracuda.
2014-04-01 15:00:14 8316 [Note] InnoDB: The log sequence numbers 1626134 and 1626134 in ibdata files do not match the log sequence number 2191224 in the ib_logfiles!
2014-04-01 15:00:14 8316 [Note] InnoDB: Database was not shutdown normally!
2014-04-01 15:00:14 8316 [Note] InnoDB: Starting crash recovery.
2014-04-01 15:00:14 8316 [Note] InnoDB: Reading tablespace information from the .ibd files...
2014-04-01 15:00:14 8316 [Note] InnoDB: Restoring possible half-written data pages 
2014-04-01 15:00:14 8316 [Note] InnoDB: from the doublewrite buffer...
2014-04-01 15:00:15 8316 [Note] InnoDB: 128 rollback segment(s) are active.
2014-04-01 15:00:15 8316 [Note] InnoDB: Waiting for purge to start
2014-04-01 15:00:15 8316 [Note] InnoDB: 5.6.13 started; log sequence number 2191224
2014-04-01 15:00:15 8316 [Note] Server hostname (bind-address): '*'; port: 3307
2014-04-01 15:00:15 8316 [Note] IPv6 is available.
2014-04-01 15:00:15 8316 [Note]   - '::' resolves to '::';
2014-04-01 15:00:15 8316 [Note] Server socket created on IP: '::'.
2014-04-01 15:00:15 8316 [Note] Event Scheduler: Loaded 0 events
2014-04-01 15:00:15 8316 [Note] C:\Users\marcin.kuciak\Documents\aa_penserver/mysql/bin/mysqld_usbwv8.exe: ready for connections.
Version: '5.6.13'  socket: ''  port: 3307  MySQL Community Server (GPL)
2014-04-01 15:02:12 7540 [Note] Plugin 'FEDERATED' is disabled.
2014-04-01 15:02:12 7540 [Note] InnoDB: The InnoDB memory heap is disabled
2014-04-01 15:02:12 7540 [Note] InnoDB: Mutexes and rw_locks use Windows interlocked functions
2014-04-01 15:02:12 7540 [Note] InnoDB: Compressed tables use zlib 1.2.3
2014-04-01 15:02:12 7540 [Note] InnoDB: Not using CPU crc32 instructions
2014-04-01 15:02:12 7540 [Note] InnoDB: Initializing buffer pool, size = 128.0M
2014-04-01 15:02:12 7540 [Note] InnoDB: Completed initialization of buffer pool
2014-04-01 15:02:12 7540 [Note] InnoDB: Highest supported file format is Barracuda.
2014-04-01 15:02:13 7540 [Note] InnoDB: The log sequence numbers 1626134 and 1626134 in ibdata files do not match the log sequence number 2191234 in the ib_logfiles!
2014-04-01 15:02:13 7540 [Note] InnoDB: Database was not shutdown normally!
2014-04-01 15:02:13 7540 [Note] InnoDB: Starting crash recovery.
2014-04-01 15:02:13 7540 [Note] InnoDB: Reading tablespace information from the .ibd files...
2014-04-01 15:02:13 7540 [Note] InnoDB: Restoring possible half-written data pages 
2014-04-01 15:02:13 7540 [Note] InnoDB: from the doublewrite buffer...
2014-04-01 15:02:13 7540 [Note] InnoDB: 128 rollback segment(s) are active.
2014-04-01 15:02:13 7540 [Note] InnoDB: Waiting for purge to start
2014-04-01 15:02:13 7540 [Note] InnoDB: 5.6.13 started; log sequence number 2191234
2014-04-01 15:02:13 7540 [Note] Server hostname (bind-address): '*'; port: 3307
2014-04-01 15:02:13 7540 [Note] IPv6 is available.
2014-04-01 15:02:13 7540 [Note]   - '::' resolves to '::';
2014-04-01 15:02:13 7540 [Note] Server socket created on IP: '::'.
2014-04-01 15:02:14 7540 [Note] Event Scheduler: Loaded 0 events
2014-04-01 15:02:14 7540 [Note] C:\Users\marcin.kuciak\Documents\aa_penserver/mysql/bin/mysqld_usbwv8.exe: ready for connections.
Version: '5.6.13'  socket: ''  port: 3307  MySQL Community Server (GPL)
2014-04-02 08:32:32 6996 [Note] Plugin 'FEDERATED' is disabled.
2014-04-02 08:32:32 6996 [Note] InnoDB: The InnoDB memory heap is disabled
2014-04-02 08:32:32 6996 [Note] InnoDB: Mutexes and rw_locks use Windows interlocked functions
2014-04-02 08:32:32 6996 [Note] InnoDB: Compressed tables use zlib 1.2.3
2014-04-02 08:32:33 6996 [Note] InnoDB: Not using CPU crc32 instructions
2014-04-02 08:32:33 6996 [Note] InnoDB: Initializing buffer pool, size = 128.0M
2014-04-02 08:32:33 6996 [Note] InnoDB: Completed initialization of buffer pool
2014-04-02 08:32:33 6996 [Note] InnoDB: Highest supported file format is Barracuda.
2014-04-02 08:32:33 6996 [Note] InnoDB: The log sequence numbers 1626134 and 1626134 in ibdata files do not match the log sequence number 2199867 in the ib_logfiles!
2014-04-02 08:32:33 6996 [Note] InnoDB: Database was not shutdown normally!
2014-04-02 08:32:33 6996 [Note] InnoDB: Starting crash recovery.
2014-04-02 08:32:33 6996 [Note] InnoDB: Reading tablespace information from the .ibd files...
2014-04-02 08:32:33 6996 [Note] InnoDB: Restoring possible half-written data pages 
2014-04-02 08:32:33 6996 [Note] InnoDB: from the doublewrite buffer...
2014-04-02 08:32:34 6996 [Note] InnoDB: 128 rollback segment(s) are active.
2014-04-02 08:32:34 6996 [Note] InnoDB: Waiting for purge to start
2014-04-02 08:32:34 6996 [Note] InnoDB: 5.6.13 started; log sequence number 2199867
2014-04-02 08:32:34 6996 [Note] Server hostname (bind-address): '*'; port: 3307
2014-04-02 08:32:34 6996 [Note] IPv6 is available.
2014-04-02 08:32:34 6996 [Note]   - '::' resolves to '::';
2014-04-02 08:32:34 6996 [Note] Server socket created on IP: '::'.
2014-04-02 08:32:35 6996 [Note] Event Scheduler: Loaded 0 events
2014-04-02 08:32:35 6996 [Note] C:\Users\marcin.kuciak\Documents\aa_penserver/mysql/bin/mysqld_usbwv8.exe: ready for connections.
Version: '5.6.13'  socket: ''  port: 3307  MySQL Community Server (GPL)
2014-04-02 10:26:43 3564 [Note] Plugin 'FEDERATED' is disabled.
2014-04-02 10:26:43 3564 [Note] InnoDB: The InnoDB memory heap is disabled
2014-04-02 10:26:43 3564 [Note] InnoDB: Mutexes and rw_locks use Windows interlocked functions
2014-04-02 10:26:43 3564 [Note] InnoDB: Compressed tables use zlib 1.2.3
2014-04-02 10:26:44 3564 [Note] InnoDB: Not using CPU crc32 instructions
2014-04-02 10:26:44 3564 [Note] InnoDB: Initializing buffer pool, size = 128.0M
2014-04-02 10:26:44 3564 [Note] InnoDB: Completed initialization of buffer pool
2014-04-02 10:26:44 3564 [Note] InnoDB: Highest supported file format is Barracuda.
2014-04-02 10:26:44 3564 [Note] InnoDB: The log sequence numbers 1626134 and 1626134 in ibdata files do not match the log sequence number 2251123 in the ib_logfiles!
2014-04-02 10:26:44 3564 [Note] InnoDB: Database was not shutdown normally!
2014-04-02 10:26:44 3564 [Note] InnoDB: Starting crash recovery.
2014-04-02 10:26:44 3564 [Note] InnoDB: Reading tablespace information from the .ibd files...
2014-04-02 10:26:44 3564 [Note] InnoDB: Restoring possible half-written data pages 
2014-04-02 10:26:44 3564 [Note] InnoDB: from the doublewrite buffer...
2014-04-02 10:26:49 3564 [Note] InnoDB: 128 rollback segment(s) are active.
2014-04-02 10:26:49 3564 [Note] InnoDB: Waiting for purge to start
2014-04-02 10:26:50 3564 [Note] InnoDB: 5.6.13 started; log sequence number 2251123
2014-04-02 10:26:52 3564 [Note] Server hostname (bind-address): '*'; port: 3307
2014-04-02 10:26:52 3564 [Note] IPv6 is available.
2014-04-02 10:26:52 3564 [Note]   - '::' resolves to '::';
2014-04-02 10:26:52 3564 [Note] Server socket created on IP: '::'.
2014-04-02 10:27:02 3564 [Note] Event Scheduler: Loaded 0 events
2014-04-02 10:27:02 3564 [Note] F:\/mysql/bin/mysqld_usbwv8.exe: ready for connections.
Version: '5.6.13'  socket: ''  port: 3307  MySQL Community Server (GPL)
2014-04-03 14:48:23 6696 [Note] Plugin 'FEDERATED' is disabled.
2014-04-03 14:48:23 6696 [Note] InnoDB: The InnoDB memory heap is disabled
2014-04-03 14:48:23 6696 [Note] InnoDB: Mutexes and rw_locks use Windows interlocked functions
2014-04-03 14:48:23 6696 [Note] InnoDB: Compressed tables use zlib 1.2.3
2014-04-03 14:48:23 6696 [Note] InnoDB: Not using CPU crc32 instructions
2014-04-03 14:48:23 6696 [Note] InnoDB: Initializing buffer pool, size = 128.0M
2014-04-03 14:48:23 6696 [Note] InnoDB: Completed initialization of buffer pool
2014-04-03 14:48:23 6696 [Note] InnoDB: Highest supported file format is Barracuda.
2014-04-03 14:48:23 6696 [Note] InnoDB: The log sequence numbers 1626134 and 1626134 in ibdata files do not match the log sequence number 2254133 in the ib_logfiles!
2014-04-03 14:48:23 6696 [Note] InnoDB: Database was not shutdown normally!
2014-04-03 14:48:23 6696 [Note] InnoDB: Starting crash recovery.
2014-04-03 14:48:23 6696 [Note] InnoDB: Reading tablespace information from the .ibd files...
2014-04-03 14:48:24 6696 [Note] InnoDB: Restoring possible half-written data pages 
2014-04-03 14:48:24 6696 [Note] InnoDB: from the doublewrite buffer...
2014-04-03 14:48:25 6696 [Note] InnoDB: 128 rollback segment(s) are active.
2014-04-03 14:48:25 6696 [Note] InnoDB: Waiting for purge to start
2014-04-03 14:48:25 6696 [Note] InnoDB: 5.6.13 started; log sequence number 2254133
2014-04-03 14:48:25 6696 [Note] Server hostname (bind-address): '*'; port: 3307
2014-04-03 14:48:25 6696 [Note] IPv6 is available.
2014-04-03 14:48:25 6696 [Note]   - '::' resolves to '::';
2014-04-03 14:48:25 6696 [Note] Server socket created on IP: '::'.
2014-04-03 14:48:27 6696 [Note] Event Scheduler: Loaded 0 events
2014-04-03 14:48:27 6696 [Note] C:\Users\marcin.kuciak\Documents\aaz_penserver_copy/mysql/bin/mysqld_usbwv8.exe: ready for connections.
Version: '5.6.13'  socket: ''  port: 3307  MySQL Community Server (GPL)
2014-04-03 17:00:05 4156 [Note] Plugin 'FEDERATED' is disabled.
2014-04-03 17:00:05 4156 [Note] InnoDB: The InnoDB memory heap is disabled
2014-04-03 17:00:05 4156 [Note] InnoDB: Mutexes and rw_locks use Windows interlocked functions
2014-04-03 17:00:05 4156 [Note] InnoDB: Compressed tables use zlib 1.2.3
2014-04-03 17:00:05 4156 [Note] InnoDB: Not using CPU crc32 instructions
2014-04-03 17:00:05 4156 [Note] InnoDB: Initializing buffer pool, size = 128.0M
2014-04-03 17:00:05 4156 [Note] InnoDB: Completed initialization of buffer pool
2014-04-03 17:00:05 4156 [Note] InnoDB: Highest supported file format is Barracuda.
2014-04-03 17:00:05 4156 [Note] InnoDB: The log sequence numbers 1626134 and 1626134 in ibdata files do not match the log sequence number 2254280 in the ib_logfiles!
2014-04-03 17:00:05 4156 [Note] InnoDB: Database was not shutdown normally!
2014-04-03 17:00:05 4156 [Note] InnoDB: Starting crash recovery.
2014-04-03 17:00:05 4156 [Note] InnoDB: Reading tablespace information from the .ibd files...
2014-04-03 17:00:05 4156 [Note] InnoDB: Restoring possible half-written data pages 
2014-04-03 17:00:05 4156 [Note] InnoDB: from the doublewrite buffer...
2014-04-03 17:00:06 4156 [Note] InnoDB: 128 rollback segment(s) are active.
2014-04-03 17:00:06 4156 [Note] InnoDB: Waiting for purge to start
2014-04-03 17:00:06 4156 [Note] InnoDB: 5.6.13 started; log sequence number 2254280
2014-04-03 17:00:06 4156 [Note] Server hostname (bind-address): '*'; port: 3307
2014-04-03 17:00:06 4156 [Note] IPv6 is available.
2014-04-03 17:00:06 4156 [Note]   - '::' resolves to '::';
2014-04-03 17:00:06 4156 [Note] Server socket created on IP: '::'.
2014-04-03 17:00:07 4156 [Note] Event Scheduler: Loaded 0 events
2014-04-03 17:00:07 4156 [Note] C:\Users\marcin.kuciak\Documents\aaz_penserver_copy/mysql/bin/mysqld_usbwv8.exe: ready for connections.
Version: '5.6.13'  socket: ''  port: 3307  MySQL Community Server (GPL)
2014-04-09 10:34:06 6384 [Note] Plugin 'FEDERATED' is disabled.
2014-04-09 10:34:06 6384 [Note] InnoDB: The InnoDB memory heap is disabled
2014-04-09 10:34:06 6384 [Note] InnoDB: Mutexes and rw_locks use Windows interlocked functions
2014-04-09 10:34:06 6384 [Note] InnoDB: Compressed tables use zlib 1.2.3
2014-04-09 10:34:06 6384 [Note] InnoDB: Not using CPU crc32 instructions
2014-04-09 10:34:06 6384 [Note] InnoDB: Initializing buffer pool, size = 128.0M
2014-04-09 10:34:06 6384 [Note] InnoDB: Completed initialization of buffer pool
2014-04-09 10:34:06 6384 [Note] InnoDB: Highest supported file format is Barracuda.
2014-04-09 10:34:06 6384 [Note] InnoDB: The log sequence numbers 1626134 and 1626134 in ibdata files do not match the log sequence number 2259433 in the ib_logfiles!
2014-04-09 10:34:06 6384 [Note] InnoDB: Database was not shutdown normally!
2014-04-09 10:34:06 6384 [Note] InnoDB: Starting crash recovery.
2014-04-09 10:34:06 6384 [Note] InnoDB: Reading tablespace information from the .ibd files...
2014-04-09 10:34:06 6384 [Note] InnoDB: Restoring possible half-written data pages 
2014-04-09 10:34:06 6384 [Note] InnoDB: from the doublewrite buffer...
2014-04-09 10:34:08 6384 [Note] InnoDB: 128 rollback segment(s) are active.
2014-04-09 10:34:08 6384 [Note] InnoDB: Waiting for purge to start
2014-04-09 10:34:08 6384 [Note] InnoDB: 5.6.13 started; log sequence number 2259433
2014-04-09 10:34:08 6384 [Note] Server hostname (bind-address): '*'; port: 3307
2014-04-09 10:34:08 6384 [Note] IPv6 is available.
2014-04-09 10:34:08 6384 [Note]   - '::' resolves to '::';
2014-04-09 10:34:08 6384 [Note] Server socket created on IP: '::'.
2014-04-09 10:34:11 6384 [Note] Event Scheduler: Loaded 0 events
2014-04-09 10:34:11 6384 [Note] C:\Users\marcin.kuciak\Documents\aaz_penserver_copy/mysql/bin/mysqld_usbwv8.exe: ready for connections.
Version: '5.6.13'  socket: ''  port: 3307  MySQL Community Server (GPL)
2014-04-16 14:25:40 3432 [Note] Plugin 'FEDERATED' is disabled.
2014-04-16 14:25:40 3432 [Note] InnoDB: The InnoDB memory heap is disabled
2014-04-16 14:25:40 3432 [Note] InnoDB: Mutexes and rw_locks use Windows interlocked functions
2014-04-16 14:25:40 3432 [Note] InnoDB: Compressed tables use zlib 1.2.3
2014-04-16 14:25:40 3432 [Note] InnoDB: Not using CPU crc32 instructions
2014-04-16 14:25:40 3432 [Note] InnoDB: Initializing buffer pool, size = 128.0M
2014-04-16 14:25:40 3432 [Note] InnoDB: Completed initialization of buffer pool
2014-04-16 14:25:40 3432 [Note] InnoDB: Highest supported file format is Barracuda.
2014-04-16 14:25:40 3432 [Note] InnoDB: The log sequence numbers 1626134 and 1626134 in ibdata files do not match the log sequence number 2262991 in the ib_logfiles!
2014-04-16 14:25:40 3432 [Note] InnoDB: Database was not shutdown normally!
2014-04-16 14:25:40 3432 [Note] InnoDB: Starting crash recovery.
2014-04-16 14:25:40 3432 [Note] InnoDB: Reading tablespace information from the .ibd files...
2014-04-16 14:25:41 3432 [Note] InnoDB: Restoring possible half-written data pages 
2014-04-16 14:25:41 3432 [Note] InnoDB: from the doublewrite buffer...
2014-04-16 14:25:42 3432 [Note] InnoDB: 128 rollback segment(s) are active.
2014-04-16 14:25:42 3432 [Note] InnoDB: Waiting for purge to start
2014-04-16 14:25:42 3432 [Note] InnoDB: 5.6.13 started; log sequence number 2262991
2014-04-16 14:25:42 3432 [Note] Server hostname (bind-address): '*'; port: 3307
2014-04-16 14:25:42 3432 [Note] IPv6 is available.
2014-04-16 14:25:42 3432 [Note]   - '::' resolves to '::';
2014-04-16 14:25:42 3432 [Note] Server socket created on IP: '::'.
2014-04-16 14:25:44 3432 [Note] Event Scheduler: Loaded 0 events
2014-04-16 14:25:44 3432 [Note] C:\Users\marcin.kuciak\Documents\aaa_aukcje\aaz_penserver_copy - Kopia/mysql/bin/mysqld_usbwv8.exe: ready for connections.
Version: '5.6.13'  socket: ''  port: 3307  MySQL Community Server (GPL)
2014-04-28 11:47:21 8168 [Note] Plugin 'FEDERATED' is disabled.
2014-04-28 11:47:23 8168 [Note] InnoDB: The InnoDB memory heap is disabled
2014-04-28 11:47:23 8168 [Note] InnoDB: Mutexes and rw_locks use Windows interlocked functions
2014-04-28 11:47:23 8168 [Note] InnoDB: Compressed tables use zlib 1.2.3
2014-04-28 11:47:24 8168 [Note] InnoDB: Not using CPU crc32 instructions
2014-04-28 11:47:24 8168 [Note] InnoDB: Initializing buffer pool, size = 128.0M
2014-04-28 11:47:25 8168 [Note] InnoDB: Completed initialization of buffer pool
2014-04-28 11:47:28 8168 [Note] InnoDB: Highest supported file format is Barracuda.
2014-04-28 11:47:28 8168 [Note] InnoDB: The log sequence numbers 1626134 and 1626134 in ibdata files do not match the log sequence number 2263001 in the ib_logfiles!
2014-04-28 11:47:28 8168 [Note] InnoDB: Database was not shutdown normally!
2014-04-28 11:47:28 8168 [Note] InnoDB: Starting crash recovery.
2014-04-28 11:47:28 8168 [Note] InnoDB: Reading tablespace information from the .ibd files...
2014-04-28 11:47:30 8168 [Note] InnoDB: Restoring possible half-written data pages 
2014-04-28 11:47:30 8168 [Note] InnoDB: from the doublewrite buffer...
2014-04-28 11:47:36 8168 [Note] InnoDB: 128 rollback segment(s) are active.
2014-04-28 11:47:36 8168 [Note] InnoDB: Waiting for purge to start
2014-04-28 11:47:36 8168 [Note] InnoDB: 5.6.13 started; log sequence number 2263001
2014-04-28 11:47:36 8168 [Note] Server hostname (bind-address): '*'; port: 3307
2014-04-28 11:47:36 8168 [Note] IPv6 is available.
2014-04-28 11:47:36 8168 [Note]   - '::' resolves to '::';
2014-04-28 11:47:36 8168 [Note] Server socket created on IP: '::'.
2014-04-28 11:47:42 8168 [Note] Event Scheduler: Loaded 0 events
2014-04-28 11:47:42 8168 [Note] C:\Users\marcin.kuciak\Documents\aaa_aukcje\aaz_penserver_copy - Kopia/mysql/bin/mysqld_usbwv8.exe: ready for connections.
Version: '5.6.13'  socket: ''  port: 3307  MySQL Community Server (GPL)
2014-04-28 11:58:20 11800 [Note] Plugin 'FEDERATED' is disabled.
2014-04-28 11:58:20 11800 [Note] InnoDB: The InnoDB memory heap is disabled
2014-04-28 11:58:20 11800 [Note] InnoDB: Mutexes and rw_locks use Windows interlocked functions
2014-04-28 11:58:20 11800 [Note] InnoDB: Compressed tables use zlib 1.2.3
2014-04-28 11:58:20 11800 [Note] InnoDB: Not using CPU crc32 instructions
2014-04-28 11:58:20 11800 [Note] InnoDB: Initializing buffer pool, size = 128.0M
2014-04-28 11:58:20 11800 [Note] InnoDB: Completed initialization of buffer pool
2014-04-28 11:58:20 11800 [Note] InnoDB: Highest supported file format is Barracuda.
2014-04-28 11:58:20 11800 [Note] InnoDB: The log sequence numbers 1626134 and 1626134 in ibdata files do not match the log sequence number 2271784 in the ib_logfiles!
2014-04-28 11:58:20 11800 [Note] InnoDB: Database was not shutdown normally!
2014-04-28 11:58:20 11800 [Note] InnoDB: Starting crash recovery.
2014-04-28 11:58:20 11800 [Note] InnoDB: Reading tablespace information from the .ibd files...
2014-04-28 11:58:20 11800 [Note] InnoDB: Restoring possible half-written data pages 
2014-04-28 11:58:20 11800 [Note] InnoDB: from the doublewrite buffer...
2014-04-28 11:58:21 11800 [Note] InnoDB: 128 rollback segment(s) are active.
2014-04-28 11:58:21 11800 [Note] InnoDB: Waiting for purge to start
2014-04-28 11:58:21 11800 [Note] InnoDB: 5.6.13 started; log sequence number 2271784
2014-04-28 11:58:21 11800 [Note] Server hostname (bind-address): '*'; port: 3307
2014-04-28 11:58:21 11800 [Note] IPv6 is available.
2014-04-28 11:58:21 11800 [Note]   - '::' resolves to '::';
2014-04-28 11:58:21 11800 [Note] Server socket created on IP: '::'.
2014-04-28 11:58:21 11800 [Note] Event Scheduler: Loaded 0 events
2014-04-28 11:58:21 11800 [Note] C:\Users\marcin.kuciak\Documents\aaa_aukcje\aaz_penserver_copy - Kopia/mysql/bin/mysqld_usbwv8.exe: ready for connections.
Version: '5.6.13'  socket: ''  port: 3307  MySQL Community Server (GPL)
2014-04-28 12:01:42 3928 [Note] Plugin 'FEDERATED' is disabled.
2014-04-28 12:01:42 3928 [Note] InnoDB: The InnoDB memory heap is disabled
2014-04-28 12:01:42 3928 [Note] InnoDB: Mutexes and rw_locks use Windows interlocked functions
2014-04-28 12:01:42 3928 [Note] InnoDB: Compressed tables use zlib 1.2.3
2014-04-28 12:01:42 3928 [Note] InnoDB: Not using CPU crc32 instructions
2014-04-28 12:01:42 3928 [Note] InnoDB: Initializing buffer pool, size = 128.0M
2014-04-28 12:01:42 3928 [Note] InnoDB: Completed initialization of buffer pool
2014-04-28 12:01:42 3928 [Note] InnoDB: Highest supported file format is Barracuda.
2014-04-28 12:01:42 3928 [Note] InnoDB: The log sequence numbers 1626134 and 1626134 in ibdata files do not match the log sequence number 2271794 in the ib_logfiles!
2014-04-28 12:01:42 3928 [Note] InnoDB: Database was not shutdown normally!
2014-04-28 12:01:42 3928 [Note] InnoDB: Starting crash recovery.
2014-04-28 12:01:42 3928 [Note] InnoDB: Reading tablespace information from the .ibd files...
2014-04-28 12:01:43 3928 [Note] InnoDB: Restoring possible half-written data pages 
2014-04-28 12:01:43 3928 [Note] InnoDB: from the doublewrite buffer...
2014-04-28 12:01:43 3928 [Note] InnoDB: 128 rollback segment(s) are active.
2014-04-28 12:01:43 3928 [Note] InnoDB: Waiting for purge to start
2014-04-28 12:01:43 3928 [Note] InnoDB: 5.6.13 started; log sequence number 2271794
2014-04-28 12:01:43 3928 [Note] Server hostname (bind-address): '*'; port: 3307
2014-04-28 12:01:43 3928 [Note] IPv6 is available.
2014-04-28 12:01:43 3928 [Note]   - '::' resolves to '::';
2014-04-28 12:01:43 3928 [Note] Server socket created on IP: '::'.
2014-04-28 12:01:44 3928 [Note] Event Scheduler: Loaded 0 events
2014-04-28 12:01:44 3928 [Note] C:\Users\marcin.kuciak\Documents\aaa_aukcje\aaa_aukcja z pozycjami do kopiowania/mysql/bin/mysqld_usbwv8.exe: ready for connections.
Version: '5.6.13'  socket: ''  port: 3307  MySQL Community Server (GPL)
2014-04-30 14:27:28 9088 [Note] Plugin 'FEDERATED' is disabled.
2014-04-30 14:27:28 9088 [Note] InnoDB: The InnoDB memory heap is disabled
2014-04-30 14:27:28 9088 [Note] InnoDB: Mutexes and rw_locks use Windows interlocked functions
2014-04-30 14:27:28 9088 [Note] InnoDB: Compressed tables use zlib 1.2.3
2014-04-30 14:27:28 9088 [Note] InnoDB: Not using CPU crc32 instructions
2014-04-30 14:27:28 9088 [Note] InnoDB: Initializing buffer pool, size = 128.0M
2014-04-30 14:27:28 9088 [Note] InnoDB: Completed initialization of buffer pool
2014-04-30 14:27:28 9088 [Note] InnoDB: Highest supported file format is Barracuda.
2014-04-30 14:27:28 9088 [Note] InnoDB: The log sequence numbers 1626134 and 1626134 in ibdata files do not match the log sequence number 2271804 in the ib_logfiles!
2014-04-30 14:27:28 9088 [Note] InnoDB: Database was not shutdown normally!
2014-04-30 14:27:28 9088 [Note] InnoDB: Starting crash recovery.
2014-04-30 14:27:28 9088 [Note] InnoDB: Reading tablespace information from the .ibd files...
2014-04-30 14:27:29 9088 [Note] InnoDB: Restoring possible half-written data pages 
2014-04-30 14:27:29 9088 [Note] InnoDB: from the doublewrite buffer...
2014-04-30 14:27:40 9088 [Note] InnoDB: 128 rollback segment(s) are active.
2014-04-30 14:27:40 9088 [Note] InnoDB: Waiting for purge to start
2014-04-30 14:27:40 9088 [Note] InnoDB: 5.6.13 started; log sequence number 2271804
2014-04-30 14:27:40 9088 [Note] Server hostname (bind-address): '*'; port: 3307
2014-04-30 14:27:40 9088 [Note] IPv6 is available.
2014-04-30 14:27:40 9088 [Note]   - '::' resolves to '::';
2014-04-30 14:27:40 9088 [Note] Server socket created on IP: '::'.
2014-04-30 14:27:43 9088 [Note] Event Scheduler: Loaded 0 events
2014-04-30 14:27:43 9088 [Note] C:\Users\marcin.kuciak\Documents\aaa_aukcje\aaa_aukcja z pozycjami do kopiowania/mysql/bin/mysqld_usbwv8.exe: ready for connections.
Version: '5.6.13'  socket: ''  port: 3307  MySQL Community Server (GPL)
2014-05-05 15:16:11 5216 [Note] Plugin 'FEDERATED' is disabled.
2014-05-05 15:16:11 5216 [Note] InnoDB: The InnoDB memory heap is disabled
2014-05-05 15:16:11 5216 [Note] InnoDB: Mutexes and rw_locks use Windows interlocked functions
2014-05-05 15:16:11 5216 [Note] InnoDB: Compressed tables use zlib 1.2.3
2014-05-05 15:16:11 5216 [Note] InnoDB: Not using CPU crc32 instructions
2014-05-05 15:16:11 5216 [Note] InnoDB: Initializing buffer pool, size = 128.0M
2014-05-05 15:16:11 5216 [Note] InnoDB: Completed initialization of buffer pool
2014-05-05 15:16:11 5216 [Note] InnoDB: Highest supported file format is Barracuda.
2014-05-05 15:16:11 5216 [Note] InnoDB: The log sequence numbers 1626134 and 1626134 in ibdata files do not match the log sequence number 2273388 in the ib_logfiles!
2014-05-05 15:16:11 5216 [Note] InnoDB: Database was not shutdown normally!
2014-05-05 15:16:11 5216 [Note] InnoDB: Starting crash recovery.
2014-05-05 15:16:11 5216 [Note] InnoDB: Reading tablespace information from the .ibd files...
2014-05-05 15:16:12 5216 [Note] InnoDB: Restoring possible half-written data pages 
2014-05-05 15:16:12 5216 [Note] InnoDB: from the doublewrite buffer...
2014-05-05 15:16:13 5216 [Note] InnoDB: 128 rollback segment(s) are active.
2014-05-05 15:16:13 5216 [Note] InnoDB: Waiting for purge to start
2014-05-05 15:16:13 5216 [Note] InnoDB: 5.6.13 started; log sequence number 2273388
2014-05-05 15:16:13 5216 [Note] Server hostname (bind-address): '*'; port: 3307
2014-05-05 15:16:13 5216 [Note] IPv6 is available.
2014-05-05 15:16:13 5216 [Note]   - '::' resolves to '::';
2014-05-05 15:16:13 5216 [Note] Server socket created on IP: '::'.
2014-05-05 15:16:20 5216 [Note] Event Scheduler: Loaded 0 events
2014-05-05 15:16:20 5216 [Note] C:\Users\marcin.kuciak\Documents\aaa_aukcje\aaa_aukcja z pozycjami do kopiowania/mysql/bin/mysqld_usbwv8.exe: ready for connections.
Version: '5.6.13'  socket: ''  port: 3307  MySQL Community Server (GPL)
2014-05-07 12:53:03 8484 [Note] Plugin 'FEDERATED' is disabled.
2014-05-07 12:53:03 8484 [Note] InnoDB: The InnoDB memory heap is disabled
2014-05-07 12:53:03 8484 [Note] InnoDB: Mutexes and rw_locks use Windows interlocked functions
2014-05-07 12:53:03 8484 [Note] InnoDB: Compressed tables use zlib 1.2.3
2014-05-07 12:53:03 8484 [Note] InnoDB: Not using CPU crc32 instructions
2014-05-07 12:53:03 8484 [Note] InnoDB: Initializing buffer pool, size = 128.0M
2014-05-07 12:53:03 8484 [Note] InnoDB: Completed initialization of buffer pool
2014-05-07 12:53:04 8484 [Note] InnoDB: Highest supported file format is Barracuda.
2014-05-07 12:53:04 8484 [Note] InnoDB: The log sequence numbers 1626134 and 1626134 in ibdata files do not match the log sequence number 2273408 in the ib_logfiles!
2014-05-07 12:53:04 8484 [Note] InnoDB: Database was not shutdown normally!
2014-05-07 12:53:04 8484 [Note] InnoDB: Starting crash recovery.
2014-05-07 12:53:04 8484 [Note] InnoDB: Reading tablespace information from the .ibd files...
2014-05-07 12:53:07 8484 [Note] InnoDB: Restoring possible half-written data pages 
2014-05-07 12:53:07 8484 [Note] InnoDB: from the doublewrite buffer...
2014-05-07 12:53:22 8484 [Note] InnoDB: 128 rollback segment(s) are active.
2014-05-07 12:53:22 8484 [Note] InnoDB: Waiting for purge to start
2014-05-07 12:53:22 8484 [Note] InnoDB: 5.6.13 started; log sequence number 2273408
2014-05-07 12:53:23 8484 [Note] Server hostname (bind-address): '*'; port: 3307
2014-05-07 12:53:23 8484 [Note] IPv6 is available.
2014-05-07 12:53:23 8484 [Note]   - '::' resolves to '::';
2014-05-07 12:53:23 8484 [Note] Server socket created on IP: '::'.
2014-05-07 12:53:27 8484 [Note] Event Scheduler: Loaded 0 events
2014-05-07 12:53:27 8484 [Note] C:\Users\marcin.kuciak\Documents\aaa_aukcje\aaa_aukcja z pozycjami do kopiowania/mysql/bin/mysqld_usbwv8.exe: ready for connections.
Version: '5.6.13'  socket: ''  port: 3307  MySQL Community Server (GPL)
2014-06-24 09:15:21 5876 [Note] Plugin 'FEDERATED' is disabled.
2014-06-24 09:15:21 5876 [Note] InnoDB: The InnoDB memory heap is disabled
2014-06-24 09:15:21 5876 [Note] InnoDB: Mutexes and rw_locks use Windows interlocked functions
2014-06-24 09:15:21 5876 [Note] InnoDB: Compressed tables use zlib 1.2.3
2014-06-24 09:15:21 5876 [Note] InnoDB: Not using CPU crc32 instructions
2014-06-24 09:15:21 5876 [Note] InnoDB: Initializing buffer pool, size = 128.0M
2014-06-24 09:15:22 5876 [Note] InnoDB: Completed initialization of buffer pool
2014-06-24 09:15:22 5876 [Note] InnoDB: Highest supported file format is Barracuda.
2014-06-24 09:15:22 5876 [Note] InnoDB: The log sequence numbers 1626134 and 1626134 in ibdata files do not match the log sequence number 2273418 in the ib_logfiles!
2014-06-24 09:15:22 5876 [Note] InnoDB: Database was not shutdown normally!
2014-06-24 09:15:22 5876 [Note] InnoDB: Starting crash recovery.
2014-06-24 09:15:22 5876 [Note] InnoDB: Reading tablespace information from the .ibd files...
2014-06-24 09:15:22 5876 [Note] InnoDB: Restoring possible half-written data pages 
2014-06-24 09:15:22 5876 [Note] InnoDB: from the doublewrite buffer...
2014-06-24 09:15:23 5876 [Note] InnoDB: 128 rollback segment(s) are active.
2014-06-24 09:15:23 5876 [Note] InnoDB: Waiting for purge to start
2014-06-24 09:15:23 5876 [Note] InnoDB: 5.6.13 started; log sequence number 2273418
2014-06-24 09:15:23 5876 [Note] Server hostname (bind-address): '*'; port: 3307
2014-06-24 09:15:23 5876 [Note] IPv6 is available.
2014-06-24 09:15:23 5876 [Note]   - '::' resolves to '::';
2014-06-24 09:15:23 5876 [Note] Server socket created on IP: '::'.
2014-06-24 09:15:24 5876 [Note] Event Scheduler: Loaded 0 events
2014-06-24 09:15:24 5876 [Note] C:\Users\marcin.kuciak\Documents\aaa_aukcje\aaa_aukcja z pozycjami do kopiowania/mysql/bin/mysqld_usbwv8.exe: ready for connections.
Version: '5.6.13'  socket: ''  port: 3307  MySQL Community Server (GPL)
2014-09-26 14:08:47 416 [Note] Plugin 'FEDERATED' is disabled.
2014-09-26 14:08:47 416 [Note] InnoDB: The InnoDB memory heap is disabled
2014-09-26 14:08:47 416 [Note] InnoDB: Mutexes and rw_locks use Windows interlocked functions
2014-09-26 14:08:47 416 [Note] InnoDB: Compressed tables use zlib 1.2.3
2014-09-26 14:08:47 416 [Note] InnoDB: Not using CPU crc32 instructions
2014-09-26 14:08:47 416 [Note] InnoDB: Initializing buffer pool, size = 128.0M
2014-09-26 14:08:47 416 [Note] InnoDB: Completed initialization of buffer pool
2014-09-26 14:08:47 416 [Note] InnoDB: Highest supported file format is Barracuda.
2014-09-26 14:08:47 416 [Note] InnoDB: The log sequence numbers 1626134 and 1626134 in ibdata files do not match the log sequence number 2273428 in the ib_logfiles!
2014-09-26 14:08:47 416 [Note] InnoDB: Database was not shutdown normally!
2014-09-26 14:08:47 416 [Note] InnoDB: Starting crash recovery.
2014-09-26 14:08:47 416 [Note] InnoDB: Reading tablespace information from the .ibd files...
2014-09-26 14:08:48 416 [Note] InnoDB: Restoring possible half-written data pages 
2014-09-26 14:08:48 416 [Note] InnoDB: from the doublewrite buffer...
2014-09-26 14:08:49 416 [Note] InnoDB: 128 rollback segment(s) are active.
2014-09-26 14:08:49 416 [Note] InnoDB: Waiting for purge to start
2014-09-26 14:08:49 416 [Note] InnoDB: 5.6.13 started; log sequence number 2273428
2014-09-26 14:08:49 416 [Note] Server hostname (bind-address): '*'; port: 3307
2014-09-26 14:08:49 416 [Note] IPv6 is available.
2014-09-26 14:08:49 416 [Note]   - '::' resolves to '::';
2014-09-26 14:08:49 416 [Note] Server socket created on IP: '::'.
2014-09-26 14:08:51 416 [Note] Event Scheduler: Loaded 0 events
2014-09-26 14:08:51 416 [Note] C:\Users\marcin.kuciak\Documents\aaa_aukcje\aaa_aukcja z pozycjami do kopiowania/mysql/bin/mysqld_usbwv8.exe: ready for connections.
Version: '5.6.13'  socket: ''  port: 3307  MySQL Community Server (GPL)
2014-09-30 16:08:32 6472 [Note] Plugin 'FEDERATED' is disabled.
2014-09-30 16:08:32 6472 [Note] InnoDB: The InnoDB memory heap is disabled
2014-09-30 16:08:32 6472 [Note] InnoDB: Mutexes and rw_locks use Windows interlocked functions
2014-09-30 16:08:32 6472 [Note] InnoDB: Compressed tables use zlib 1.2.3
2014-09-30 16:08:32 6472 [Note] InnoDB: Not using CPU crc32 instructions
2014-09-30 16:08:32 6472 [Note] InnoDB: Initializing buffer pool, size = 128.0M
2014-09-30 16:08:32 6472 [Note] InnoDB: Completed initialization of buffer pool
2014-09-30 16:08:33 6472 [Note] InnoDB: Highest supported file format is Barracuda.
2014-09-30 16:08:33 6472 [Note] InnoDB: The log sequence numbers 1626134 and 1626134 in ibdata files do not match the log sequence number 2298695 in the ib_logfiles!
2014-09-30 16:08:33 6472 [Note] InnoDB: Database was not shutdown normally!
2014-09-30 16:08:33 6472 [Note] InnoDB: Starting crash recovery.
2014-09-30 16:08:33 6472 [Note] InnoDB: Reading tablespace information from the .ibd files...
2014-09-30 16:08:33 6472 [Note] InnoDB: Restoring possible half-written data pages 
2014-09-30 16:08:33 6472 [Note] InnoDB: from the doublewrite buffer...
2014-09-30 16:08:35 6472 [Note] InnoDB: 128 rollback segment(s) are active.
2014-09-30 16:08:35 6472 [Note] InnoDB: Waiting for purge to start
2014-09-30 16:08:35 6472 [Note] InnoDB: 5.6.13 started; log sequence number 2298695
2014-09-30 16:08:35 6472 [Note] Server hostname (bind-address): '*'; port: 3307
2014-09-30 16:08:35 6472 [Note] IPv6 is available.
2014-09-30 16:08:35 6472 [Note]   - '::' resolves to '::';
2014-09-30 16:08:35 6472 [Note] Server socket created on IP: '::'.
2014-09-30 16:08:47 6472 [Note] Event Scheduler: Loaded 0 events
2014-09-30 16:08:47 6472 [Note] C:\Users\marcin.kuciak\Documents\aaa_aukcje\aaa_aukcja z pozycjami do kopiowania/mysql/bin/mysqld_usbwv8.exe: ready for connections.
Version: '5.6.13'  socket: ''  port: 3307  MySQL Community Server (GPL)
2014-10-01 10:19:08 6312 [Note] Plugin 'FEDERATED' is disabled.
2014-10-01 10:19:08 6312 [Note] InnoDB: The InnoDB memory heap is disabled
2014-10-01 10:19:08 6312 [Note] InnoDB: Mutexes and rw_locks use Windows interlocked functions
2014-10-01 10:19:08 6312 [Note] InnoDB: Compressed tables use zlib 1.2.3
2014-10-01 10:19:08 6312 [Note] InnoDB: Not using CPU crc32 instructions
2014-10-01 10:19:08 6312 [Note] InnoDB: Initializing buffer pool, size = 128.0M
2014-10-01 10:19:08 6312 [Note] InnoDB: Completed initialization of buffer pool
2014-10-01 10:19:08 6312 [Note] InnoDB: Highest supported file format is Barracuda.
2014-10-01 10:19:08 6312 [Note] InnoDB: The log sequence numbers 1626134 and 1626134 in ibdata files do not match the log sequence number 2298705 in the ib_logfiles!
2014-10-01 10:19:08 6312 [Note] InnoDB: Database was not shutdown normally!
2014-10-01 10:19:08 6312 [Note] InnoDB: Starting crash recovery.
2014-10-01 10:19:08 6312 [Note] InnoDB: Reading tablespace information from the .ibd files...
2014-10-01 10:19:08 6312 [Note] InnoDB: Restoring possible half-written data pages 
2014-10-01 10:19:08 6312 [Note] InnoDB: from the doublewrite buffer...
2014-10-01 10:19:10 6312 [Note] InnoDB: 128 rollback segment(s) are active.
2014-10-01 10:19:10 6312 [Note] InnoDB: Waiting for purge to start
2014-10-01 10:19:10 6312 [Note] InnoDB: 5.6.13 started; log sequence number 2298705
2014-10-01 10:19:10 6312 [Note] Server hostname (bind-address): '*'; port: 3307
2014-10-01 10:19:10 6312 [Note] IPv6 is available.
2014-10-01 10:19:10 6312 [Note]   - '::' resolves to '::';
2014-10-01 10:19:10 6312 [Note] Server socket created on IP: '::'.
2014-10-01 10:19:11 6312 [Note] Event Scheduler: Loaded 0 events
2014-10-01 10:19:11 6312 [Note] C:\Users\marcin.kuciak\Documents\aaa_aukcje\aaa_aukcja z pozycjami i domiary - master/mysql/bin/mysqld_usbwv8.exe: ready for connections.
Version: '5.6.13'  socket: ''  port: 3307  MySQL Community Server (GPL)
2014-10-01 10:39:00 9312 [Note] Plugin 'FEDERATED' is disabled.
2014-10-01 10:39:00 9312 [Note] InnoDB: The InnoDB memory heap is disabled
2014-10-01 10:39:00 9312 [Note] InnoDB: Mutexes and rw_locks use Windows interlocked functions
2014-10-01 10:39:00 9312 [Note] InnoDB: Compressed tables use zlib 1.2.3
2014-10-01 10:39:00 9312 [Note] InnoDB: Not using CPU crc32 instructions
2014-10-01 10:39:00 9312 [Note] InnoDB: Initializing buffer pool, size = 128.0M
2014-10-01 10:39:00 9312 [Note] InnoDB: Completed initialization of buffer pool
2014-10-01 10:39:00 9312 [Note] InnoDB: Highest supported file format is Barracuda.
2014-10-01 10:39:01 9312 [Note] InnoDB: The log sequence numbers 1626134 and 1626134 in ibdata files do not match the log sequence number 2301085 in the ib_logfiles!
2014-10-01 10:39:01 9312 [Note] InnoDB: Database was not shutdown normally!
2014-10-01 10:39:01 9312 [Note] InnoDB: Starting crash recovery.
2014-10-01 10:39:01 9312 [Note] InnoDB: Reading tablespace information from the .ibd files...
2014-10-01 10:39:01 9312 [Note] InnoDB: Restoring possible half-written data pages 
2014-10-01 10:39:01 9312 [Note] InnoDB: from the doublewrite buffer...
2014-10-01 10:39:02 9312 [Note] InnoDB: 128 rollback segment(s) are active.
2014-10-01 10:39:02 9312 [Note] InnoDB: Waiting for purge to start
2014-10-01 10:39:02 9312 [Note] InnoDB: 5.6.13 started; log sequence number 2301085
2014-10-01 10:39:02 9312 [Note] Server hostname (bind-address): '*'; port: 3307
2014-10-01 10:39:02 9312 [Note] IPv6 is available.
2014-10-01 10:39:02 9312 [Note]   - '::' resolves to '::';
2014-10-01 10:39:02 9312 [Note] Server socket created on IP: '::'.
2014-10-01 10:39:03 9312 [Note] Event Scheduler: Loaded 0 events
2014-10-01 10:39:03 9312 [Note] C:\Users\marcin.kuciak\Documents\aaa_aukcje\aaa_aukcja z pozycjami i domiary - master/mysql/bin/mysqld_usbwv8.exe: ready for connections.
Version: '5.6.13'  socket: ''  port: 3307  MySQL Community Server (GPL)
2014-11-06 14:58:26 7156 [Note] Plugin 'FEDERATED' is disabled.
2014-11-06 14:58:27 7156 [Note] InnoDB: The InnoDB memory heap is disabled
2014-11-06 14:58:27 7156 [Note] InnoDB: Mutexes and rw_locks use Windows interlocked functions
2014-11-06 14:58:27 7156 [Note] InnoDB: Compressed tables use zlib 1.2.3
2014-11-06 14:58:27 7156 [Note] InnoDB: Not using CPU crc32 instructions
2014-11-06 14:58:27 7156 [Note] InnoDB: Initializing buffer pool, size = 128.0M
2014-11-06 14:58:27 7156 [Note] InnoDB: Completed initialization of buffer pool
2014-11-06 14:58:29 7156 [Note] InnoDB: Highest supported file format is Barracuda.
2014-11-06 14:58:29 7156 [Note] InnoDB: The log sequence numbers 1626134 and 1626134 in ibdata files do not match the log sequence number 2308986 in the ib_logfiles!
2014-11-06 14:58:29 7156 [Note] InnoDB: Database was not shutdown normally!
2014-11-06 14:58:29 7156 [Note] InnoDB: Starting crash recovery.
2014-11-06 14:58:29 7156 [Note] InnoDB: Reading tablespace information from the .ibd files...
2014-11-06 14:58:35 7156 [Note] InnoDB: Restoring possible half-written data pages 
2014-11-06 14:58:35 7156 [Note] InnoDB: from the doublewrite buffer...
2014-11-06 14:58:44 7156 [Note] InnoDB: 128 rollback segment(s) are active.
2014-11-06 14:58:44 7156 [Note] InnoDB: Waiting for purge to start
2014-11-06 14:58:44 7156 [Note] InnoDB: 5.6.13 started; log sequence number 2308986
2014-11-06 14:58:44 7156 [Note] Server hostname (bind-address): '*'; port: 3307
2014-11-06 14:58:44 7156 [Note] IPv6 is available.
2014-11-06 14:58:44 7156 [Note]   - '::' resolves to '::';
2014-11-06 14:58:44 7156 [Note] Server socket created on IP: '::'.
2014-11-06 14:58:59 7156 [Note] Event Scheduler: Loaded 0 events
2014-11-06 14:58:59 7156 [Note] C:\Users\marcin.kuciak\Documents\aaa_aukcje\aaa_aukcja z pozycjami i domiary - SR/mysql/bin/mysqld_usbwv8.exe: ready for connections.
Version: '5.6.13'  socket: ''  port: 3307  MySQL Community Server (GPL)
2014-11-06 15:14:52 3916 [Note] Plugin 'FEDERATED' is disabled.
2014-11-06 15:14:52 3916 [Note] InnoDB: The InnoDB memory heap is disabled
2014-11-06 15:14:52 3916 [Note] InnoDB: Mutexes and rw_locks use Windows interlocked functions
2014-11-06 15:14:52 3916 [Note] InnoDB: Compressed tables use zlib 1.2.3
2014-11-06 15:14:52 3916 [Note] InnoDB: Not using CPU crc32 instructions
2014-11-06 15:14:52 3916 [Note] InnoDB: Initializing buffer pool, size = 128.0M
2014-11-06 15:14:52 3916 [Note] InnoDB: Completed initialization of buffer pool
2014-11-06 15:14:52 3916 [Note] InnoDB: Highest supported file format is Barracuda.
2014-11-06 15:14:52 3916 [Note] InnoDB: The log sequence numbers 1626134 and 1626134 in ibdata files do not match the log sequence number 2308996 in the ib_logfiles!
2014-11-06 15:14:52 3916 [Note] InnoDB: Database was not shutdown normally!
2014-11-06 15:14:52 3916 [Note] InnoDB: Starting crash recovery.
2014-11-06 15:14:52 3916 [Note] InnoDB: Reading tablespace information from the .ibd files...
2014-11-06 15:14:53 3916 [Note] InnoDB: Restoring possible half-written data pages 
2014-11-06 15:14:53 3916 [Note] InnoDB: from the doublewrite buffer...
2014-11-06 15:14:55 3916 [Note] InnoDB: 128 rollback segment(s) are active.
2014-11-06 15:14:55 3916 [Note] InnoDB: Waiting for purge to start
2014-11-06 15:14:55 3916 [Note] InnoDB: 5.6.13 started; log sequence number 2308996
2014-11-06 15:14:55 3916 [Note] Server hostname (bind-address): '*'; port: 3307
2014-11-06 15:14:55 3916 [Note] IPv6 is available.
2014-11-06 15:14:55 3916 [Note]   - '::' resolves to '::';
2014-11-06 15:14:55 3916 [Note] Server socket created on IP: '::'.
2014-11-06 15:15:14 3916 [Note] Event Scheduler: Loaded 0 events
2014-11-06 15:15:14 3916 [Note] C:\Users\marcin.kuciak\Documents\aaa_aukcje\aaa_aukcja z pozycjami i domiary - SR/mysql/bin/mysqld_usbwv8.exe: ready for connections.
Version: '5.6.13'  socket: ''  port: 3307  MySQL Community Server (GPL)
2014-11-24 09:11:33 6584 [Note] Plugin 'FEDERATED' is disabled.
2014-11-24 09:11:33 6584 [Note] InnoDB: The InnoDB memory heap is disabled
2014-11-24 09:11:33 6584 [Note] InnoDB: Mutexes and rw_locks use Windows interlocked functions
2014-11-24 09:11:33 6584 [Note] InnoDB: Compressed tables use zlib 1.2.3
2014-11-24 09:11:33 6584 [Note] InnoDB: Not using CPU crc32 instructions
2014-11-24 09:11:33 6584 [Note] InnoDB: Initializing buffer pool, size = 128.0M
2014-11-24 09:11:33 6584 [Note] InnoDB: Completed initialization of buffer pool
2014-11-24 09:11:34 6584 [Note] InnoDB: Highest supported file format is Barracuda.
2014-11-24 09:11:34 6584 [Note] InnoDB: The log sequence numbers 1626134 and 1626134 in ibdata files do not match the log sequence number 2314470 in the ib_logfiles!
2014-11-24 09:11:34 6584 [Note] InnoDB: Database was not shutdown normally!
2014-11-24 09:11:34 6584 [Note] InnoDB: Starting crash recovery.
2014-11-24 09:11:34 6584 [Note] InnoDB: Reading tablespace information from the .ibd files...
2014-11-24 09:11:36 6584 [Note] InnoDB: Restoring possible half-written data pages 
2014-11-24 09:11:36 6584 [Note] InnoDB: from the doublewrite buffer...
2014-11-24 09:11:39 6584 [Note] InnoDB: 128 rollback segment(s) are active.
2014-11-24 09:11:39 6584 [Note] InnoDB: Waiting for purge to start
2014-11-24 09:11:39 6584 [Note] InnoDB: 5.6.13 started; log sequence number 2314470
2014-11-24 09:11:39 6584 [Note] Server hostname (bind-address): '*'; port: 3307
2014-11-24 09:11:39 6584 [Note] IPv6 is available.
2014-11-24 09:11:39 6584 [Note]   - '::' resolves to '::';
2014-11-24 09:11:39 6584 [Note] Server socket created on IP: '::'.
2014-11-24 09:11:53 6584 [Note] Event Scheduler: Loaded 0 events
2014-11-24 09:11:53 6584 [Note] C:\Users\marcin.kuciak\Documents\aaa_aukcje\aaa_aukcja z pozycjami i domiary - SR/mysql/bin/mysqld_usbwv8.exe: ready for connections.
Version: '5.6.13'  socket: ''  port: 3307  MySQL Community Server (GPL)
2014-11-24 11:22:01 6740 [Note] Plugin 'FEDERATED' is disabled.
2014-11-24 11:22:01 6740 [Note] InnoDB: The InnoDB memory heap is disabled
2014-11-24 11:22:01 6740 [Note] InnoDB: Mutexes and rw_locks use Windows interlocked functions
2014-11-24 11:22:01 6740 [Note] InnoDB: Compressed tables use zlib 1.2.3
2014-11-24 11:22:01 6740 [Note] InnoDB: Not using CPU crc32 instructions
2014-11-24 11:22:01 6740 [Note] InnoDB: Initializing buffer pool, size = 128.0M
2014-11-24 11:22:01 6740 [Note] InnoDB: Completed initialization of buffer pool
2014-11-24 11:22:01 6740 [Note] InnoDB: Highest supported file format is Barracuda.
2014-11-24 11:22:01 6740 [Note] InnoDB: The log sequence numbers 1626134 and 1626134 in ibdata files do not match the log sequence number 2351362 in the ib_logfiles!
2014-11-24 11:22:01 6740 [Note] InnoDB: Database was not shutdown normally!
2014-11-24 11:22:01 6740 [Note] InnoDB: Starting crash recovery.
2014-11-24 11:22:01 6740 [Note] InnoDB: Reading tablespace information from the .ibd files...
2014-11-24 11:22:01 6740 [Note] InnoDB: Restoring possible half-written data pages 
2014-11-24 11:22:01 6740 [Note] InnoDB: from the doublewrite buffer...
2014-11-24 11:22:10 6740 [Note] InnoDB: 128 rollback segment(s) are active.
2014-11-24 11:22:10 6740 [Note] InnoDB: Waiting for purge to start
2014-11-24 11:22:10 6740 [Note] InnoDB: 5.6.13 started; log sequence number 2351362
2014-11-24 11:22:10 6740 [Note] Server hostname (bind-address): '*'; port: 3307
2014-11-24 11:22:10 6740 [Note] IPv6 is available.
2014-11-24 11:22:10 6740 [Note]   - '::' resolves to '::';
2014-11-24 11:22:10 6740 [Note] Server socket created on IP: '::'.
2014-11-24 11:22:20 6740 [Note] Event Scheduler: Loaded 0 events
2014-11-24 11:22:20 6740 [Note] C:\Users\marcin.kuciak\Documents\aaa_aukcje\aaa_aukcja z pozycjami i domiary - SR/mysql/bin/mysqld_usbwv8.exe: ready for connections.
Version: '5.6.13'  socket: ''  port: 3307  MySQL Community Server (GPL)
2014-11-25 08:49:28 7348 [Note] Plugin 'FEDERATED' is disabled.
2014-11-25 08:49:28 7348 [Note] InnoDB: The InnoDB memory heap is disabled
2014-11-25 08:49:28 7348 [Note] InnoDB: Mutexes and rw_locks use Windows interlocked functions
2014-11-25 08:49:28 7348 [Note] InnoDB: Compressed tables use zlib 1.2.3
2014-11-25 08:49:28 7348 [Note] InnoDB: Not using CPU crc32 instructions
2014-11-25 08:49:28 7348 [Note] InnoDB: Initializing buffer pool, size = 128.0M
2014-11-25 08:49:28 7348 [Note] InnoDB: Completed initialization of buffer pool
2014-11-25 08:49:29 7348 [Note] InnoDB: Highest supported file format is Barracuda.
2014-11-25 08:49:29 7348 [Note] InnoDB: The log sequence numbers 1626134 and 1626134 in ibdata files do not match the log sequence number 2352412 in the ib_logfiles!
2014-11-25 08:49:29 7348 [Note] InnoDB: Database was not shutdown normally!
2014-11-25 08:49:29 7348 [Note] InnoDB: Starting crash recovery.
2014-11-25 08:49:29 7348 [Note] InnoDB: Reading tablespace information from the .ibd files...
2014-11-25 08:49:29 7348 [Note] InnoDB: Restoring possible half-written data pages 
2014-11-25 08:49:29 7348 [Note] InnoDB: from the doublewrite buffer...
2014-11-25 08:49:32 7348 [Note] InnoDB: 128 rollback segment(s) are active.
2014-11-25 08:49:32 7348 [Note] InnoDB: Waiting for purge to start
2014-11-25 08:49:32 7348 [Note] InnoDB: 5.6.13 started; log sequence number 2352412
2014-11-25 08:49:32 7348 [Note] Server hostname (bind-address): '*'; port: 3307
2014-11-25 08:49:32 7348 [Note] IPv6 is available.
2014-11-25 08:49:32 7348 [Note]   - '::' resolves to '::';
2014-11-25 08:49:32 7348 [Note] Server socket created on IP: '::'.
2014-11-25 08:49:36 7348 [Note] Event Scheduler: Loaded 0 events
2014-11-25 08:49:36 7348 [Note] C:\Users\marcin.kuciak\Documents\aaa_aukcje\aaa_aukcja z pozycjami i domiary - SR/mysql/bin/mysqld_usbwv8.exe: ready for connections.
Version: '5.6.13'  socket: ''  port: 3307  MySQL Community Server (GPL)
2014-11-26 10:00:02 9592 [Note] Plugin 'FEDERATED' is disabled.
2014-11-26 10:00:02 9592 [Note] InnoDB: The InnoDB memory heap is disabled
2014-11-26 10:00:02 9592 [Note] InnoDB: Mutexes and rw_locks use Windows interlocked functions
2014-11-26 10:00:02 9592 [Note] InnoDB: Compressed tables use zlib 1.2.3
2014-11-26 10:00:02 9592 [Note] InnoDB: Not using CPU crc32 instructions
2014-11-26 10:00:02 9592 [Note] InnoDB: Initializing buffer pool, size = 128.0M
2014-11-26 10:00:02 9592 [Note] InnoDB: Completed initialization of buffer pool
2014-11-26 10:00:02 9592 [Note] InnoDB: Highest supported file format is Barracuda.
2014-11-26 10:00:02 9592 [Note] InnoDB: The log sequence numbers 1626134 and 1626134 in ibdata files do not match the log sequence number 2399558 in the ib_logfiles!
2014-11-26 10:00:02 9592 [Note] InnoDB: Database was not shutdown normally!
2014-11-26 10:00:02 9592 [Note] InnoDB: Starting crash recovery.
2014-11-26 10:00:02 9592 [Note] InnoDB: Reading tablespace information from the .ibd files...
2014-11-26 10:00:02 9592 [Note] InnoDB: Restoring possible half-written data pages 
2014-11-26 10:00:02 9592 [Note] InnoDB: from the doublewrite buffer...
2014-11-26 10:00:04 9592 [Note] InnoDB: 128 rollback segment(s) are active.
2014-11-26 10:00:04 9592 [Note] InnoDB: Waiting for purge to start
2014-11-26 10:00:04 9592 [Note] InnoDB: 5.6.13 started; log sequence number 2399558
2014-11-26 10:00:05 9592 [Note] Server hostname (bind-address): '*'; port: 3307
2014-11-26 10:00:05 9592 [Note] IPv6 is available.
2014-11-26 10:00:05 9592 [Note]   - '::' resolves to '::';
2014-11-26 10:00:05 9592 [Note] Server socket created on IP: '::'.
2014-11-26 10:00:39 9592 [Note] Event Scheduler: Loaded 0 events
2014-11-26 10:00:39 9592 [Note] C:\Users\marcin.kuciak\Documents\aaa_aukcje\aaa_aukcja z pozycjami i domiary - SR/mysql/bin/mysqld_usbwv8.exe: ready for connections.
Version: '5.6.13'  socket: ''  port: 3307  MySQL Community Server (GPL)
2015-02-18 12:50:09 6140 [Note] Plugin 'FEDERATED' is disabled.
2015-02-18 12:50:09 6140 [Note] InnoDB: The InnoDB memory heap is disabled
2015-02-18 12:50:09 6140 [Note] InnoDB: Mutexes and rw_locks use Windows interlocked functions
2015-02-18 12:50:09 6140 [Note] InnoDB: Compressed tables use zlib 1.2.3
2015-02-18 12:50:09 6140 [Note] InnoDB: Not using CPU crc32 instructions
2015-02-18 12:50:09 6140 [Note] InnoDB: Initializing buffer pool, size = 128.0M
2015-02-18 12:50:09 6140 [Note] InnoDB: Completed initialization of buffer pool
2015-02-18 12:50:09 6140 [Note] InnoDB: Highest supported file format is Barracuda.
2015-02-18 12:50:09 6140 [Note] InnoDB: The log sequence numbers 1626134 and 1626134 in ibdata files do not match the log sequence number 2399704 in the ib_logfiles!
2015-02-18 12:50:09 6140 [Note] InnoDB: Database was not shutdown normally!
2015-02-18 12:50:09 6140 [Note] InnoDB: Starting crash recovery.
2015-02-18 12:50:09 6140 [Note] InnoDB: Reading tablespace information from the .ibd files...
2015-02-18 12:50:09 6140 [Note] InnoDB: Restoring possible half-written data pages 
2015-02-18 12:50:09 6140 [Note] InnoDB: from the doublewrite buffer...
2015-02-18 12:50:10 6140 [Note] InnoDB: 128 rollback segment(s) are active.
2015-02-18 12:50:10 6140 [Note] InnoDB: Waiting for purge to start
2015-02-18 12:50:10 6140 [Note] InnoDB: 5.6.13 started; log sequence number 2399704
2015-02-18 12:50:10 6140 [Note] Server hostname (bind-address): '*'; port: 3307
2015-02-18 12:50:10 6140 [Note] IPv6 is available.
2015-02-18 12:50:10 6140 [Note]   - '::' resolves to '::';
2015-02-18 12:50:10 6140 [Note] Server socket created on IP: '::'.
2015-02-18 12:50:13 6140 [Note] Event Scheduler: Loaded 0 events
2015-02-18 12:50:13 6140 [Note] C:\Users\marcin.kuciak\Documents\aaa_aukcje\aaa_aukcja z pozycjami i domiary - SR/mysql/bin/mysqld_usbwv8.exe: ready for connections.
Version: '5.6.13'  socket: ''  port: 3307  MySQL Community Server (GPL)
2015-02-18 13:34:06 12024 [Note] Plugin 'FEDERATED' is disabled.
2015-02-18 13:34:06 12024 [Note] InnoDB: The InnoDB memory heap is disabled
2015-02-18 13:34:06 12024 [Note] InnoDB: Mutexes and rw_locks use Windows interlocked functions
2015-02-18 13:34:06 12024 [Note] InnoDB: Compressed tables use zlib 1.2.3
2015-02-18 13:34:06 12024 [Note] InnoDB: Not using CPU crc32 instructions
2015-02-18 13:34:06 12024 [Note] InnoDB: Initializing buffer pool, size = 128.0M
2015-02-18 13:34:06 12024 [Note] InnoDB: Completed initialization of buffer pool
2015-02-18 13:34:06 12024 [Note] InnoDB: Highest supported file format is Barracuda.
2015-02-18 13:34:06 12024 [Note] InnoDB: The log sequence numbers 1626134 and 1626134 in ibdata files do not match the log sequence number 2399724 in the ib_logfiles!
2015-02-18 13:34:06 12024 [Note] InnoDB: Database was not shutdown normally!
2015-02-18 13:34:06 12024 [Note] InnoDB: Starting crash recovery.
2015-02-18 13:34:06 12024 [Note] InnoDB: Reading tablespace information from the .ibd files...
2015-02-18 13:34:06 12024 [Note] InnoDB: Restoring possible half-written data pages 
2015-02-18 13:34:06 12024 [Note] InnoDB: from the doublewrite buffer...
2015-02-18 13:34:07 12024 [Note] InnoDB: 128 rollback segment(s) are active.
2015-02-18 13:34:08 12024 [Note] InnoDB: Waiting for purge to start
2015-02-18 13:34:08 12024 [Note] InnoDB: 5.6.13 started; log sequence number 2399724
2015-02-18 13:34:08 12024 [Note] Server hostname (bind-address): '*'; port: 3307
2015-02-18 13:34:08 12024 [Note] IPv6 is available.
2015-02-18 13:34:08 12024 [Note]   - '::' resolves to '::';
2015-02-18 13:34:08 12024 [Note] Server socket created on IP: '::'.
2015-02-18 13:34:08 12024 [Note] Event Scheduler: Loaded 0 events
2015-02-18 13:34:08 12024 [Note] C:\Users\marcin.kuciak\Documents\aaa_aukcje\aaa_aukcja z pozycjami i domiary - SR - Kopia/mysql/bin/mysqld_usbwv8.exe: ready for connections.
Version: '5.6.13'  socket: ''  port: 3307  MySQL Community Server (GPL)
2015-02-19 16:11:40 10100 [Note] Plugin 'FEDERATED' is disabled.
2015-02-19 16:11:40 10100 [Note] InnoDB: The InnoDB memory heap is disabled
2015-02-19 16:11:40 10100 [Note] InnoDB: Mutexes and rw_locks use Windows interlocked functions
2015-02-19 16:11:40 10100 [Note] InnoDB: Compressed tables use zlib 1.2.3
2015-02-19 16:11:40 10100 [Note] InnoDB: Not using CPU crc32 instructions
2015-02-19 16:11:40 10100 [Note] InnoDB: Initializing buffer pool, size = 128.0M
2015-02-19 16:11:40 10100 [Note] InnoDB: Completed initialization of buffer pool
2015-02-19 16:11:40 10100 [Note] InnoDB: Highest supported file format is Barracuda.
2015-02-19 16:11:40 10100 [Note] InnoDB: The log sequence numbers 1626134 and 1626134 in ibdata files do not match the log sequence number 2450185 in the ib_logfiles!
2015-02-19 16:11:40 10100 [Note] InnoDB: Database was not shutdown normally!
2015-02-19 16:11:40 10100 [Note] InnoDB: Starting crash recovery.
2015-02-19 16:11:40 10100 [Note] InnoDB: Reading tablespace information from the .ibd files...
2015-02-19 16:11:41 10100 [Note] InnoDB: Restoring possible half-written data pages 
2015-02-19 16:11:41 10100 [Note] InnoDB: from the doublewrite buffer...
2015-02-19 16:11:42 10100 [Note] InnoDB: 128 rollback segment(s) are active.
2015-02-19 16:11:42 10100 [Note] InnoDB: Waiting for purge to start
2015-02-19 16:11:42 10100 [Note] InnoDB: 5.6.13 started; log sequence number 2450185
2015-02-19 16:11:43 10100 [Note] Server hostname (bind-address): '*'; port: 3307
2015-02-19 16:11:43 10100 [Note] IPv6 is available.
2015-02-19 16:11:43 10100 [Note]   - '::' resolves to '::';
2015-02-19 16:11:43 10100 [Note] Server socket created on IP: '::'.
2015-02-19 16:11:47 10100 [Note] Event Scheduler: Loaded 0 events
2015-02-19 16:11:47 10100 [Note] C:\Users\marcin.kuciak\Documents\aaa_aukcje\aaa_aukcja_pozycje_domiary_kolory_/mysql/bin/mysqld_usbwv8.exe: ready for connections.
Version: '5.6.13'  socket: ''  port: 3307  MySQL Community Server (GPL)
2015-02-19 16:15:00 11408 [Note] Plugin 'FEDERATED' is disabled.
2015-02-19 16:15:00 11408 [Note] InnoDB: The InnoDB memory heap is disabled
2015-02-19 16:15:00 11408 [Note] InnoDB: Mutexes and rw_locks use Windows interlocked functions
2015-02-19 16:15:00 11408 [Note] InnoDB: Compressed tables use zlib 1.2.3
2015-02-19 16:15:00 11408 [Note] InnoDB: Not using CPU crc32 instructions
2015-02-19 16:15:00 11408 [Note] InnoDB: Initializing buffer pool, size = 128.0M
2015-02-19 16:15:00 11408 [Note] InnoDB: Completed initialization of buffer pool
2015-02-19 16:15:00 11408 [Note] InnoDB: Highest supported file format is Barracuda.
2015-02-19 16:15:00 11408 [Note] InnoDB: The log sequence numbers 1626134 and 1626134 in ibdata files do not match the log sequence number 2455389 in the ib_logfiles!
2015-02-19 16:15:00 11408 [Note] InnoDB: Database was not shutdown normally!
2015-02-19 16:15:00 11408 [Note] InnoDB: Starting crash recovery.
2015-02-19 16:15:00 11408 [Note] InnoDB: Reading tablespace information from the .ibd files...
2015-02-19 16:15:00 11408 [Note] InnoDB: Restoring possible half-written data pages 
2015-02-19 16:15:00 11408 [Note] InnoDB: from the doublewrite buffer...
2015-02-19 16:15:01 11408 [Note] InnoDB: 128 rollback segment(s) are active.
2015-02-19 16:15:01 11408 [Note] InnoDB: Waiting for purge to start
2015-02-19 16:15:01 11408 [Note] InnoDB: 5.6.13 started; log sequence number 2455389
2015-02-19 16:15:01 11408 [Note] Server hostname (bind-address): '*'; port: 3307
2015-02-19 16:15:01 11408 [Note] IPv6 is available.
2015-02-19 16:15:01 11408 [Note]   - '::' resolves to '::';
2015-02-19 16:15:01 11408 [Note] Server socket created on IP: '::'.
2015-02-19 16:15:01 11408 [Note] Event Scheduler: Loaded 0 events
2015-02-19 16:15:01 11408 [Note] C:\Users\marcin.kuciak\Documents\aaa_aukcje\aaa_aukcja_pozycje_domiary_kolory_/mysql/bin/mysqld_usbwv8.exe: ready for connections.
Version: '5.6.13'  socket: ''  port: 3307  MySQL Community Server (GPL)
2015-02-19 16:40:42 5464 [Note] Plugin 'FEDERATED' is disabled.
2015-02-19 16:40:42 5464 [Note] InnoDB: The InnoDB memory heap is disabled
2015-02-19 16:40:42 5464 [Note] InnoDB: Mutexes and rw_locks use Windows interlocked functions
2015-02-19 16:40:42 5464 [Note] InnoDB: Compressed tables use zlib 1.2.3
2015-02-19 16:40:42 5464 [Note] InnoDB: Not using CPU crc32 instructions
2015-02-19 16:40:42 5464 [Note] InnoDB: Initializing buffer pool, size = 128.0M
2015-02-19 16:40:42 5464 [Note] InnoDB: Completed initialization of buffer pool
2015-02-19 16:40:42 5464 [Note] InnoDB: Highest supported file format is Barracuda.
2015-02-19 16:40:42 5464 [Note] InnoDB: The log sequence numbers 1626134 and 1626134 in ibdata files do not match the log sequence number 2455989 in the ib_logfiles!
2015-02-19 16:40:42 5464 [Note] InnoDB: Database was not shutdown normally!
2015-02-19 16:40:42 5464 [Note] InnoDB: Starting crash recovery.
2015-02-19 16:40:42 5464 [Note] InnoDB: Reading tablespace information from the .ibd files...
2015-02-19 16:40:42 5464 [Note] InnoDB: Restoring possible half-written data pages 
2015-02-19 16:40:42 5464 [Note] InnoDB: from the doublewrite buffer...
2015-02-19 16:40:43 5464 [Note] InnoDB: 128 rollback segment(s) are active.
2015-02-19 16:40:43 5464 [Note] InnoDB: Waiting for purge to start
2015-02-19 16:40:43 5464 [Note] InnoDB: 5.6.13 started; log sequence number 2455989
2015-02-19 16:40:43 5464 [Note] Server hostname (bind-address): '*'; port: 3307
2015-02-19 16:40:43 5464 [Note] IPv6 is available.
2015-02-19 16:40:43 5464 [Note]   - '::' resolves to '::';
2015-02-19 16:40:43 5464 [Note] Server socket created on IP: '::'.
2015-02-19 16:40:43 5464 [Note] Event Scheduler: Loaded 0 events
2015-02-19 16:40:43 5464 [Note] C:\Users\marcin.kuciak\Documents\aaa_aukcje\aaa_aukcja_pozycje_domiary_kolory_/mysql/bin/mysqld_usbwv8.exe: ready for connections.
Version: '5.6.13'  socket: ''  port: 3307  MySQL Community Server (GPL)
2015-02-19 16:50:08 10864 [Note] Plugin 'FEDERATED' is disabled.
2015-02-19 16:50:08 10864 [Note] InnoDB: The InnoDB memory heap is disabled
2015-02-19 16:50:08 10864 [Note] InnoDB: Mutexes and rw_locks use Windows interlocked functions
2015-02-19 16:50:08 10864 [Note] InnoDB: Compressed tables use zlib 1.2.3
2015-02-19 16:50:08 10864 [Note] InnoDB: Not using CPU crc32 instructions
2015-02-19 16:50:08 10864 [Note] InnoDB: Initializing buffer pool, size = 128.0M
2015-02-19 16:50:08 10864 [Note] InnoDB: Completed initialization of buffer pool
2015-02-19 16:50:08 10864 [Note] InnoDB: Highest supported file format is Barracuda.
2015-02-19 16:50:08 10864 [Note] InnoDB: The log sequence numbers 1626134 and 1626134 in ibdata files do not match the log sequence number 2456175 in the ib_logfiles!
2015-02-19 16:50:08 10864 [Note] InnoDB: Database was not shutdown normally!
2015-02-19 16:50:08 10864 [Note] InnoDB: Starting crash recovery.
2015-02-19 16:50:08 10864 [Note] InnoDB: Reading tablespace information from the .ibd files...
2015-02-19 16:50:09 10864 [Note] InnoDB: Restoring possible half-written data pages 
2015-02-19 16:50:09 10864 [Note] InnoDB: from the doublewrite buffer...
2015-02-19 16:50:10 10864 [Note] InnoDB: 128 rollback segment(s) are active.
2015-02-19 16:50:10 10864 [Note] InnoDB: Waiting for purge to start
2015-02-19 16:50:10 10864 [Note] InnoDB: 5.6.13 started; log sequence number 2456175
2015-02-19 16:50:10 10864 [Note] Server hostname (bind-address): '*'; port: 3307
2015-02-19 16:50:10 10864 [Note] IPv6 is available.
2015-02-19 16:50:10 10864 [Note]   - '::' resolves to '::';
2015-02-19 16:50:10 10864 [Note] Server socket created on IP: '::'.
2015-02-19 16:50:10 10864 [Note] Event Scheduler: Loaded 0 events
2015-02-19 16:50:10 10864 [Note] C:\Users\marcin.kuciak\Documents\aaa_aukcje\aaa_aukcja_pozycje_domiary_kolory_/mysql/bin/mysqld_usbwv8.exe: ready for connections.
Version: '5.6.13'  socket: ''  port: 3307  MySQL Community Server (GPL)
2015-02-19 17:39:08 8620 [Note] Plugin 'FEDERATED' is disabled.
2015-02-19 17:39:08 8620 [Note] InnoDB: The InnoDB memory heap is disabled
2015-02-19 17:39:08 8620 [Note] InnoDB: Mutexes and rw_locks use Windows interlocked functions
2015-02-19 17:39:08 8620 [Note] InnoDB: Compressed tables use zlib 1.2.3
2015-02-19 17:39:08 8620 [Note] InnoDB: Not using CPU crc32 instructions
2015-02-19 17:39:08 8620 [Note] InnoDB: Initializing buffer pool, size = 128.0M
2015-02-19 17:39:08 8620 [Note] InnoDB: Completed initialization of buffer pool
2015-02-19 17:39:08 8620 [Note] InnoDB: Highest supported file format is Barracuda.
2015-02-19 17:39:08 8620 [Note] InnoDB: The log sequence numbers 1626134 and 1626134 in ibdata files do not match the log sequence number 2456885 in the ib_logfiles!
2015-02-19 17:39:08 8620 [Note] InnoDB: Database was not shutdown normally!
2015-02-19 17:39:08 8620 [Note] InnoDB: Starting crash recovery.
2015-02-19 17:39:08 8620 [Note] InnoDB: Reading tablespace information from the .ibd files...
2015-02-19 17:39:08 8620 [Note] InnoDB: Restoring possible half-written data pages 
2015-02-19 17:39:08 8620 [Note] InnoDB: from the doublewrite buffer...
2015-02-19 17:39:09 8620 [Note] InnoDB: 128 rollback segment(s) are active.
2015-02-19 17:39:09 8620 [Note] InnoDB: Waiting for purge to start
2015-02-19 17:39:09 8620 [Note] InnoDB: 5.6.13 started; log sequence number 2456885
2015-02-19 17:39:09 8620 [Note] Server hostname (bind-address): '*'; port: 3307
2015-02-19 17:39:09 8620 [Note] IPv6 is available.
2015-02-19 17:39:09 8620 [Note]   - '::' resolves to '::';
2015-02-19 17:39:09 8620 [Note] Server socket created on IP: '::'.
2015-02-19 17:39:09 8620 [Note] Event Scheduler: Loaded 0 events
2015-02-19 17:39:09 8620 [Note] C:\Users\marcin.kuciak\Documents\aaa_aukcje\aaa_aukcja_pozycje_domiary_kolory_/mysql/bin/mysqld_usbwv8.exe: ready for connections.
Version: '5.6.13'  socket: ''  port: 3307  MySQL Community Server (GPL)
2015-02-19 17:41:22 6784 [Note] Plugin 'FEDERATED' is disabled.
2015-02-19 17:41:22 6784 [Note] InnoDB: The InnoDB memory heap is disabled
2015-02-19 17:41:22 6784 [Note] InnoDB: Mutexes and rw_locks use Windows interlocked functions
2015-02-19 17:41:22 6784 [Note] InnoDB: Compressed tables use zlib 1.2.3
2015-02-19 17:41:22 6784 [Note] InnoDB: Not using CPU crc32 instructions
2015-02-19 17:41:22 6784 [Note] InnoDB: Initializing buffer pool, size = 128.0M
2015-02-19 17:41:22 6784 [Note] InnoDB: Completed initialization of buffer pool
2015-02-19 17:41:22 6784 [Note] InnoDB: Highest supported file format is Barracuda.
2015-02-19 17:41:22 6784 [Note] InnoDB: The log sequence numbers 1626134 and 1626134 in ibdata files do not match the log sequence number 2456895 in the ib_logfiles!
2015-02-19 17:41:22 6784 [Note] InnoDB: Database was not shutdown normally!
2015-02-19 17:41:22 6784 [Note] InnoDB: Starting crash recovery.
2015-02-19 17:41:22 6784 [Note] InnoDB: Reading tablespace information from the .ibd files...
2015-02-19 17:41:22 6784 [Note] InnoDB: Restoring possible half-written data pages 
2015-02-19 17:41:22 6784 [Note] InnoDB: from the doublewrite buffer...
2015-02-19 17:41:23 6784 [Note] InnoDB: 128 rollback segment(s) are active.
2015-02-19 17:41:23 6784 [Note] InnoDB: Waiting for purge to start
2015-02-19 17:41:23 6784 [Note] InnoDB: 5.6.13 started; log sequence number 2456895
2015-02-19 17:41:23 6784 [Note] Server hostname (bind-address): '*'; port: 3307
2015-02-19 17:41:23 6784 [Note] IPv6 is available.
2015-02-19 17:41:23 6784 [Note]   - '::' resolves to '::';
2015-02-19 17:41:23 6784 [Note] Server socket created on IP: '::'.
2015-02-19 17:41:23 6784 [Note] Event Scheduler: Loaded 0 events
2015-02-19 17:41:23 6784 [Note] C:\Users\marcin.kuciak\Documents\aaa_aukcje\aaa_aukcja_pozycje_domiary_kolory_/mysql/bin/mysqld_usbwv8.exe: ready for connections.
Version: '5.6.13'  socket: ''  port: 3307  MySQL Community Server (GPL)
2015-02-20 09:35:14 6960 [Note] Plugin 'FEDERATED' is disabled.
2015-02-20 09:35:14 6960 [Note] InnoDB: The InnoDB memory heap is disabled
2015-02-20 09:35:14 6960 [Note] InnoDB: Mutexes and rw_locks use Windows interlocked functions
2015-02-20 09:35:14 6960 [Note] InnoDB: Compressed tables use zlib 1.2.3
2015-02-20 09:35:14 6960 [Note] InnoDB: Not using CPU crc32 instructions
2015-02-20 09:35:14 6960 [Note] InnoDB: Initializing buffer pool, size = 128.0M
2015-02-20 09:35:14 6960 [Note] InnoDB: Completed initialization of buffer pool
2015-02-20 09:35:17 6960 [Note] InnoDB: Highest supported file format is Barracuda.
2015-02-20 09:35:17 6960 [Note] InnoDB: The log sequence numbers 1626134 and 1626134 in ibdata files do not match the log sequence number 2456915 in the ib_logfiles!
2015-02-20 09:35:17 6960 [Note] InnoDB: Database was not shutdown normally!
2015-02-20 09:35:17 6960 [Note] InnoDB: Starting crash recovery.
2015-02-20 09:35:17 6960 [Note] InnoDB: Reading tablespace information from the .ibd files...
2015-02-20 09:35:17 6960 [Note] InnoDB: Restoring possible half-written data pages 
2015-02-20 09:35:17 6960 [Note] InnoDB: from the doublewrite buffer...
2015-02-20 09:35:19 6960 [Note] InnoDB: 128 rollback segment(s) are active.
2015-02-20 09:35:19 6960 [Note] InnoDB: Waiting for purge to start
2015-02-20 09:35:20 6960 [Note] InnoDB: 5.6.13 started; log sequence number 2456915
2015-02-20 09:35:20 6960 [Note] Server hostname (bind-address): '*'; port: 3307
2015-02-20 09:35:20 6960 [Note] IPv6 is available.
2015-02-20 09:35:20 6960 [Note]   - '::' resolves to '::';
2015-02-20 09:35:20 6960 [Note] Server socket created on IP: '::'.
2015-02-20 09:35:20 6960 [Note] Event Scheduler: Loaded 0 events
2015-02-20 09:35:20 6960 [Note] C:\Users\marcin.kuciak\Documents\aaa_aukcje\aaa_aukcja_pozycje_domiary_kolory_/mysql/bin/mysqld_usbwv8.exe: ready for connections.
Version: '5.6.13'  socket: ''  port: 3307  MySQL Community Server (GPL)
